#
# A fatal error has been detected by the Java Runtime Environment:
#
#  EXCEPTION_ACCESS_VIOLATION (0xc0000005) at pc=0x00007ff931c5eb0f, pid=18752, tid=17976
#
# JRE version: Java(TM) SE Runtime Environment (13.0.2+8) (build 13.0.2+8)
# Java VM: Java HotSpot(TM) 64-Bit Server VM (13.0.2+8, mixed mode, sharing, tiered, compressed oops, g1 gc, windows-amd64)
# Problematic frame:
# C  [WeWorkFinanceSdk.dll+0xeb0f]
#
# No core dump will be written. Minidumps are not enabled by default on client versions of Windows
#
# If you would like to submit a bug report, please visit:
#   http://bugreport.java.com/bugreport/crash.jsp
# The crash happened outside the Java Virtual Machine in native code.
# See problematic frame for where to report the bug.
#

---------------  S U M M A R Y ------------

Command Line: -agentlib:jdwp=transport=dt_socket,server=n,suspend=y,address=localhost:52189 -Dfile.encoding=UTF-8 com.ocrown.Demo

Host: Intel(R) Core(TM) i7-1065G7 CPU @ 1.30GHz, 8 cores, 15G,  Windows 10 , 64 bit Build 19041 (10.0.19041.782)
Time: Wed Jan 27 16:58:31 2021 中国标准时间 elapsed time: 11 seconds (0d 0h 0m 11s)

---------------  T H R E A D  ---------------

Current thread (0x00000208c7f86000):  JavaThread "main" [_thread_in_native, id=17976, stack(0x000000d95cd00000,0x000000d95ce00000)]

Stack: [0x000000d95cd00000,0x000000d95ce00000],  sp=0x000000d95cdfeee0,  free space=1019k
Native frames: (J=compiled Java code, j=interpreted, Vv=VM code, C=native code)
C  [WeWorkFinanceSdk.dll+0xeb0f]

Java frames: (J=compiled Java code, j=interpreted, Vv=VM code)
j  com.tencent.wework.Finance.DecryptData(JLjava/lang/String;Ljava/lang/String;J)I+0
j  com.ocrown.Demo.main([Ljava/lang/String;)V+624
v  ~StubRoutines::call_stub

siginfo: EXCEPTION_ACCESS_VIOLATION (0xc0000005), writing address 0x0000000000000008


Register to memory mapping:

RIP=0x00007ff931c5eb0f WeWorkFinanceSdk.dll
RAX=0x00000000000000f1 is an unknown value
RBX=0x0 is NULL
RCX=0x00000208c7dc0000 points into unknown readable memory: 00 00 00 00 00 00 00 00
RDX=0x00000208c7dc0000 points into unknown readable memory: 00 00 00 00 00 00 00 00
RSP=0x000000d95cdfeee0 is pointing into the stack for thread: 0x00000208c7f86000
RBP=0x000000d95cdfef29 is pointing into the stack for thread: 0x00000208c7f86000
RSI=0x0 is NULL
RDI=0x00000208ee17fc70 points into unknown readable memory: 44 34 54 34 44 79 4c 7a
R8 =0x00000208ee12c701 points into unknown readable memory: 00 00 00 00 00 00 00
R9 =0x0000000000000001 is an unknown value
R10=0x000000000000001b is an unknown value
R11=0x000000d95cdfee40 is pointing into the stack for thread: 0x00000208c7f86000
R12=0x0 is NULL
R13=0x00000208edc41c98 is pointing into metadata
R14=0x000000d95cdff0f8 is pointing into the stack for thread: 0x00000208c7f86000
R15=0x00000208c7f86000 is a thread


Registers:
RAX=0x00000000000000f1, RBX=0x0000000000000000, RCX=0x00000208c7dc0000, RDX=0x00000208c7dc0000
RSP=0x000000d95cdfeee0, RBP=0x000000d95cdfef29, RSI=0x0000000000000000, RDI=0x00000208ee17fc70
R8 =0x00000208ee12c701, R9 =0x0000000000000001, R10=0x000000000000001b, R11=0x000000d95cdfee40
R12=0x0000000000000000, R13=0x00000208edc41c98, R14=0x000000d95cdff0f8, R15=0x00000208c7f86000
RIP=0x00007ff931c5eb0f, EFLAGS=0x0000000000010246

Top of Stack: (sp=0x000000d95cdfeee0)
0x000000d95cdfeee0:   00000208c7f86000 0000020800000000
0x000000d95cdfeef0:   000000d95cdff0e0 000000d95cdfef29
0x000000d95cdfef00:   00000208ee180140 0000000000000000
0x000000d95cdfef10:   0000000000000058 000000000000005f
0x000000d95cdfef20:   00000208ee13dd30 00000208c7f86310
0x000000d95cdfef30:   00000000000001b1 00000000000001bf
0x000000d95cdfef40:   00000208ee127d30 00007ff931c599fa
0x000000d95cdfef50:   00000000000000f1 000000000000011f
0x000000d95cdfef60:   00007d3de61fa080 000000d95cdff0e0
0x000000d95cdfef70:   00000208c7f86310 0000000000000000
0x000000d95cdfef80:   000000d95cdff0b0 00007ff931c517eb
0x000000d95cdfef90:   000000d95cdfefb0 000000d95cdff0e0
0x000000d95cdfefa0:   000000d95cdff0b0 000000d95cdff0e0
0x000000d95cdfefb0:   00000208ee13db60 00000208d1cd1179
0x000000d95cdfefc0:   00000000000001b1 00000000000001bf
0x000000d95cdfefd0:   00000208ee17fc70 00000208d1c75de1 

Instructions: (pc=0x00007ff931c5eb0f)
0x00007ff931c5ea0f:   c7 c3 ff ff ff ff 4c 8b c3 48 c7 45 27 00 00 00
0x00007ff931c5ea1f:   00 48 c7 45 2f 0f 00 00 00 c6 45 17 00 48 c7 45
0x00007ff931c5ea2f:   07 00 00 00 00 48 c7 45 0f 0f 00 00 00 c6 45 f7
0x00007ff931c5ea3f:   00 49 ff c0 42 80 3c 02 00 75 f6 48 8d 4d f7 e8
0x00007ff931c5ea4f:   7d 34 ff ff 48 c7 45 e7 00 00 00 00 48 c7 45 ef
0x00007ff931c5ea5f:   0f 00 00 00 c6 45 d7 00 48 ff c3 80 3c 1f 00 75
0x00007ff931c5ea6f:   f7 4c 8b c3 48 8d 4d d7 48 8b d7 e8 51 34 ff ff
0x00007ff931c5ea7f:   4c 8d 45 17 48 8d 55 f7 48 8d 4d d7 e8 90 ed ff
0x00007ff931c5ea8f:   ff 48 8b 55 ef 8b d8 48 83 fa 10 72 31 48 8b 4d
0x00007ff931c5ea9f:   d7 48 ff c2 48 8b c1 48 81 fa 00 10 00 00 72 19
0x00007ff931c5eaaf:   48 8b 49 f8 48 83 c2 27 48 2b c1 48 83 c0 f8 48
0x00007ff931c5eabf:   83 f8 1f 0f 87 b5 00 00 00 e8 43 be 06 00 48 8b
0x00007ff931c5eacf:   55 0f 48 83 fa 10 72 31 48 8b 4d f7 48 ff c2 48
0x00007ff931c5eadf:   8b c1 48 81 fa 00 10 00 00 72 19 48 8b 49 f8 48
0x00007ff931c5eaef:   83 c2 27 48 2b c1 48 83 c0 f8 48 83 f8 1f 0f 87
0x00007ff931c5eaff:   7a 00 00 00 e8 08 be 06 00 85 db 75 3f 8b 45 27
0x00007ff931c5eb0f:   89 46 08 ff c0 48 63 c8 e8 24 c3 06 00 48 8b c8
0x00007ff931c5eb1f:   48 89 06 8b 46 08 33 d2 ff c0 4c 63 c0 e8 01 cd
0x00007ff931c5eb2f:   06 00 48 83 7d 2f 10 48 8d 55 17 4c 8b 45 27 48
0x00007ff931c5eb3f:   0f 43 55 17 48 8b 0e e8 db cc 06 00 48 8b 55 2f
0x00007ff931c5eb4f:   48 83 fa 10 72 34 48 8b 4d 17 48 ff c2 48 8b c1
0x00007ff931c5eb5f:   48 81 fa 00 10 00 00 72 1c 48 8b 49 f8 48 83 c2
0x00007ff931c5eb6f:   27 48 2b c1 48 83 c0 f8 48 83 f8 1f 76 07 ff 15
0x00007ff931c5eb7f:   85 06 07 00 cc e8 87 bd 06 00 8b c3 48 8b 9c 24
0x00007ff931c5eb8f:   c8 00 00 00 48 8b 4d 37 48 33 cc e8 11 bd 06 00
0x00007ff931c5eb9f:   48 81 c4 90 00 00 00 5f 5e 5d c3 b8 10 27 00 00
0x00007ff931c5ebaf:   eb e2 cc cc cc cc cc cc cc cc cc cc cc cc cc cc
0x00007ff931c5ebbf:   cc 48 89 5c 24 08 57 48 83 ec 20 8b da 48 8b f9
0x00007ff931c5ebcf:   e8 ec cc 02 00 f6 c3 01 74 0d ba 08 00 00 00 48
0x00007ff931c5ebdf:   8b cf e8 2a bd 06 00 48 8b 5c 24 30 48 8b c7 48
0x00007ff931c5ebef:   83 c4 20 5f c3 cc cc cc cc cc cc cc cc cc cc cc
0x00007ff931c5ebff:   cc 48 89 5c 24 08 57 48 83 ec 20 0f b6 59 10 48 


Stack slot to memory mapping:
stack at sp + 0 slots: 0x00000208c7f86000 is a thread
stack at sp + 1 slots: 0x0000020800000000 is an unknown value
stack at sp + 2 slots: 0x000000d95cdff0e0 is pointing into the stack for thread: 0x00000208c7f86000
stack at sp + 3 slots: 0x000000d95cdfef29 is pointing into the stack for thread: 0x00000208c7f86000
stack at sp + 4 slots: 0x00000208ee180140 points into unknown readable memory: d8 70 9b 7c f9 7f 00 00
stack at sp + 5 slots: 0x0 is NULL
stack at sp + 6 slots: 0x0000000000000058 is an unknown value
stack at sp + 7 slots: 0x000000000000005f is an unknown value


---------------  P R O C E S S  ---------------

Threads class SMR info:
_java_thread_list=0x00000208ee203970, length=13, elements={
0x00000208c7f86000, 0x00000208ed808000, 0x00000208ed80b000, 0x00000208ed82c800,
0x00000208ed82f800, 0x00000208ed830800, 0x00000208ed833800, 0x00000208ed835000,
0x00000208ee20e800, 0x00000208ee211800, 0x00000208ee212800, 0x00000208ee21d800,
0x00000208ee230000
}

Java Threads: ( => current thread )
=>0x00000208c7f86000 JavaThread "main" [_thread_in_native, id=17976, stack(0x000000d95cd00000,0x000000d95ce00000)]
  0x00000208ed808000 JavaThread "Reference Handler" daemon [_thread_blocked, id=13088, stack(0x000000d95d400000,0x000000d95d500000)]
  0x00000208ed80b000 JavaThread "Finalizer" daemon [_thread_blocked, id=20796, stack(0x000000d95d500000,0x000000d95d600000)]
  0x00000208ed82c800 JavaThread "Signal Dispatcher" daemon [_thread_blocked, id=13908, stack(0x000000d95d600000,0x000000d95d700000)]
  0x00000208ed82f800 JavaThread "Attach Listener" daemon [_thread_blocked, id=11892, stack(0x000000d95d700000,0x000000d95d800000)]
  0x00000208ed830800 JavaThread "C2 CompilerThread0" daemon [_thread_blocked, id=2916, stack(0x000000d95d800000,0x000000d95d900000)]
  0x00000208ed833800 JavaThread "C1 CompilerThread0" daemon [_thread_blocked, id=9676, stack(0x000000d95d900000,0x000000d95da00000)]
  0x00000208ed835000 JavaThread "Sweeper thread" daemon [_thread_blocked, id=14644, stack(0x000000d95da00000,0x000000d95db00000)]
  0x00000208ee20e800 JavaThread "JDWP Transport Listener: dt_socket" daemon [_thread_blocked, id=14768, stack(0x000000d95db00000,0x000000d95dc00000)]
  0x00000208ee211800 JavaThread "JDWP Event Helper Thread" daemon [_thread_blocked, id=10148, stack(0x000000d95dc00000,0x000000d95dd00000)]
  0x00000208ee212800 JavaThread "JDWP Command Reader" daemon [_thread_in_native, id=9520, stack(0x000000d95dd00000,0x000000d95de00000)]
  0x00000208ee21d800 JavaThread "Service Thread" daemon [_thread_blocked, id=5720, stack(0x000000d95de00000,0x000000d95df00000)]
  0x00000208ee230000 JavaThread "Common-Cleaner" daemon [_thread_blocked, id=18488, stack(0x000000d95e000000,0x000000d95e100000)]

Other Threads:
  0x00000208ed806800 VMThread "VM Thread" [stack: 0x000000d95d300000,0x000000d95d400000] [id=10608]
  0x00000208ee22c800 WatcherThread [stack: 0x000000d95df00000,0x000000d95e000000] [id=2116]
  0x00000208c7fef000 GCTaskThread "GC Thread#0" [stack: 0x000000d95ce00000,0x000000d95cf00000] [id=3680]
  0x00000208c8010000 ConcurrentGCThread "G1 Main Marker" [stack: 0x000000d95cf00000,0x000000d95d000000] [id=1204]
  0x00000208c8011000 ConcurrentGCThread "G1 Conc#0" [stack: 0x000000d95d000000,0x000000d95d100000] [id=8812]
  0x00000208ed701800 ConcurrentGCThread "G1 Refine#0" [stack: 0x000000d95d100000,0x000000d95d200000] [id=20780]
  0x00000208ed703800 ConcurrentGCThread "G1 Young RemSet Sampling" [stack: 0x000000d95d200000,0x000000d95d300000] [id=484]

Threads with active compile tasks:

VM state:not at safepoint (normal execution)

VM Mutex/Monitor currently owned by a thread: None

Heap address: 0x0000000704000000, size: 4032 MB, Compressed Oops mode: Zero based, Oop shift amount: 3
Narrow klass base: 0x0000000800000000, Narrow klass shift: 3
Compressed class space size: 1073741824 Address: 0x0000000800b40000

Heap:
 garbage-first heap   total 258048K, used 4096K [0x0000000704000000, 0x0000000800000000)
  region size 1024K, 5 young (5120K), 0 survivors (0K)
 Metaspace       used 1775K, capacity 4786K, committed 4864K, reserved 1056768K
  class space    used 201K, capacity 444K, committed 512K, reserved 1048576K
Heap Regions: E=young(eden), S=young(survivor), O=old, HS=humongous(starts), HC=humongous(continues), CS=collection set, F=free, A=archive, TAMS=top-at-mark-start (previous, next)
|   0|0x0000000704000000, 0x0000000704000000, 0x0000000704100000|  0%| F|  |TAMS 0x0000000704000000, 0x0000000704000000| Untracked 
|   1|0x0000000704100000, 0x0000000704100000, 0x0000000704200000|  0%| F|  |TAMS 0x0000000704100000, 0x0000000704100000| Untracked 
|   2|0x0000000704200000, 0x0000000704200000, 0x0000000704300000|  0%| F|  |TAMS 0x0000000704200000, 0x0000000704200000| Untracked 
|   3|0x0000000704300000, 0x0000000704300000, 0x0000000704400000|  0%| F|  |TAMS 0x0000000704300000, 0x0000000704300000| Untracked 
|   4|0x0000000704400000, 0x0000000704400000, 0x0000000704500000|  0%| F|  |TAMS 0x0000000704400000, 0x0000000704400000| Untracked 
|   5|0x0000000704500000, 0x0000000704500000, 0x0000000704600000|  0%| F|  |TAMS 0x0000000704500000, 0x0000000704500000| Untracked 
|   6|0x0000000704600000, 0x0000000704600000, 0x0000000704700000|  0%| F|  |TAMS 0x0000000704600000, 0x0000000704600000| Untracked 
|   7|0x0000000704700000, 0x0000000704700000, 0x0000000704800000|  0%| F|  |TAMS 0x0000000704700000, 0x0000000704700000| Untracked 
|   8|0x0000000704800000, 0x0000000704800000, 0x0000000704900000|  0%| F|  |TAMS 0x0000000704800000, 0x0000000704800000| Untracked 
|   9|0x0000000704900000, 0x0000000704900000, 0x0000000704a00000|  0%| F|  |TAMS 0x0000000704900000, 0x0000000704900000| Untracked 
|  10|0x0000000704a00000, 0x0000000704a00000, 0x0000000704b00000|  0%| F|  |TAMS 0x0000000704a00000, 0x0000000704a00000| Untracked 
|  11|0x0000000704b00000, 0x0000000704b00000, 0x0000000704c00000|  0%| F|  |TAMS 0x0000000704b00000, 0x0000000704b00000| Untracked 
|  12|0x0000000704c00000, 0x0000000704c00000, 0x0000000704d00000|  0%| F|  |TAMS 0x0000000704c00000, 0x0000000704c00000| Untracked 
|  13|0x0000000704d00000, 0x0000000704d00000, 0x0000000704e00000|  0%| F|  |TAMS 0x0000000704d00000, 0x0000000704d00000| Untracked 
|  14|0x0000000704e00000, 0x0000000704e00000, 0x0000000704f00000|  0%| F|  |TAMS 0x0000000704e00000, 0x0000000704e00000| Untracked 
|  15|0x0000000704f00000, 0x0000000704f00000, 0x0000000705000000|  0%| F|  |TAMS 0x0000000704f00000, 0x0000000704f00000| Untracked 
|  16|0x0000000705000000, 0x0000000705000000, 0x0000000705100000|  0%| F|  |TAMS 0x0000000705000000, 0x0000000705000000| Untracked 
|  17|0x0000000705100000, 0x0000000705100000, 0x0000000705200000|  0%| F|  |TAMS 0x0000000705100000, 0x0000000705100000| Untracked 
|  18|0x0000000705200000, 0x0000000705200000, 0x0000000705300000|  0%| F|  |TAMS 0x0000000705200000, 0x0000000705200000| Untracked 
|  19|0x0000000705300000, 0x0000000705300000, 0x0000000705400000|  0%| F|  |TAMS 0x0000000705300000, 0x0000000705300000| Untracked 
|  20|0x0000000705400000, 0x0000000705400000, 0x0000000705500000|  0%| F|  |TAMS 0x0000000705400000, 0x0000000705400000| Untracked 
|  21|0x0000000705500000, 0x0000000705500000, 0x0000000705600000|  0%| F|  |TAMS 0x0000000705500000, 0x0000000705500000| Untracked 
|  22|0x0000000705600000, 0x0000000705600000, 0x0000000705700000|  0%| F|  |TAMS 0x0000000705600000, 0x0000000705600000| Untracked 
|  23|0x0000000705700000, 0x0000000705700000, 0x0000000705800000|  0%| F|  |TAMS 0x0000000705700000, 0x0000000705700000| Untracked 
|  24|0x0000000705800000, 0x0000000705800000, 0x0000000705900000|  0%| F|  |TAMS 0x0000000705800000, 0x0000000705800000| Untracked 
|  25|0x0000000705900000, 0x0000000705900000, 0x0000000705a00000|  0%| F|  |TAMS 0x0000000705900000, 0x0000000705900000| Untracked 
|  26|0x0000000705a00000, 0x0000000705a00000, 0x0000000705b00000|  0%| F|  |TAMS 0x0000000705a00000, 0x0000000705a00000| Untracked 
|  27|0x0000000705b00000, 0x0000000705b00000, 0x0000000705c00000|  0%| F|  |TAMS 0x0000000705b00000, 0x0000000705b00000| Untracked 
|  28|0x0000000705c00000, 0x0000000705c00000, 0x0000000705d00000|  0%| F|  |TAMS 0x0000000705c00000, 0x0000000705c00000| Untracked 
|  29|0x0000000705d00000, 0x0000000705d00000, 0x0000000705e00000|  0%| F|  |TAMS 0x0000000705d00000, 0x0000000705d00000| Untracked 
|  30|0x0000000705e00000, 0x0000000705e00000, 0x0000000705f00000|  0%| F|  |TAMS 0x0000000705e00000, 0x0000000705e00000| Untracked 
|  31|0x0000000705f00000, 0x0000000705f00000, 0x0000000706000000|  0%| F|  |TAMS 0x0000000705f00000, 0x0000000705f00000| Untracked 
|  32|0x0000000706000000, 0x0000000706000000, 0x0000000706100000|  0%| F|  |TAMS 0x0000000706000000, 0x0000000706000000| Untracked 
|  33|0x0000000706100000, 0x0000000706100000, 0x0000000706200000|  0%| F|  |TAMS 0x0000000706100000, 0x0000000706100000| Untracked 
|  34|0x0000000706200000, 0x0000000706200000, 0x0000000706300000|  0%| F|  |TAMS 0x0000000706200000, 0x0000000706200000| Untracked 
|  35|0x0000000706300000, 0x0000000706300000, 0x0000000706400000|  0%| F|  |TAMS 0x0000000706300000, 0x0000000706300000| Untracked 
|  36|0x0000000706400000, 0x0000000706400000, 0x0000000706500000|  0%| F|  |TAMS 0x0000000706400000, 0x0000000706400000| Untracked 
|  37|0x0000000706500000, 0x0000000706500000, 0x0000000706600000|  0%| F|  |TAMS 0x0000000706500000, 0x0000000706500000| Untracked 
|  38|0x0000000706600000, 0x0000000706600000, 0x0000000706700000|  0%| F|  |TAMS 0x0000000706600000, 0x0000000706600000| Untracked 
|  39|0x0000000706700000, 0x0000000706700000, 0x0000000706800000|  0%| F|  |TAMS 0x0000000706700000, 0x0000000706700000| Untracked 
|  40|0x0000000706800000, 0x0000000706800000, 0x0000000706900000|  0%| F|  |TAMS 0x0000000706800000, 0x0000000706800000| Untracked 
|  41|0x0000000706900000, 0x0000000706900000, 0x0000000706a00000|  0%| F|  |TAMS 0x0000000706900000, 0x0000000706900000| Untracked 
|  42|0x0000000706a00000, 0x0000000706a00000, 0x0000000706b00000|  0%| F|  |TAMS 0x0000000706a00000, 0x0000000706a00000| Untracked 
|  43|0x0000000706b00000, 0x0000000706b00000, 0x0000000706c00000|  0%| F|  |TAMS 0x0000000706b00000, 0x0000000706b00000| Untracked 
|  44|0x0000000706c00000, 0x0000000706c00000, 0x0000000706d00000|  0%| F|  |TAMS 0x0000000706c00000, 0x0000000706c00000| Untracked 
|  45|0x0000000706d00000, 0x0000000706d00000, 0x0000000706e00000|  0%| F|  |TAMS 0x0000000706d00000, 0x0000000706d00000| Untracked 
|  46|0x0000000706e00000, 0x0000000706e00000, 0x0000000706f00000|  0%| F|  |TAMS 0x0000000706e00000, 0x0000000706e00000| Untracked 
|  47|0x0000000706f00000, 0x0000000706f00000, 0x0000000707000000|  0%| F|  |TAMS 0x0000000706f00000, 0x0000000706f00000| Untracked 
|  48|0x0000000707000000, 0x0000000707000000, 0x0000000707100000|  0%| F|  |TAMS 0x0000000707000000, 0x0000000707000000| Untracked 
|  49|0x0000000707100000, 0x0000000707100000, 0x0000000707200000|  0%| F|  |TAMS 0x0000000707100000, 0x0000000707100000| Untracked 
|  50|0x0000000707200000, 0x0000000707200000, 0x0000000707300000|  0%| F|  |TAMS 0x0000000707200000, 0x0000000707200000| Untracked 
|  51|0x0000000707300000, 0x0000000707300000, 0x0000000707400000|  0%| F|  |TAMS 0x0000000707300000, 0x0000000707300000| Untracked 
|  52|0x0000000707400000, 0x0000000707400000, 0x0000000707500000|  0%| F|  |TAMS 0x0000000707400000, 0x0000000707400000| Untracked 
|  53|0x0000000707500000, 0x0000000707500000, 0x0000000707600000|  0%| F|  |TAMS 0x0000000707500000, 0x0000000707500000| Untracked 
|  54|0x0000000707600000, 0x0000000707600000, 0x0000000707700000|  0%| F|  |TAMS 0x0000000707600000, 0x0000000707600000| Untracked 
|  55|0x0000000707700000, 0x0000000707700000, 0x0000000707800000|  0%| F|  |TAMS 0x0000000707700000, 0x0000000707700000| Untracked 
|  56|0x0000000707800000, 0x0000000707800000, 0x0000000707900000|  0%| F|  |TAMS 0x0000000707800000, 0x0000000707800000| Untracked 
|  57|0x0000000707900000, 0x0000000707900000, 0x0000000707a00000|  0%| F|  |TAMS 0x0000000707900000, 0x0000000707900000| Untracked 
|  58|0x0000000707a00000, 0x0000000707a00000, 0x0000000707b00000|  0%| F|  |TAMS 0x0000000707a00000, 0x0000000707a00000| Untracked 
|  59|0x0000000707b00000, 0x0000000707b00000, 0x0000000707c00000|  0%| F|  |TAMS 0x0000000707b00000, 0x0000000707b00000| Untracked 
|  60|0x0000000707c00000, 0x0000000707c00000, 0x0000000707d00000|  0%| F|  |TAMS 0x0000000707c00000, 0x0000000707c00000| Untracked 
|  61|0x0000000707d00000, 0x0000000707d00000, 0x0000000707e00000|  0%| F|  |TAMS 0x0000000707d00000, 0x0000000707d00000| Untracked 
|  62|0x0000000707e00000, 0x0000000707e00000, 0x0000000707f00000|  0%| F|  |TAMS 0x0000000707e00000, 0x0000000707e00000| Untracked 
|  63|0x0000000707f00000, 0x0000000707f00000, 0x0000000708000000|  0%| F|  |TAMS 0x0000000707f00000, 0x0000000707f00000| Untracked 
|  64|0x0000000708000000, 0x0000000708000000, 0x0000000708100000|  0%| F|  |TAMS 0x0000000708000000, 0x0000000708000000| Untracked 
|  65|0x0000000708100000, 0x0000000708100000, 0x0000000708200000|  0%| F|  |TAMS 0x0000000708100000, 0x0000000708100000| Untracked 
|  66|0x0000000708200000, 0x0000000708200000, 0x0000000708300000|  0%| F|  |TAMS 0x0000000708200000, 0x0000000708200000| Untracked 
|  67|0x0000000708300000, 0x0000000708300000, 0x0000000708400000|  0%| F|  |TAMS 0x0000000708300000, 0x0000000708300000| Untracked 
|  68|0x0000000708400000, 0x0000000708400000, 0x0000000708500000|  0%| F|  |TAMS 0x0000000708400000, 0x0000000708400000| Untracked 
|  69|0x0000000708500000, 0x0000000708500000, 0x0000000708600000|  0%| F|  |TAMS 0x0000000708500000, 0x0000000708500000| Untracked 
|  70|0x0000000708600000, 0x0000000708600000, 0x0000000708700000|  0%| F|  |TAMS 0x0000000708600000, 0x0000000708600000| Untracked 
|  71|0x0000000708700000, 0x0000000708700000, 0x0000000708800000|  0%| F|  |TAMS 0x0000000708700000, 0x0000000708700000| Untracked 
|  72|0x0000000708800000, 0x0000000708800000, 0x0000000708900000|  0%| F|  |TAMS 0x0000000708800000, 0x0000000708800000| Untracked 
|  73|0x0000000708900000, 0x0000000708900000, 0x0000000708a00000|  0%| F|  |TAMS 0x0000000708900000, 0x0000000708900000| Untracked 
|  74|0x0000000708a00000, 0x0000000708a00000, 0x0000000708b00000|  0%| F|  |TAMS 0x0000000708a00000, 0x0000000708a00000| Untracked 
|  75|0x0000000708b00000, 0x0000000708b00000, 0x0000000708c00000|  0%| F|  |TAMS 0x0000000708b00000, 0x0000000708b00000| Untracked 
|  76|0x0000000708c00000, 0x0000000708c00000, 0x0000000708d00000|  0%| F|  |TAMS 0x0000000708c00000, 0x0000000708c00000| Untracked 
|  77|0x0000000708d00000, 0x0000000708d00000, 0x0000000708e00000|  0%| F|  |TAMS 0x0000000708d00000, 0x0000000708d00000| Untracked 
|  78|0x0000000708e00000, 0x0000000708e00000, 0x0000000708f00000|  0%| F|  |TAMS 0x0000000708e00000, 0x0000000708e00000| Untracked 
|  79|0x0000000708f00000, 0x0000000708f00000, 0x0000000709000000|  0%| F|  |TAMS 0x0000000708f00000, 0x0000000708f00000| Untracked 
|  80|0x0000000709000000, 0x0000000709000000, 0x0000000709100000|  0%| F|  |TAMS 0x0000000709000000, 0x0000000709000000| Untracked 
|  81|0x0000000709100000, 0x0000000709100000, 0x0000000709200000|  0%| F|  |TAMS 0x0000000709100000, 0x0000000709100000| Untracked 
|  82|0x0000000709200000, 0x0000000709200000, 0x0000000709300000|  0%| F|  |TAMS 0x0000000709200000, 0x0000000709200000| Untracked 
|  83|0x0000000709300000, 0x0000000709300000, 0x0000000709400000|  0%| F|  |TAMS 0x0000000709300000, 0x0000000709300000| Untracked 
|  84|0x0000000709400000, 0x0000000709400000, 0x0000000709500000|  0%| F|  |TAMS 0x0000000709400000, 0x0000000709400000| Untracked 
|  85|0x0000000709500000, 0x0000000709500000, 0x0000000709600000|  0%| F|  |TAMS 0x0000000709500000, 0x0000000709500000| Untracked 
|  86|0x0000000709600000, 0x0000000709600000, 0x0000000709700000|  0%| F|  |TAMS 0x0000000709600000, 0x0000000709600000| Untracked 
|  87|0x0000000709700000, 0x0000000709700000, 0x0000000709800000|  0%| F|  |TAMS 0x0000000709700000, 0x0000000709700000| Untracked 
|  88|0x0000000709800000, 0x0000000709800000, 0x0000000709900000|  0%| F|  |TAMS 0x0000000709800000, 0x0000000709800000| Untracked 
|  89|0x0000000709900000, 0x0000000709900000, 0x0000000709a00000|  0%| F|  |TAMS 0x0000000709900000, 0x0000000709900000| Untracked 
|  90|0x0000000709a00000, 0x0000000709a00000, 0x0000000709b00000|  0%| F|  |TAMS 0x0000000709a00000, 0x0000000709a00000| Untracked 
|  91|0x0000000709b00000, 0x0000000709b00000, 0x0000000709c00000|  0%| F|  |TAMS 0x0000000709b00000, 0x0000000709b00000| Untracked 
|  92|0x0000000709c00000, 0x0000000709c00000, 0x0000000709d00000|  0%| F|  |TAMS 0x0000000709c00000, 0x0000000709c00000| Untracked 
|  93|0x0000000709d00000, 0x0000000709d00000, 0x0000000709e00000|  0%| F|  |TAMS 0x0000000709d00000, 0x0000000709d00000| Untracked 
|  94|0x0000000709e00000, 0x0000000709e00000, 0x0000000709f00000|  0%| F|  |TAMS 0x0000000709e00000, 0x0000000709e00000| Untracked 
|  95|0x0000000709f00000, 0x0000000709f00000, 0x000000070a000000|  0%| F|  |TAMS 0x0000000709f00000, 0x0000000709f00000| Untracked 
|  96|0x000000070a000000, 0x000000070a000000, 0x000000070a100000|  0%| F|  |TAMS 0x000000070a000000, 0x000000070a000000| Untracked 
|  97|0x000000070a100000, 0x000000070a100000, 0x000000070a200000|  0%| F|  |TAMS 0x000000070a100000, 0x000000070a100000| Untracked 
|  98|0x000000070a200000, 0x000000070a200000, 0x000000070a300000|  0%| F|  |TAMS 0x000000070a200000, 0x000000070a200000| Untracked 
|  99|0x000000070a300000, 0x000000070a300000, 0x000000070a400000|  0%| F|  |TAMS 0x000000070a300000, 0x000000070a300000| Untracked 
| 100|0x000000070a400000, 0x000000070a400000, 0x000000070a500000|  0%| F|  |TAMS 0x000000070a400000, 0x000000070a400000| Untracked 
| 101|0x000000070a500000, 0x000000070a500000, 0x000000070a600000|  0%| F|  |TAMS 0x000000070a500000, 0x000000070a500000| Untracked 
| 102|0x000000070a600000, 0x000000070a600000, 0x000000070a700000|  0%| F|  |TAMS 0x000000070a600000, 0x000000070a600000| Untracked 
| 103|0x000000070a700000, 0x000000070a700000, 0x000000070a800000|  0%| F|  |TAMS 0x000000070a700000, 0x000000070a700000| Untracked 
| 104|0x000000070a800000, 0x000000070a800000, 0x000000070a900000|  0%| F|  |TAMS 0x000000070a800000, 0x000000070a800000| Untracked 
| 105|0x000000070a900000, 0x000000070a900000, 0x000000070aa00000|  0%| F|  |TAMS 0x000000070a900000, 0x000000070a900000| Untracked 
| 106|0x000000070aa00000, 0x000000070aa00000, 0x000000070ab00000|  0%| F|  |TAMS 0x000000070aa00000, 0x000000070aa00000| Untracked 
| 107|0x000000070ab00000, 0x000000070ab00000, 0x000000070ac00000|  0%| F|  |TAMS 0x000000070ab00000, 0x000000070ab00000| Untracked 
| 108|0x000000070ac00000, 0x000000070ac00000, 0x000000070ad00000|  0%| F|  |TAMS 0x000000070ac00000, 0x000000070ac00000| Untracked 
| 109|0x000000070ad00000, 0x000000070ad00000, 0x000000070ae00000|  0%| F|  |TAMS 0x000000070ad00000, 0x000000070ad00000| Untracked 
| 110|0x000000070ae00000, 0x000000070ae00000, 0x000000070af00000|  0%| F|  |TAMS 0x000000070ae00000, 0x000000070ae00000| Untracked 
| 111|0x000000070af00000, 0x000000070af00000, 0x000000070b000000|  0%| F|  |TAMS 0x000000070af00000, 0x000000070af00000| Untracked 
| 112|0x000000070b000000, 0x000000070b000000, 0x000000070b100000|  0%| F|  |TAMS 0x000000070b000000, 0x000000070b000000| Untracked 
| 113|0x000000070b100000, 0x000000070b100000, 0x000000070b200000|  0%| F|  |TAMS 0x000000070b100000, 0x000000070b100000| Untracked 
| 114|0x000000070b200000, 0x000000070b200000, 0x000000070b300000|  0%| F|  |TAMS 0x000000070b200000, 0x000000070b200000| Untracked 
| 115|0x000000070b300000, 0x000000070b300000, 0x000000070b400000|  0%| F|  |TAMS 0x000000070b300000, 0x000000070b300000| Untracked 
| 116|0x000000070b400000, 0x000000070b400000, 0x000000070b500000|  0%| F|  |TAMS 0x000000070b400000, 0x000000070b400000| Untracked 
| 117|0x000000070b500000, 0x000000070b500000, 0x000000070b600000|  0%| F|  |TAMS 0x000000070b500000, 0x000000070b500000| Untracked 
| 118|0x000000070b600000, 0x000000070b600000, 0x000000070b700000|  0%| F|  |TAMS 0x000000070b600000, 0x000000070b600000| Untracked 
| 119|0x000000070b700000, 0x000000070b700000, 0x000000070b800000|  0%| F|  |TAMS 0x000000070b700000, 0x000000070b700000| Untracked 
| 120|0x000000070b800000, 0x000000070b800000, 0x000000070b900000|  0%| F|  |TAMS 0x000000070b800000, 0x000000070b800000| Untracked 
| 121|0x000000070b900000, 0x000000070b900000, 0x000000070ba00000|  0%| F|  |TAMS 0x000000070b900000, 0x000000070b900000| Untracked 
| 122|0x000000070ba00000, 0x000000070ba00000, 0x000000070bb00000|  0%| F|  |TAMS 0x000000070ba00000, 0x000000070ba00000| Untracked 
| 123|0x000000070bb00000, 0x000000070bb00000, 0x000000070bc00000|  0%| F|  |TAMS 0x000000070bb00000, 0x000000070bb00000| Untracked 
| 124|0x000000070bc00000, 0x000000070bc00000, 0x000000070bd00000|  0%| F|  |TAMS 0x000000070bc00000, 0x000000070bc00000| Untracked 
| 125|0x000000070bd00000, 0x000000070bd00000, 0x000000070be00000|  0%| F|  |TAMS 0x000000070bd00000, 0x000000070bd00000| Untracked 
| 126|0x000000070be00000, 0x000000070be00000, 0x000000070bf00000|  0%| F|  |TAMS 0x000000070be00000, 0x000000070be00000| Untracked 
| 127|0x000000070bf00000, 0x000000070bf00000, 0x000000070c000000|  0%| F|  |TAMS 0x000000070bf00000, 0x000000070bf00000| Untracked 
| 128|0x000000070c000000, 0x000000070c000000, 0x000000070c100000|  0%| F|  |TAMS 0x000000070c000000, 0x000000070c000000| Untracked 
| 129|0x000000070c100000, 0x000000070c100000, 0x000000070c200000|  0%| F|  |TAMS 0x000000070c100000, 0x000000070c100000| Untracked 
| 130|0x000000070c200000, 0x000000070c200000, 0x000000070c300000|  0%| F|  |TAMS 0x000000070c200000, 0x000000070c200000| Untracked 
| 131|0x000000070c300000, 0x000000070c300000, 0x000000070c400000|  0%| F|  |TAMS 0x000000070c300000, 0x000000070c300000| Untracked 
| 132|0x000000070c400000, 0x000000070c400000, 0x000000070c500000|  0%| F|  |TAMS 0x000000070c400000, 0x000000070c400000| Untracked 
| 133|0x000000070c500000, 0x000000070c500000, 0x000000070c600000|  0%| F|  |TAMS 0x000000070c500000, 0x000000070c500000| Untracked 
| 134|0x000000070c600000, 0x000000070c600000, 0x000000070c700000|  0%| F|  |TAMS 0x000000070c600000, 0x000000070c600000| Untracked 
| 135|0x000000070c700000, 0x000000070c700000, 0x000000070c800000|  0%| F|  |TAMS 0x000000070c700000, 0x000000070c700000| Untracked 
| 136|0x000000070c800000, 0x000000070c800000, 0x000000070c900000|  0%| F|  |TAMS 0x000000070c800000, 0x000000070c800000| Untracked 
| 137|0x000000070c900000, 0x000000070c900000, 0x000000070ca00000|  0%| F|  |TAMS 0x000000070c900000, 0x000000070c900000| Untracked 
| 138|0x000000070ca00000, 0x000000070ca00000, 0x000000070cb00000|  0%| F|  |TAMS 0x000000070ca00000, 0x000000070ca00000| Untracked 
| 139|0x000000070cb00000, 0x000000070cb00000, 0x000000070cc00000|  0%| F|  |TAMS 0x000000070cb00000, 0x000000070cb00000| Untracked 
| 140|0x000000070cc00000, 0x000000070cc00000, 0x000000070cd00000|  0%| F|  |TAMS 0x000000070cc00000, 0x000000070cc00000| Untracked 
| 141|0x000000070cd00000, 0x000000070cd00000, 0x000000070ce00000|  0%| F|  |TAMS 0x000000070cd00000, 0x000000070cd00000| Untracked 
| 142|0x000000070ce00000, 0x000000070ce00000, 0x000000070cf00000|  0%| F|  |TAMS 0x000000070ce00000, 0x000000070ce00000| Untracked 
| 143|0x000000070cf00000, 0x000000070cf00000, 0x000000070d000000|  0%| F|  |TAMS 0x000000070cf00000, 0x000000070cf00000| Untracked 
| 144|0x000000070d000000, 0x000000070d000000, 0x000000070d100000|  0%| F|  |TAMS 0x000000070d000000, 0x000000070d000000| Untracked 
| 145|0x000000070d100000, 0x000000070d100000, 0x000000070d200000|  0%| F|  |TAMS 0x000000070d100000, 0x000000070d100000| Untracked 
| 146|0x000000070d200000, 0x000000070d200000, 0x000000070d300000|  0%| F|  |TAMS 0x000000070d200000, 0x000000070d200000| Untracked 
| 147|0x000000070d300000, 0x000000070d300000, 0x000000070d400000|  0%| F|  |TAMS 0x000000070d300000, 0x000000070d300000| Untracked 
| 148|0x000000070d400000, 0x000000070d400000, 0x000000070d500000|  0%| F|  |TAMS 0x000000070d400000, 0x000000070d400000| Untracked 
| 149|0x000000070d500000, 0x000000070d500000, 0x000000070d600000|  0%| F|  |TAMS 0x000000070d500000, 0x000000070d500000| Untracked 
| 150|0x000000070d600000, 0x000000070d600000, 0x000000070d700000|  0%| F|  |TAMS 0x000000070d600000, 0x000000070d600000| Untracked 
| 151|0x000000070d700000, 0x000000070d700000, 0x000000070d800000|  0%| F|  |TAMS 0x000000070d700000, 0x000000070d700000| Untracked 
| 152|0x000000070d800000, 0x000000070d800000, 0x000000070d900000|  0%| F|  |TAMS 0x000000070d800000, 0x000000070d800000| Untracked 
| 153|0x000000070d900000, 0x000000070d900000, 0x000000070da00000|  0%| F|  |TAMS 0x000000070d900000, 0x000000070d900000| Untracked 
| 154|0x000000070da00000, 0x000000070da00000, 0x000000070db00000|  0%| F|  |TAMS 0x000000070da00000, 0x000000070da00000| Untracked 
| 155|0x000000070db00000, 0x000000070db00000, 0x000000070dc00000|  0%| F|  |TAMS 0x000000070db00000, 0x000000070db00000| Untracked 
| 156|0x000000070dc00000, 0x000000070dc00000, 0x000000070dd00000|  0%| F|  |TAMS 0x000000070dc00000, 0x000000070dc00000| Untracked 
| 157|0x000000070dd00000, 0x000000070dd00000, 0x000000070de00000|  0%| F|  |TAMS 0x000000070dd00000, 0x000000070dd00000| Untracked 
| 158|0x000000070de00000, 0x000000070de00000, 0x000000070df00000|  0%| F|  |TAMS 0x000000070de00000, 0x000000070de00000| Untracked 
| 159|0x000000070df00000, 0x000000070df00000, 0x000000070e000000|  0%| F|  |TAMS 0x000000070df00000, 0x000000070df00000| Untracked 
| 160|0x000000070e000000, 0x000000070e000000, 0x000000070e100000|  0%| F|  |TAMS 0x000000070e000000, 0x000000070e000000| Untracked 
| 161|0x000000070e100000, 0x000000070e100000, 0x000000070e200000|  0%| F|  |TAMS 0x000000070e100000, 0x000000070e100000| Untracked 
| 162|0x000000070e200000, 0x000000070e200000, 0x000000070e300000|  0%| F|  |TAMS 0x000000070e200000, 0x000000070e200000| Untracked 
| 163|0x000000070e300000, 0x000000070e300000, 0x000000070e400000|  0%| F|  |TAMS 0x000000070e300000, 0x000000070e300000| Untracked 
| 164|0x000000070e400000, 0x000000070e400000, 0x000000070e500000|  0%| F|  |TAMS 0x000000070e400000, 0x000000070e400000| Untracked 
| 165|0x000000070e500000, 0x000000070e500000, 0x000000070e600000|  0%| F|  |TAMS 0x000000070e500000, 0x000000070e500000| Untracked 
| 166|0x000000070e600000, 0x000000070e600000, 0x000000070e700000|  0%| F|  |TAMS 0x000000070e600000, 0x000000070e600000| Untracked 
| 167|0x000000070e700000, 0x000000070e700000, 0x000000070e800000|  0%| F|  |TAMS 0x000000070e700000, 0x000000070e700000| Untracked 
| 168|0x000000070e800000, 0x000000070e800000, 0x000000070e900000|  0%| F|  |TAMS 0x000000070e800000, 0x000000070e800000| Untracked 
| 169|0x000000070e900000, 0x000000070e900000, 0x000000070ea00000|  0%| F|  |TAMS 0x000000070e900000, 0x000000070e900000| Untracked 
| 170|0x000000070ea00000, 0x000000070ea00000, 0x000000070eb00000|  0%| F|  |TAMS 0x000000070ea00000, 0x000000070ea00000| Untracked 
| 171|0x000000070eb00000, 0x000000070eb00000, 0x000000070ec00000|  0%| F|  |TAMS 0x000000070eb00000, 0x000000070eb00000| Untracked 
| 172|0x000000070ec00000, 0x000000070ec00000, 0x000000070ed00000|  0%| F|  |TAMS 0x000000070ec00000, 0x000000070ec00000| Untracked 
| 173|0x000000070ed00000, 0x000000070ed00000, 0x000000070ee00000|  0%| F|  |TAMS 0x000000070ed00000, 0x000000070ed00000| Untracked 
| 174|0x000000070ee00000, 0x000000070ee00000, 0x000000070ef00000|  0%| F|  |TAMS 0x000000070ee00000, 0x000000070ee00000| Untracked 
| 175|0x000000070ef00000, 0x000000070ef00000, 0x000000070f000000|  0%| F|  |TAMS 0x000000070ef00000, 0x000000070ef00000| Untracked 
| 176|0x000000070f000000, 0x000000070f000000, 0x000000070f100000|  0%| F|  |TAMS 0x000000070f000000, 0x000000070f000000| Untracked 
| 177|0x000000070f100000, 0x000000070f100000, 0x000000070f200000|  0%| F|  |TAMS 0x000000070f100000, 0x000000070f100000| Untracked 
| 178|0x000000070f200000, 0x000000070f200000, 0x000000070f300000|  0%| F|  |TAMS 0x000000070f200000, 0x000000070f200000| Untracked 
| 179|0x000000070f300000, 0x000000070f300000, 0x000000070f400000|  0%| F|  |TAMS 0x000000070f300000, 0x000000070f300000| Untracked 
| 180|0x000000070f400000, 0x000000070f400000, 0x000000070f500000|  0%| F|  |TAMS 0x000000070f400000, 0x000000070f400000| Untracked 
| 181|0x000000070f500000, 0x000000070f500000, 0x000000070f600000|  0%| F|  |TAMS 0x000000070f500000, 0x000000070f500000| Untracked 
| 182|0x000000070f600000, 0x000000070f600000, 0x000000070f700000|  0%| F|  |TAMS 0x000000070f600000, 0x000000070f600000| Untracked 
| 183|0x000000070f700000, 0x000000070f700000, 0x000000070f800000|  0%| F|  |TAMS 0x000000070f700000, 0x000000070f700000| Untracked 
| 184|0x000000070f800000, 0x000000070f800000, 0x000000070f900000|  0%| F|  |TAMS 0x000000070f800000, 0x000000070f800000| Untracked 
| 185|0x000000070f900000, 0x000000070f900000, 0x000000070fa00000|  0%| F|  |TAMS 0x000000070f900000, 0x000000070f900000| Untracked 
| 186|0x000000070fa00000, 0x000000070fa00000, 0x000000070fb00000|  0%| F|  |TAMS 0x000000070fa00000, 0x000000070fa00000| Untracked 
| 187|0x000000070fb00000, 0x000000070fb00000, 0x000000070fc00000|  0%| F|  |TAMS 0x000000070fb00000, 0x000000070fb00000| Untracked 
| 188|0x000000070fc00000, 0x000000070fc00000, 0x000000070fd00000|  0%| F|  |TAMS 0x000000070fc00000, 0x000000070fc00000| Untracked 
| 189|0x000000070fd00000, 0x000000070fd00000, 0x000000070fe00000|  0%| F|  |TAMS 0x000000070fd00000, 0x000000070fd00000| Untracked 
| 190|0x000000070fe00000, 0x000000070fe00000, 0x000000070ff00000|  0%| F|  |TAMS 0x000000070fe00000, 0x000000070fe00000| Untracked 
| 191|0x000000070ff00000, 0x000000070ff00000, 0x0000000710000000|  0%| F|  |TAMS 0x000000070ff00000, 0x000000070ff00000| Untracked 
| 192|0x0000000710000000, 0x0000000710000000, 0x0000000710100000|  0%| F|  |TAMS 0x0000000710000000, 0x0000000710000000| Untracked 
| 193|0x0000000710100000, 0x0000000710100000, 0x0000000710200000|  0%| F|  |TAMS 0x0000000710100000, 0x0000000710100000| Untracked 
| 194|0x0000000710200000, 0x0000000710200000, 0x0000000710300000|  0%| F|  |TAMS 0x0000000710200000, 0x0000000710200000| Untracked 
| 195|0x0000000710300000, 0x0000000710300000, 0x0000000710400000|  0%| F|  |TAMS 0x0000000710300000, 0x0000000710300000| Untracked 
| 196|0x0000000710400000, 0x0000000710400000, 0x0000000710500000|  0%| F|  |TAMS 0x0000000710400000, 0x0000000710400000| Untracked 
| 197|0x0000000710500000, 0x0000000710500000, 0x0000000710600000|  0%| F|  |TAMS 0x0000000710500000, 0x0000000710500000| Untracked 
| 198|0x0000000710600000, 0x0000000710600000, 0x0000000710700000|  0%| F|  |TAMS 0x0000000710600000, 0x0000000710600000| Untracked 
| 199|0x0000000710700000, 0x0000000710700000, 0x0000000710800000|  0%| F|  |TAMS 0x0000000710700000, 0x0000000710700000| Untracked 
| 200|0x0000000710800000, 0x0000000710800000, 0x0000000710900000|  0%| F|  |TAMS 0x0000000710800000, 0x0000000710800000| Untracked 
| 201|0x0000000710900000, 0x0000000710900000, 0x0000000710a00000|  0%| F|  |TAMS 0x0000000710900000, 0x0000000710900000| Untracked 
| 202|0x0000000710a00000, 0x0000000710a00000, 0x0000000710b00000|  0%| F|  |TAMS 0x0000000710a00000, 0x0000000710a00000| Untracked 
| 203|0x0000000710b00000, 0x0000000710b00000, 0x0000000710c00000|  0%| F|  |TAMS 0x0000000710b00000, 0x0000000710b00000| Untracked 
| 204|0x0000000710c00000, 0x0000000710c00000, 0x0000000710d00000|  0%| F|  |TAMS 0x0000000710c00000, 0x0000000710c00000| Untracked 
| 205|0x0000000710d00000, 0x0000000710d00000, 0x0000000710e00000|  0%| F|  |TAMS 0x0000000710d00000, 0x0000000710d00000| Untracked 
| 206|0x0000000710e00000, 0x0000000710e00000, 0x0000000710f00000|  0%| F|  |TAMS 0x0000000710e00000, 0x0000000710e00000| Untracked 
| 207|0x0000000710f00000, 0x0000000710f00000, 0x0000000711000000|  0%| F|  |TAMS 0x0000000710f00000, 0x0000000710f00000| Untracked 
| 208|0x0000000711000000, 0x0000000711000000, 0x0000000711100000|  0%| F|  |TAMS 0x0000000711000000, 0x0000000711000000| Untracked 
| 209|0x0000000711100000, 0x0000000711100000, 0x0000000711200000|  0%| F|  |TAMS 0x0000000711100000, 0x0000000711100000| Untracked 
| 210|0x0000000711200000, 0x0000000711200000, 0x0000000711300000|  0%| F|  |TAMS 0x0000000711200000, 0x0000000711200000| Untracked 
| 211|0x0000000711300000, 0x0000000711300000, 0x0000000711400000|  0%| F|  |TAMS 0x0000000711300000, 0x0000000711300000| Untracked 
| 212|0x0000000711400000, 0x0000000711400000, 0x0000000711500000|  0%| F|  |TAMS 0x0000000711400000, 0x0000000711400000| Untracked 
| 213|0x0000000711500000, 0x0000000711500000, 0x0000000711600000|  0%| F|  |TAMS 0x0000000711500000, 0x0000000711500000| Untracked 
| 214|0x0000000711600000, 0x0000000711600000, 0x0000000711700000|  0%| F|  |TAMS 0x0000000711600000, 0x0000000711600000| Untracked 
| 215|0x0000000711700000, 0x0000000711700000, 0x0000000711800000|  0%| F|  |TAMS 0x0000000711700000, 0x0000000711700000| Untracked 
| 216|0x0000000711800000, 0x0000000711800000, 0x0000000711900000|  0%| F|  |TAMS 0x0000000711800000, 0x0000000711800000| Untracked 
| 217|0x0000000711900000, 0x0000000711900000, 0x0000000711a00000|  0%| F|  |TAMS 0x0000000711900000, 0x0000000711900000| Untracked 
| 218|0x0000000711a00000, 0x0000000711a00000, 0x0000000711b00000|  0%| F|  |TAMS 0x0000000711a00000, 0x0000000711a00000| Untracked 
| 219|0x0000000711b00000, 0x0000000711b00000, 0x0000000711c00000|  0%| F|  |TAMS 0x0000000711b00000, 0x0000000711b00000| Untracked 
| 220|0x0000000711c00000, 0x0000000711c00000, 0x0000000711d00000|  0%| F|  |TAMS 0x0000000711c00000, 0x0000000711c00000| Untracked 
| 221|0x0000000711d00000, 0x0000000711d00000, 0x0000000711e00000|  0%| F|  |TAMS 0x0000000711d00000, 0x0000000711d00000| Untracked 
| 222|0x0000000711e00000, 0x0000000711e00000, 0x0000000711f00000|  0%| F|  |TAMS 0x0000000711e00000, 0x0000000711e00000| Untracked 
| 223|0x0000000711f00000, 0x0000000711f00000, 0x0000000712000000|  0%| F|  |TAMS 0x0000000711f00000, 0x0000000711f00000| Untracked 
| 224|0x0000000712000000, 0x0000000712000000, 0x0000000712100000|  0%| F|  |TAMS 0x0000000712000000, 0x0000000712000000| Untracked 
| 225|0x0000000712100000, 0x0000000712100000, 0x0000000712200000|  0%| F|  |TAMS 0x0000000712100000, 0x0000000712100000| Untracked 
| 226|0x0000000712200000, 0x0000000712200000, 0x0000000712300000|  0%| F|  |TAMS 0x0000000712200000, 0x0000000712200000| Untracked 
| 227|0x0000000712300000, 0x0000000712300000, 0x0000000712400000|  0%| F|  |TAMS 0x0000000712300000, 0x0000000712300000| Untracked 
| 228|0x0000000712400000, 0x0000000712400000, 0x0000000712500000|  0%| F|  |TAMS 0x0000000712400000, 0x0000000712400000| Untracked 
| 229|0x0000000712500000, 0x0000000712500000, 0x0000000712600000|  0%| F|  |TAMS 0x0000000712500000, 0x0000000712500000| Untracked 
| 230|0x0000000712600000, 0x0000000712600000, 0x0000000712700000|  0%| F|  |TAMS 0x0000000712600000, 0x0000000712600000| Untracked 
| 231|0x0000000712700000, 0x0000000712700000, 0x0000000712800000|  0%| F|  |TAMS 0x0000000712700000, 0x0000000712700000| Untracked 
| 232|0x0000000712800000, 0x0000000712800000, 0x0000000712900000|  0%| F|  |TAMS 0x0000000712800000, 0x0000000712800000| Untracked 
| 233|0x0000000712900000, 0x0000000712900000, 0x0000000712a00000|  0%| F|  |TAMS 0x0000000712900000, 0x0000000712900000| Untracked 
| 234|0x0000000712a00000, 0x0000000712a00000, 0x0000000712b00000|  0%| F|  |TAMS 0x0000000712a00000, 0x0000000712a00000| Untracked 
| 235|0x0000000712b00000, 0x0000000712b00000, 0x0000000712c00000|  0%| F|  |TAMS 0x0000000712b00000, 0x0000000712b00000| Untracked 
| 236|0x0000000712c00000, 0x0000000712c00000, 0x0000000712d00000|  0%| F|  |TAMS 0x0000000712c00000, 0x0000000712c00000| Untracked 
| 237|0x0000000712d00000, 0x0000000712d00000, 0x0000000712e00000|  0%| F|  |TAMS 0x0000000712d00000, 0x0000000712d00000| Untracked 
| 238|0x0000000712e00000, 0x0000000712e00000, 0x0000000712f00000|  0%| F|  |TAMS 0x0000000712e00000, 0x0000000712e00000| Untracked 
| 239|0x0000000712f00000, 0x0000000712f00000, 0x0000000713000000|  0%| F|  |TAMS 0x0000000712f00000, 0x0000000712f00000| Untracked 
| 240|0x0000000713000000, 0x0000000713000000, 0x0000000713100000|  0%| F|  |TAMS 0x0000000713000000, 0x0000000713000000| Untracked 
| 241|0x0000000713100000, 0x0000000713100000, 0x0000000713200000|  0%| F|  |TAMS 0x0000000713100000, 0x0000000713100000| Untracked 
| 242|0x0000000713200000, 0x0000000713200000, 0x0000000713300000|  0%| F|  |TAMS 0x0000000713200000, 0x0000000713200000| Untracked 
| 243|0x0000000713300000, 0x0000000713300000, 0x0000000713400000|  0%| F|  |TAMS 0x0000000713300000, 0x0000000713300000| Untracked 
| 244|0x0000000713400000, 0x0000000713400000, 0x0000000713500000|  0%| F|  |TAMS 0x0000000713400000, 0x0000000713400000| Untracked 
| 245|0x0000000713500000, 0x0000000713500000, 0x0000000713600000|  0%| F|  |TAMS 0x0000000713500000, 0x0000000713500000| Untracked 
| 246|0x0000000713600000, 0x0000000713600000, 0x0000000713700000|  0%| F|  |TAMS 0x0000000713600000, 0x0000000713600000| Untracked 
| 247|0x0000000713700000, 0x000000071377b628, 0x0000000713800000| 48%| E|  |TAMS 0x0000000713700000, 0x0000000713700000| Complete 
| 248|0x0000000713800000, 0x0000000713900000, 0x0000000713900000|100%| E|CS|TAMS 0x0000000713800000, 0x0000000713800000| Complete 
| 249|0x0000000713900000, 0x0000000713a00000, 0x0000000713a00000|100%| E|CS|TAMS 0x0000000713900000, 0x0000000713900000| Complete 
| 250|0x0000000713a00000, 0x0000000713b00000, 0x0000000713b00000|100%| E|CS|TAMS 0x0000000713a00000, 0x0000000713a00000| Complete 
| 251|0x0000000713b00000, 0x0000000713c00000, 0x0000000713c00000|100%| E|CS|TAMS 0x0000000713b00000, 0x0000000713b00000| Complete 

Card table byte_map: [0x00000208e1ee0000,0x00000208e26c0000] _byte_map_base: 0x00000208de6c0000

Marking Bits (Prev, Next): (CMBitMap*) 0x00000208c7fefa58, (CMBitMap*) 0x00000208c7fefa98
 Prev Bits: [0x00000208e2ea0000, 0x00000208e6da0000)
 Next Bits: [0x00000208e6da0000, 0x00000208eaca0000)

Polling page: 0x00000208c9810000

Metaspace:

Usage:
  Non-class:      4.24 MB capacity,     1.54 MB ( 36%) used,     2.70 MB ( 64%) free+waste,     2.13 KB ( <1%) overhead. 
      Class:    444.00 KB capacity,   201.60 KB ( 45%) used,   240.96 KB ( 54%) free+waste,     1.44 KB ( <1%) overhead. 
       Both:      4.67 MB capacity,     1.73 MB ( 37%) used,     2.94 MB ( 63%) free+waste,     3.56 KB ( <1%) overhead. 

Virtual space:
  Non-class space:        8.00 MB reserved,       4.25 MB ( 53%) committed 
      Class space:        1.00 GB reserved,     512.00 KB ( <1%) committed 
             Both:        1.01 GB reserved,       4.75 MB ( <1%) committed 

Chunk freelists:
   Non-Class:  10.00 KB
       Class:  4.00 KB
        Both:  14.00 KB

MaxMetaspaceSize: 17179869184.00 GB
CompressedClassSpaceSize: 1.00 GB

CodeHeap 'non-profiled nmethods': size=120000Kb used=36Kb max_used=36Kb free=119963Kb
 bounds [0x00000208d9730000, 0x00000208d99a0000, 0x00000208e0c60000]
CodeHeap 'profiled nmethods': size=120000Kb used=116Kb max_used=116Kb free=119884Kb
 bounds [0x00000208d2200000, 0x00000208d2470000, 0x00000208d9730000]
CodeHeap 'non-nmethods': size=5760Kb used=1238Kb max_used=1238Kb free=4521Kb
 bounds [0x00000208d1c60000, 0x00000208d1ed0000, 0x00000208d2200000]
 total_blobs=792 nmethods=98 adapters=303
 compilation: enabled
              stopped_count=0, restarted_count=0
 full_count=0

Compilation events (20 events):
Event: 0.162 Thread 0x00000208ed830800 nmethod 69 0x00000208d9735490 code [0x00000208d9735620, 0x00000208d97356f8]
Event: 0.162 Thread 0x00000208ed833800 nmethod 70 0x00000208d2217390 code [0x00000208d2217580, 0x00000208d2217b00]
Event: 0.164 Thread 0x00000208ed833800   71       3       java.lang.AbstractStringBuilder::ensureCapacityInternal (39 bytes)
Event: 0.164 Thread 0x00000208ed833800 nmethod 71 0x00000208d2217c90 code [0x00000208d2217e60, 0x00000208d22183a0]
Event: 0.168 Thread 0x00000208ed833800   72       3       java.lang.String::hashCode (60 bytes)
Event: 0.169 Thread 0x00000208ed833800 nmethod 72 0x00000208d2218590 code [0x00000208d2218760, 0x00000208d2218c50]
Event: 0.178 Thread 0x00000208ed833800   73       3       java.lang.String::checkBoundsOffCount (64 bytes)
Event: 0.178 Thread 0x00000208ed833800 nmethod 73 0x00000208d2218e10 code [0x00000208d22190c0, 0x00000208d2219ca0]
Event: 0.179 Thread 0x00000208ed833800   74       3       java.lang.String::<init> (15 bytes)
Event: 0.179 Thread 0x00000208ed833800 nmethod 74 0x00000208d221a110 code [0x00000208d221a2c0, 0x00000208d221a4f8]
Event: 0.179 Thread 0x00000208ed833800   75       3       java.lang.String::indexOf (29 bytes)
Event: 0.179 Thread 0x00000208ed833800 nmethod 75 0x00000208d221a590 code [0x00000208d221a760, 0x00000208d221aaa0]
Event: 0.180 Thread 0x00000208ed833800   76       3       java.lang.Math::min (11 bytes)
Event: 0.180 Thread 0x00000208ed833800 nmethod 76 0x00000208d221ab90 code [0x00000208d221ad40, 0x00000208d221aed8]
Event: 0.805 Thread 0x00000208ed833800   77       3       java.lang.String::getBytes (44 bytes)
Event: 0.805 Thread 0x00000208ed833800 nmethod 77 0x00000208d221af90 code [0x00000208d221b160, 0x00000208d221b560]
Event: 0.805 Thread 0x00000208ed833800   78       3       java.util.Arrays::copyOfRange (64 bytes)
Event: 0.806 Thread 0x00000208ed833800 nmethod 78 0x00000208d221b710 code [0x00000208d221b9a0, 0x00000208d221c5c0]
Event: 0.806 Thread 0x00000208ed833800   79       3       java.lang.StringLatin1::newString (17 bytes)
Event: 0.806 Thread 0x00000208ed833800 nmethod 79 0x00000208d221ca10 code [0x00000208d221cbe0, 0x00000208d221cf10]

GC Heap History (0 events):
No events

Deoptimization events (4 events):
Event: 0.161 Thread 0x00000208c7f86000 Uncommon trap: trap_request=0xffffff45 fr.pc=0x00000208d9734f4c relative=0x000000000000022c
Event: 0.161 Thread 0x00000208c7f86000 Uncommon trap: reason=unstable_if action=reinterpret pc=0x00000208d9734f4c method=java.lang.String.hashCode()I @ 42 c2
Event: 0.161 Thread 0x00000208c7f86000 DEOPT PACKING pc=0x00000208d9734f4c sp=0x000000d95cdfdf30
Event: 0.161 Thread 0x00000208c7f86000 DEOPT UNPACKING pc=0x00000208d1c6852f sp=0x000000d95cdfdec8 mode 2

Classes unloaded (0 events):
No events

Classes redefined (0 events):
No events

Internal exceptions (4 events):
Event: 6.474 Thread 0x00000208c7f86000 Exception <a 'java/lang/NoSuchMethodError'{0x000000071386e918}: 'java.lang.Object java.lang.invoke.DirectMethodHandle$Holder.invokeStaticInit(java.lang.Object, int, int, int, int)'> (0x000000071386e918) 
thrown [t:/workspace/open/src/hotspot/share/interpreter/linkResolver.cpp, line 767]
Event: 6.488 Thread 0x00000208c7f86000 Exception <a 'sun/nio/fs/WindowsException'{0x00000007138744c0}> (0x00000007138744c0) 
thrown [t:/workspace/open/src/hotspot/share/prims/jni.cpp, line 598]
Event: 6.494 Thread 0x00000208c7f86000 Exception <a 'java/lang/NoSuchMethodError'{0x00000007138768c8}: 'int java.lang.invoke.DirectMethodHandle$Holder.invokeSpecialIFC(java.lang.Object, java.lang.Object, int)'> (0x00000007138768c8) 
thrown [t:/workspace/open/src/hotspot/share/interpreter/linkResolver.cpp, line 767]
Event: 7.208 Thread 0x00000208c7f86000 Exception <a 'java/lang/NoSuchMethodError'{0x000000071372a960}: 'java.lang.Object java.lang.invoke.DirectMethodHandle$Holder.invokeStaticInit(java.lang.Object, java.lang.Object, int, int, int, int)'> (0x000000071372a960) 
thrown [t:/workspace/open/src/hotspot/share/interpreter/linkResolver.cpp, line 767]

Events (20 events):
Event: 11.477 Executing VM operation: SetFramePop
Event: 11.477 Executing VM operation: SetFramePop done
Event: 11.477 Executing VM operation: GetFrameLocation
Event: 11.478 Executing VM operation: GetFrameLocation done
Event: 11.478 Executing VM operation: GetCurrentLocation
Event: 11.478 Executing VM operation: GetCurrentLocation done
Event: 11.478 Executing VM operation: ChangeSingleStep
Event: 11.478 Executing VM operation: ChangeSingleStep done
Event: 11.480 Executing VM operation: GetFrameCount
Event: 11.480 Executing VM operation: GetFrameCount done
Event: 11.480 Executing VM operation: GetStackTrace
Event: 11.480 Executing VM operation: GetStackTrace done
Event: 11.481 Executing VM operation: GetFrameLocation
Event: 11.481 Executing VM operation: GetFrameLocation done
Event: 11.483 Executing VM operation: ChangeSingleStep
Event: 11.483 Executing VM operation: ChangeSingleStep done
Event: 11.484 Executing VM operation: GetCurrentLocation
Event: 11.484 Executing VM operation: GetCurrentLocation done
Event: 11.484 Executing VM operation: ChangeSingleStep
Event: 11.484 Executing VM operation: ChangeSingleStep done


Dynamic libraries:
0x00007ff7822b0000 - 0x00007ff7822bf000 	D:\Program Files (x86)\java\jdk-13.0.2\bin\java.exe
0x00007ff981390000 - 0x00007ff981586000 	C:\WINDOWS\SYSTEM32\ntdll.dll
0x00007ff97f770000 - 0x00007ff97f82d000 	C:\WINDOWS\System32\KERNEL32.DLL
0x00007ff97ef00000 - 0x00007ff97f1c9000 	C:\WINDOWS\System32\KERNELBASE.dll
0x00007ff97f270000 - 0x00007ff97f370000 	C:\WINDOWS\System32\ucrtbase.dll
0x00007ff9549b0000 - 0x00007ff9549c5000 	D:\Program Files (x86)\java\jdk-13.0.2\bin\VCRUNTIME140.dll
0x00007ff955af0000 - 0x00007ff955b08000 	D:\Program Files (x86)\java\jdk-13.0.2\bin\jli.dll
0x00007ff97f950000 - 0x00007ff97f9fc000 	C:\WINDOWS\System32\ADVAPI32.dll
0x00007ff97f480000 - 0x00007ff97f51e000 	C:\WINDOWS\System32\msvcrt.dll
0x00007ff981160000 - 0x00007ff9811fc000 	C:\WINDOWS\System32\sechost.dll
0x00007ff980450000 - 0x00007ff98057b000 	C:\WINDOWS\System32\RPCRT4.dll
0x00007ff9809f0000 - 0x00007ff980b90000 	C:\WINDOWS\System32\USER32.dll
0x00007ff97ec10000 - 0x00007ff97ec32000 	C:\WINDOWS\System32\win32u.dll
0x00007ff97f450000 - 0x00007ff97f47a000 	C:\WINDOWS\System32\GDI32.dll
0x00007ff96a480000 - 0x00007ff96a71b000 	C:\WINDOWS\WinSxS\amd64_microsoft.windows.common-controls_6595b64144ccf1df_6.0.19041.746_none_ca02b4b61b8320a4\COMCTL32.dll
0x00007ff97eb00000 - 0x00007ff97ec0b000 	C:\WINDOWS\System32\gdi32full.dll
0x00007ff97f1d0000 - 0x00007ff97f26d000 	C:\WINDOWS\System32\msvcp_win.dll
0x00007ff974e80000 - 0x00007ff974e8a000 	C:\WINDOWS\SYSTEM32\VERSION.dll
0x00007ff97f830000 - 0x00007ff97f860000 	C:\WINDOWS\System32\IMM32.DLL
0x00007ff9375c0000 - 0x00007ff93765b000 	D:\Program Files (x86)\java\jdk-13.0.2\bin\msvcp140.dll
0x00007ff91d330000 - 0x00007ff91de8d000 	D:\Program Files (x86)\java\jdk-13.0.2\bin\server\jvm.dll
0x00007ff97fa00000 - 0x00007ff97fa08000 	C:\WINDOWS\System32\PSAPI.DLL
0x00007ff966980000 - 0x00007ff9669a7000 	C:\WINDOWS\SYSTEM32\WINMM.dll
0x00007ff963030000 - 0x00007ff963039000 	C:\WINDOWS\SYSTEM32\WSOCK32.dll
0x00007ff97fc70000 - 0x00007ff97fcdb000 	C:\WINDOWS\System32\WS2_32.dll
0x00007ff97d360000 - 0x00007ff97d372000 	C:\WINDOWS\SYSTEM32\kernel.appcore.dll
0x00007ff960d50000 - 0x00007ff960d60000 	D:\Program Files (x86)\java\jdk-13.0.2\bin\verify.dll
0x00007ff97c860000 - 0x00007ff97ca44000 	C:\WINDOWS\SYSTEM32\DBGHELP.DLL
0x00007ff971970000 - 0x00007ff97199c000 	C:\WINDOWS\SYSTEM32\dbgcore.DLL
0x00007ff97f370000 - 0x00007ff97f3f0000 	C:\WINDOWS\System32\bcryptPrimitives.dll
0x00007ff9407b0000 - 0x00007ff9407d6000 	D:\Program Files (x86)\java\jdk-13.0.2\bin\java.dll
0x00007ff936c00000 - 0x00007ff936c38000 	D:\Program Files (x86)\java\jdk-13.0.2\bin\jdwp.dll
0x00007ff949480000 - 0x00007ff949497000 	D:\Program Files (x86)\java\jdk-13.0.2\bin\zip.dll
0x00007ff95d6a0000 - 0x00007ff95d6aa000 	D:\Program Files (x86)\java\jdk-13.0.2\bin\jimage.dll
0x00007ff97fce0000 - 0x00007ff980422000 	C:\WINDOWS\System32\SHELL32.dll
0x00007ff97ca50000 - 0x00007ff97d1e0000 	C:\WINDOWS\SYSTEM32\windows.storage.dll
0x00007ff980c40000 - 0x00007ff980f96000 	C:\WINDOWS\System32\combase.dll
0x00007ff97e460000 - 0x00007ff97e48c000 	C:\WINDOWS\SYSTEM32\Wldp.dll
0x00007ff97f6b0000 - 0x00007ff97f75e000 	C:\WINDOWS\System32\SHCORE.dll
0x00007ff97fa10000 - 0x00007ff97fa65000 	C:\WINDOWS\System32\shlwapi.dll
0x00007ff97ea00000 - 0x00007ff97ea26000 	C:\WINDOWS\SYSTEM32\profapi.dll
0x00007ff9708b0000 - 0x00007ff9708bb000 	D:\Program Files (x86)\java\jdk-13.0.2\bin\dt_socket.dll
0x00007ff97e250000 - 0x00007ff97e2ba000 	C:\WINDOWS\system32\mswsock.dll
0x00007ff97df50000 - 0x00007ff97e01b000 	C:\WINDOWS\SYSTEM32\DNSAPI.dll
0x00007ff97df10000 - 0x00007ff97df4b000 	C:\WINDOWS\SYSTEM32\IPHLPAPI.DLL
0x00007ff97f760000 - 0x00007ff97f768000 	C:\WINDOWS\System32\NSI.dll
0x00007ff972730000 - 0x00007ff97273a000 	C:\Windows\System32\rasadhlp.dll
0x00007ff971360000 - 0x00007ff9713df000 	C:\WINDOWS\System32\fwpuclnt.dll
0x00007ff97ead0000 - 0x00007ff97eaf7000 	C:\WINDOWS\System32\bcrypt.dll
0x00007ff931c50000 - 0x00007ff931cf3000 	D:\work\2021_1_27\finance\WeWorkFinanceSdk.dll
0x00007ff92bce0000 - 0x00007ff92be1c000 	D:\work\2021_1_27\finance\libcurl-x64.dll
0x00007ff97eda0000 - 0x00007ff97eef6000 	C:\WINDOWS\System32\CRYPT32.dll
0x00007ff981150000 - 0x00007ff981158000 	C:\WINDOWS\System32\Normaliz.dll
0x00007ff97f520000 - 0x00007ff97f576000 	C:\WINDOWS\System32\WLDAP32.dll
0x00007ff96c610000 - 0x00007ff96c61c000 	C:\WINDOWS\SYSTEM32\VCRUNTIME140_1.dll
0x00007ff916240000 - 0x00007ff9164f9000 	D:\work\2021_1_27\finance\libcrypto-1_1-x64.dll
0x00007ff930da0000 - 0x00007ff930e2e000 	D:\work\2021_1_27\finance\libssl-1_1-x64.dll
0x00007ff96c650000 - 0x00007ff96c65c000 	C:\WINDOWS\SYSTEM32\secur32.dll
0x00007ff97e980000 - 0x00007ff97e9bc000 	C:\WINDOWS\SYSTEM32\SSPICLI.DLL
0x00007ff97e4a0000 - 0x00007ff97e4b8000 	C:\WINDOWS\SYSTEM32\CRYPTSP.dll
0x00007ff97dba0000 - 0x00007ff97dbd4000 	C:\WINDOWS\system32\rsaenh.dll
0x00007ff97e3d0000 - 0x00007ff97e3dc000 	C:\WINDOWS\SYSTEM32\CRYPTBASE.dll
0x00007ff9492a0000 - 0x00007ff9492b9000 	D:\Program Files (x86)\java\jdk-13.0.2\bin\net.dll
0x00007ff976c00000 - 0x00007ff976d00000 	C:\WINDOWS\SYSTEM32\WINHTTP.dll
0x00007ff948350000 - 0x00007ff948363000 	D:\Program Files (x86)\java\jdk-13.0.2\bin\nio.dll
0x00007ff9770c0000 - 0x00007ff9770ce000 	D:\Program Files (x86)\java\jdk-13.0.2\bin\sunmscapi.dll
0x00007ff97e5a0000 - 0x00007ff97e5c7000 	C:\WINDOWS\SYSTEM32\ncrypt.dll
0x00007ff97e560000 - 0x00007ff97e59b000 	C:\WINDOWS\SYSTEM32\NTASN1.dll
0x00007ff93c0a0000 - 0x00007ff93c0c5000 	D:\Program Files (x86)\java\jdk-13.0.2\bin\sunec.dll
0x00007ff97e9c0000 - 0x00007ff97e9ee000 	C:\WINDOWS\SYSTEM32\USERENV.dll
0x00007ff9745d0000 - 0x00007ff9745e7000 	C:\WINDOWS\SYSTEM32\dhcpcsvc6.DLL
0x00007ff9745b0000 - 0x00007ff9745cd000 	C:\WINDOWS\SYSTEM32\dhcpcsvc.DLL

dbghelp: loaded successfully - version: 4.0.5 - missing functions: none
symbol engine: initialized successfully - sym options: 0x614 - pdb path: .;D:\Program Files (x86)\java\jdk-13.0.2\bin;C:\WINDOWS\SYSTEM32;C:\WINDOWS\WinSxS\amd64_microsoft.windows.common-controls_6595b64144ccf1df_6.0.19041.746_none_ca02b4b61b8320a4;D:\Program Files (x86)\java\jdk-13.0.2\bin\server;D:\work\2021_1_27\finance

VM Arguments:
jvm_args: -agentlib:jdwp=transport=dt_socket,server=n,suspend=y,address=localhost:52189 -Dfile.encoding=UTF-8 
java_command: com.ocrown.Demo
java_class_path (initial): D:\work\2021_1_27\finance\target\classes;C:\Users\a8700\.m2\repository\org\springframework\boot\spring-boot-starter\2.4.2\spring-boot-starter-2.4.2.jar;C:\Users\a8700\.m2\repository\org\springframework\boot\spring-boot\2.4.2\spring-boot-2.4.2.jar;C:\Users\a8700\.m2\repository\org\springframework\spring-context\5.3.3\spring-context-5.3.3.jar;C:\Users\a8700\.m2\repository\org\springframework\spring-aop\5.3.3\spring-aop-5.3.3.jar;C:\Users\a8700\.m2\repository\org\springframework\spring-beans\5.3.3\spring-beans-5.3.3.jar;C:\Users\a8700\.m2\repository\org\springframework\spring-expression\5.3.3\spring-expression-5.3.3.jar;C:\Users\a8700\.m2\repository\org\springframework\boot\spring-boot-autoconfigure\2.4.2\spring-boot-autoconfigure-2.4.2.jar;C:\Users\a8700\.m2\repository\org\springframework\boot\spring-boot-starter-logging\2.4.2\spring-boot-starter-logging-2.4.2.jar;C:\Users\a8700\.m2\repository\ch\qos\logback\logback-classic\1.2.3\logback-classic-1.2.3.jar;C:\Users\a8700\.m2\repository\ch\qos\logback\logback-core\1.2.3\logback-core-1.2.3.jar;C:\Users\a8700\.m2\repository\org\apache\logging\log4j\log4j-to-slf4j\2.13.3\log4j-to-slf4j-2.13.3.jar;C:\Users\a8700\.m2\repository\org\apache\logging\log4j\log4j-api\2.13.3\log4j-api-2.13.3.jar;C:\Users\a8700\.m2\repository\org\slf4j\jul-to-slf4j\1.7.30\jul-to-slf4j-1.7.30.jar;C:\Users\a8700\.m2\repository\jakarta\annotation\jakarta.annotation-api\1.3.5\jakarta.annotation-api-1.3.5.jar;C:\Users\a8700\.m2\repository\org\springframework\spring-core\5.3.3\spring-core-5.3.3.jar;C:\Users\a8700\.m2\repository\org\springframework\spring-jcl\5.3.3\spring-jcl-5.3.3.jar;C:\Users\a8700\.m2\repository\org\yaml\snakeyaml\1.27\snakeyaml-1.27.jar;C:\Users\a8700\.m2\repository\org\slf4j\slf4j-api\1.7.30\slf4j-api-1.7.30.jar;C:\Users\a8700\.m2\repository\net\iharder\base64\2.3.9\base64-2.3.9.jar
Launcher Type: SUN_STANDARD

[Global flags]
     intx CICompilerCount                          = 4                                         {product} {ergonomic}
     uint ConcGCThreads                            = 2                                         {product} {ergonomic}
     uint G1ConcRefinementThreads                  = 8                                         {product} {ergonomic}
   size_t G1HeapRegionSize                         = 1048576                                   {product} {ergonomic}
    uintx GCDrainStackTargetSize                   = 64                                        {product} {ergonomic}
   size_t InitialHeapSize                          = 264241152                                 {product} {ergonomic}
   size_t MarkStackSize                            = 4194304                                   {product} {ergonomic}
   size_t MaxHeapSize                              = 4227858432                                {product} {ergonomic}
   size_t MaxNewSize                               = 2536505344                                {product} {ergonomic}
   size_t MinHeapDeltaBytes                        = 1048576                                   {product} {ergonomic}
   size_t MinHeapSize                              = 8388608                                   {product} {ergonomic}
    uintx NonNMethodCodeHeapSize                   = 5839372                                {pd product} {ergonomic}
    uintx NonProfiledCodeHeapSize                  = 122909434                              {pd product} {ergonomic}
    uintx ProfiledCodeHeapSize                     = 122909434                              {pd product} {ergonomic}
    uintx ReservedCodeCacheSize                    = 251658240                              {pd product} {ergonomic}
     bool SegmentedCodeCache                       = true                                      {product} {ergonomic}
   size_t SoftMaxHeapSize                          = 4227858432                             {manageable} {ergonomic}
     bool UseCompressedClassPointers               = true                                 {lp64_product} {ergonomic}
     bool UseCompressedOops                        = true                                 {lp64_product} {ergonomic}
     bool UseG1GC                                  = true                                      {product} {ergonomic}
     bool UseLargePagesIndividualAllocation        = false                                  {pd product} {ergonomic}

Logging:
Log output configuration:
 #0: stdout all=warning uptime,level,tags
 #1: stderr all=off uptime,level,tags

Environment Variables:
JAVA_HOME=D:\Program Files (x86)\java\jdk-13.0.2
CLASSPATH=.;D:\Program Files (x86)\java\jdk-13.0.2\lib;D:\Program Files (x86)\java\jdk-13.0.2\lib\tools.jar;D:\Program Files\nodejs
PATH=C:\Windows\system32;C:\Windows;C:\Windows\System32\Wbem;C:\Windows\System32\WindowsPowerShell\v1.0\;C:\Windows\System32\OpenSSH\;C:\Program Files (x86)\NVIDIA Corporation\PhysX\Common;C:\Program Files\NVIDIA Corporation\NVIDIA NvDLISR;D:\Program Files (x86)\java\jdk-13.0.2\bin;D:\Program Files (x86)\java\jdk-13.0.2\jre\bin;D:\Program_Files\minGw\bin;D:\Program Files (x86)\apache-maven-3.6.3\bin;D:\Program Files\nodejs\;C:\Program Files\dotnet\;D:\Program_Files\gatling-charts-highcharts-bundle-3.3.1\bin;C:\WINDOWS\system32;C:\WINDOWS;C:\WINDOWS\System32\Wbem;C:\WINDOWS\System32\WindowsPowerShell\v1.0\;C:\WINDOWS\System32\OpenSSH\;D:\Program Files (x86)\Git\cmd;C:\Program Files\MySQL\MySQL Shell 8.0\bin\;C:\Users\a8700\AppData\Local\Microsoft\WindowsApps;D:\Program Files (x86)\Microsoft VS Code\bin;C:\Program Files\Bandizip\;D:\Program Files (x86)\apache-maven-3.6.3\bin;C:\Users\a8700\AppData\Roaming\npm;D:\Program Files\Docker Toolbox;
USERNAME=a8700
OS=Windows_NT
PROCESSOR_IDENTIFIER=Intel64 Family 6 Model 126 Stepping 5, GenuineIntel



---------------  S Y S T E M  ---------------

OS: Windows 10 , 64 bit Build 19041 (10.0.19041.782)
HyperV virtualization detected

CPU:total 8 (initial active 8) (4 cores per cpu, 2 threads per core) family 6 model 126 stepping 5, cmov, cx8, fxsr, mmx, sse, sse2, sse3, ssse3, sse4.1, sse4.2, popcnt, avx, avx2, aes, clmul, erms, 3dnowpref, lzcnt, ht, tsc, tscinvbit, bmi1, bmi2, adx, evex, sha, fma

Memory: 4k page, system-wide physical 16127M (9327M free)
TotalPageFile size 18559M (AvailPageFile size 8504M)
current process WorkingSet (physical memory assigned to process): 44M, peak: 44M
current process commit charge ("private bytes"): 346M, peak: 346M

vm_info: Java HotSpot(TM) 64-Bit Server VM (13.0.2+8) for windows-amd64 JRE (13.0.2+8), built on Dec 11 2019 09:20:33 by "mach5one" with unknown MS VC++:1916

END.
