#
# A fatal error has been detected by the Java Runtime Environment:
#
#  EXCEPTION_ACCESS_VIOLATION (0xc0000005) at pc=0x00007fff146509c7, pid=4152, tid=17544
#
# JRE version: Java(TM) SE Runtime Environment (13.0.2+8) (build 13.0.2+8)
# Java VM: Java HotSpot(TM) 64-Bit Server VM (13.0.2+8, mixed mode, sharing, tiered, compressed oops, g1 gc, windows-amd64)
# Problematic frame:
# V  [jvm.dll+0x6f09c7]
#
# No core dump will be written. Minidumps are not enabled by default on client versions of Windows
#
# If you would like to submit a bug report, please visit:
#   http://bugreport.java.com/bugreport/crash.jsp
#

---------------  S U M M A R Y ------------

Command Line: -Dfile.encoding=UTF-8 com.ocrown.Main

Host: Intel(R) Core(TM) i7-1065G7 CPU @ 1.30GHz, 8 cores, 15G,  Windows 10 , 64 bit Build 19041 (10.0.19041.789)
Time: Sun Feb  7 19:06:42 2021 中国标准时间 elapsed time: 1 seconds (0d 0h 0m 1s)

---------------  T H R E A D  ---------------

Current thread (0x0000022429dc9000):  JavaThread "main" [_thread_in_vm, id=17544, stack(0x000000dc79000000,0x000000dc79100000)]

Stack: [0x000000dc79000000,0x000000dc79100000],  sp=0x000000dc790fc9b0,  free space=1010k
Native frames: (J=compiled Java code, j=interpreted, Vv=VM code, C=native code)
V  [jvm.dll+0x6f09c7]
V  [jvm.dll+0x6f27ec]
V  [jvm.dll+0x6f2753]
V  [jvm.dll+0x1ca3ba]
V  [jvm.dll+0x1c8c5a]
V  [jvm.dll+0x1ce315]
V  [jvm.dll+0x1c35eb]
V  [jvm.dll+0x50a6d2]
V  [jvm.dll+0x1d4e5d]
V  [jvm.dll+0x6fbe40]
V  [jvm.dll+0x6fd37f]
V  [jvm.dll+0x6fdb7d]
V  [jvm.dll+0x1cf025]
V  [jvm.dll+0x1c3604]
V  [jvm.dll+0x50a6d2]
V  [jvm.dll+0x1d4e5d]
V  [jvm.dll+0x6fbe40]
V  [jvm.dll+0x6fd37f]
V  [jvm.dll+0x6fdb7d]
V  [jvm.dll+0x1cf025]
V  [jvm.dll+0x1c3604]
V  [jvm.dll+0x50a6d2]
V  [jvm.dll+0x1d4e5d]
V  [jvm.dll+0x6fbe40]
V  [jvm.dll+0x6fd37f]
V  [jvm.dll+0x6fd88d]
V  [jvm.dll+0x6fd6d3]
V  [jvm.dll+0x245b08]
V  [jvm.dll+0x375571]
C  0x00000224322efced

Java frames: (J=compiled Java code, j=interpreted, Vv=VM code)
j  sun.net.www.protocol.jar.Handler.openConnection(Ljava/net/URL;)Ljava/net/URLConnection;+0 java.base@13.0.2
j  java.net.URL.openConnection()Ljava/net/URLConnection;+5 java.base@13.0.2
j  java.util.ServiceLoader$LazyClassPathLookupIterator.parse(Ljava/net/URL;)Ljava/util/Iterator;+9 java.base@13.0.2
j  java.util.ServiceLoader$LazyClassPathLookupIterator.nextProviderClass()Ljava/lang/Class;+176 java.base@13.0.2
j  java.util.ServiceLoader$LazyClassPathLookupIterator.hasNextService()Z+15 java.base@13.0.2
j  java.util.ServiceLoader$LazyClassPathLookupIterator.hasNext()Z+11 java.base@13.0.2
j  java.util.ServiceLoader$2.hasNext()Z+16 java.base@13.0.2
j  java.util.ServiceLoader$3.hasNext()Z+32 java.base@13.0.2
j  java.sql.DriverManager$2.run()Ljava/lang/Void;+12 java.sql@13.0.2
j  java.sql.DriverManager$2.run()Ljava/lang/Object;+1 java.sql@13.0.2
j  java.security.AccessController.executePrivileged(Ljava/security/PrivilegedAction;Ljava/security/AccessControlContext;Ljava/lang/Class;)Ljava/lang/Object;+29 java.base@13.0.2
j  java.security.AccessController.doPrivileged(Ljava/security/PrivilegedAction;)Ljava/lang/Object;+5 java.base@13.0.2
j  java.sql.DriverManager.ensureDriversInitialized()V+49 java.sql@13.0.2
j  java.sql.DriverManager.getConnection(Ljava/lang/String;Ljava/util/Properties;Ljava/lang/Class;)Ljava/sql/Connection;+57 java.sql@13.0.2
j  java.sql.DriverManager.getConnection(Ljava/lang/String;Ljava/lang/String;Ljava/lang/String;)Ljava/sql/Connection;+37 java.sql@13.0.2
j  com.ocrown.DataBase.<init>(Ljava/lang/String;Ljava/lang/String;Ljava/lang/String;Ljava/lang/String;)V+14
j  com.ocrown.Main.main([Ljava/lang/String;)V+283
v  ~StubRoutines::call_stub

siginfo: EXCEPTION_ACCESS_VIOLATION (0xc0000005), reading address 0x0000022400000029


Register to memory mapping:

RIP=0x00007fff146509c7 jvm.dll
RAX=0x000002244e11d868 points into unknown readable memory: 17 21 3a 85 00 23 00 90
RBX=0x000002244e11d8d0 points into unknown readable memory: a0 a5 28 4e 24 02 00 00
RCX=0x0000000000006ca5 is an unknown value
RDX=0x000000006cc56ca5 is an unknown value
RSP=0x000000dc790fc9b0 is pointing into the stack for thread: 0x0000022429dc9000
RBP=0x000000dc790fca40 is pointing into the stack for thread: 0x0000022429dc9000
RSI=0x0000000000000001 is an unknown value
RDI=0x0 is NULL
R8 =0x0 is NULL
R9 =0x0000022400000029 is an unknown value
R10=0x0000000000000008 is an unknown value
R11=0x000000dc790fca68 is pointing into the stack for thread: 0x0000022429dc9000
R12=0x0 is NULL
R13=0x0000000000000001 is an unknown value
R14=0x000002244d5e2a90 points into unknown readable memory: 00 00 00 00 00 00 00 00
R15=0x0000022429dc9000 is a thread


Registers:
RAX=0x000002244e11d868, RBX=0x000002244e11d8d0, RCX=0x0000000000006ca5, RDX=0x000000006cc56ca5
RSP=0x000000dc790fc9b0, RBP=0x000000dc790fca40, RSI=0x0000000000000001, RDI=0x0000000000000000
R8 =0x0000000000000000, R9 =0x0000022400000029, R10=0x0000000000000008, R11=0x000000dc790fca68
R12=0x0000000000000000, R13=0x0000000000000001, R14=0x000002244d5e2a90, R15=0x0000022429dc9000
RIP=0x00007fff146509c7, EFLAGS=0x0000000000010202

Top of Stack: (sp=0x000000dc790fc9b0)
0x000000dc790fc9b0:   000000dc790fca58 000000dc790fca50
0x000000dc790fc9c0:   000002244d6ceeb0 00007fff1460b755
0x000000dc790fc9d0:   000000dc790fcf70 0000000000000148
0x000000dc790fc9e0:   000002244d8dca20 0000000000000148
0x000000dc790fc9f0:   000000000000001c 000002244e04ee3a
0x000000dc790fca00:   000000dc790fcba0 00007fff146527ec
0x000000dc790fca10:   000002244d8dca20 000000006cc56ca5
0x000000dc790fca20:   0000022429dc9000 000000dc790fca70
0x000000dc790fca30:   000000dc790fca78 00007fff146527ec
0x000000dc790fca40:   0000000000000001 000000006cc56ca5
0x000000dc790fca50:   000000000000001c 000002244e04ee3a
0x000000dc790fca60:   000000dc790fcaa8 00007fff14652753
0x000000dc790fca70:   0000000000000000 00000000ca028d00
0x000000dc790fca80:   000000dc00000011 000002244e04ee1c
0x000000dc790fca90:   0000022429dc9000 00007fff1412a3ba
0x000000dc790fcaa0:   000000000000001c 000002244e04ee3a 

Instructions: (pc=0x00007fff146509c7)
0x00007fff146508c7:   48 8b 7c 24 48 48 8b 74 24 50 4c 3b ff 0f 82 76
0x00007fff146508d7:   fd ff ff 4c 8b b4 24 b8 08 00 00 49 89 9d 00 01
0x00007fff146508e7:   00 00 48 8b 8c 24 60 08 00 00 48 33 cc e8 67 f9
0x00007fff146508f7:   0a 00 48 81 c4 70 08 00 00 41 5f 41 5d 41 5c 5f
0x00007fff14650907:   5e 5d 5b c3 cc cc cc cc cc 48 89 5c 24 10 4c 89
0x00007fff14650917:   4c 24 20 55 56 57 41 54 41 55 41 56 41 57 48 83
0x00007fff14650927:   ec 20 4c 8b a2 00 01 00 00 4d 8b e9 49 8b e8 4c
0x00007fff14650937:   8b fa 4c 8b f1 49 8b c4 41 f6 c4 01 75 0b 48 8b
0x00007fff14650947:   05 d4 98 38 00 48 83 c8 01 48 89 82 00 01 00 00
0x00007fff14650957:   e8 f4 61 f2 ff 49 8b 46 48 45 33 c0 48 85 c0 74
0x00007fff14650967:   0c 4d 89 46 48 e8 df 61 f2 ff 45 33 c0 49 8b 46
0x00007fff14650977:   08 40 32 ff 48 8b 55 08 48 8b 48 18 48 8b 00 48
0x00007fff14650987:   23 ca 48 8d 1c c8 48 8b 04 c8 d0 e8 a8 01 74 12
0x00007fff14650997:   49 8b 46 10 48 8b 48 18 48 8b 00 48 23 ca 48 8d
0x00007fff146509a7:   1c c8 48 8b 1b 49 8b f0 48 83 e3 fc 74 7b 41 bd
0x00007fff146509b7:   01 00 00 00 0f 1f 44 00 00 4c 8b 4b 08 48 ff c6
0x00007fff146509c7:   41 8b 01 c1 e8 10 3b 45 10 75 36 85 c0 74 24 4c
0x00007fff146509d7:   8b 45 18 49 8b c9 49 03 c0 49 2b c8 0f b6 54 01
0x00007fff146509e7:   05 48 ff c8 38 10 75 19 48 8b d0 49 2b d0 48 85
0x00007fff146509f7:   d2 7f e9 49 8b c9 e8 0e f8 ff ff 84 c0 75 22 eb
0x00007fff14650a07:   0a 41 8b 01 0f b7 c0 85 c0 75 0e 40 84 ff 40 0f
0x00007fff14650a17:   b6 c7 41 0f 44 c5 0f b6 f8 48 8b 1b 48 85 db 75
0x00007fff14650a27:   98 4c 8b 6c 24 78 45 33 c0 48 8b 94 24 80 00 00
0x00007fff14650a37:   00 48 8d 4b 08 48 85 db 48 89 74 24 60 49 0f 44
0x00007fff14650a47:   c8 48 85 d2 74 09 49 3b 76 28 0f 97 c0 88 02 48
0x00007fff14650a57:   85 c9 74 0b 48 8b 01 49 89 45 00 b0 01 eb 02 32
0x00007fff14650a67:   c0 48 8b 5c 24 68 4d 89 a7 00 01 00 00 48 83 c4
0x00007fff14650a77:   20 41 5f 41 5e 41 5d 41 5c 5f 5e 5d c3 cc cc cc
0x00007fff14650a87:   cc cc cc cc cc cc cc cc cc 4c 89 44 24 18 48 89
0x00007fff14650a97:   54 24 10 48 89 4c 24 08 53 55 56 57 41 54 41 55
0x00007fff14650aa7:   41 56 41 57 48 83 ec 48 49 8b 68 08 4c 8b f9 33
0x00007fff14650ab7:   c9 48 c7 44 24 30 00 00 00 00 48 89 8c 24 a8 00 


Stack slot to memory mapping:
stack at sp + 0 slots: 0x000000dc790fca58 is pointing into the stack for thread: 0x0000022429dc9000
stack at sp + 1 slots: 0x000000dc790fca50 is pointing into the stack for thread: 0x0000022429dc9000
stack at sp + 2 slots: 0x000002244d6ceeb0 points into unknown readable memory: ff ff 2d 00 27 46 28 4c
stack at sp + 3 slots: 0x00007fff1460b755 jvm.dll
stack at sp + 4 slots: 0x000000dc790fcf70 is pointing into the stack for thread: 0x0000022429dc9000
stack at sp + 5 slots: 0x0000000000000148 is an unknown value
stack at sp + 6 slots: 0x000002244d8dca20 is pointing into metadata
stack at sp + 7 slots: 0x0000000000000148 is an unknown value


---------------  P R O C E S S  ---------------

Threads class SMR info:
_java_thread_list=0x000002244e287430, length=10, elements={
0x0000022429dc9000, 0x000002244d70d800, 0x000002244d710800, 0x000002244d732000,
0x000002244d733000, 0x000002244d734000, 0x000002244d735800, 0x000002244d738800,
0x000002244e0f7000, 0x000002244e10f800
}

Java Threads: ( => current thread )
=>0x0000022429dc9000 JavaThread "main" [_thread_in_vm, id=17544, stack(0x000000dc79000000,0x000000dc79100000)]
  0x000002244d70d800 JavaThread "Reference Handler" daemon [_thread_blocked, id=3420, stack(0x000000dc79700000,0x000000dc79800000)]
  0x000002244d710800 JavaThread "Finalizer" daemon [_thread_blocked, id=8768, stack(0x000000dc79800000,0x000000dc79900000)]
  0x000002244d732000 JavaThread "Signal Dispatcher" daemon [_thread_blocked, id=11284, stack(0x000000dc79900000,0x000000dc79a00000)]
  0x000002244d733000 JavaThread "Attach Listener" daemon [_thread_blocked, id=11664, stack(0x000000dc79a00000,0x000000dc79b00000)]
  0x000002244d734000 JavaThread "C2 CompilerThread0" daemon [_thread_blocked, id=5428, stack(0x000000dc79b00000,0x000000dc79c00000)]
  0x000002244d735800 JavaThread "C1 CompilerThread0" daemon [_thread_blocked, id=10032, stack(0x000000dc79c00000,0x000000dc79d00000)]
  0x000002244d738800 JavaThread "Sweeper thread" daemon [_thread_blocked, id=14932, stack(0x000000dc79d00000,0x000000dc79e00000)]
  0x000002244e0f7000 JavaThread "Service Thread" daemon [_thread_blocked, id=16604, stack(0x000000dc79e00000,0x000000dc79f00000)]
  0x000002244e10f800 JavaThread "Common-Cleaner" daemon [_thread_blocked, id=13744, stack(0x000000dc7a000000,0x000000dc7a100000)]

Other Threads:
  0x000002244d709000 VMThread "VM Thread" [stack: 0x000000dc79600000,0x000000dc79700000] [id=11500]
  0x000002244e10d000 WatcherThread [stack: 0x000000dc79f00000,0x000000dc7a000000] [id=11996]
  0x0000022429e31000 GCTaskThread "GC Thread#0" [stack: 0x000000dc79100000,0x000000dc79200000] [id=17900]
  0x0000022429e52000 ConcurrentGCThread "G1 Main Marker" [stack: 0x000000dc79200000,0x000000dc79300000] [id=3432]
  0x0000022429e54000 ConcurrentGCThread "G1 Conc#0" [stack: 0x000000dc79300000,0x000000dc79400000] [id=13092]
  0x000002244d5ff800 ConcurrentGCThread "G1 Refine#0" [stack: 0x000000dc79400000,0x000000dc79500000] [id=2036]
  0x000002244d601800 ConcurrentGCThread "G1 Young RemSet Sampling" [stack: 0x000000dc79500000,0x000000dc79600000] [id=6892]

Threads with active compile tasks:

VM state:not at safepoint (normal execution)

VM Mutex/Monitor currently owned by a thread: None

Heap address: 0x0000000704000000, size: 4032 MB, Compressed Oops mode: Zero based, Oop shift amount: 3
Narrow klass base: 0x0000000800000000, Narrow klass shift: 3
Compressed class space size: 1073741824 Address: 0x0000000800b40000

Heap:
 garbage-first heap   total 258048K, used 3072K [0x0000000704000000, 0x0000000800000000)
  region size 1024K, 5 young (5120K), 0 survivors (0K)
 Metaspace       used 2033K, capacity 4775K, committed 4864K, reserved 1056768K
  class space    used 207K, capacity 486K, committed 512K, reserved 1048576K
Heap Regions: E=young(eden), S=young(survivor), O=old, HS=humongous(starts), HC=humongous(continues), CS=collection set, F=free, A=archive, TAMS=top-at-mark-start (previous, next)
|   0|0x0000000704000000, 0x0000000704000000, 0x0000000704100000|  0%| F|  |TAMS 0x0000000704000000, 0x0000000704000000| Untracked 
|   1|0x0000000704100000, 0x0000000704100000, 0x0000000704200000|  0%| F|  |TAMS 0x0000000704100000, 0x0000000704100000| Untracked 
|   2|0x0000000704200000, 0x0000000704200000, 0x0000000704300000|  0%| F|  |TAMS 0x0000000704200000, 0x0000000704200000| Untracked 
|   3|0x0000000704300000, 0x0000000704300000, 0x0000000704400000|  0%| F|  |TAMS 0x0000000704300000, 0x0000000704300000| Untracked 
|   4|0x0000000704400000, 0x0000000704400000, 0x0000000704500000|  0%| F|  |TAMS 0x0000000704400000, 0x0000000704400000| Untracked 
|   5|0x0000000704500000, 0x0000000704500000, 0x0000000704600000|  0%| F|  |TAMS 0x0000000704500000, 0x0000000704500000| Untracked 
|   6|0x0000000704600000, 0x0000000704600000, 0x0000000704700000|  0%| F|  |TAMS 0x0000000704600000, 0x0000000704600000| Untracked 
|   7|0x0000000704700000, 0x0000000704700000, 0x0000000704800000|  0%| F|  |TAMS 0x0000000704700000, 0x0000000704700000| Untracked 
|   8|0x0000000704800000, 0x0000000704800000, 0x0000000704900000|  0%| F|  |TAMS 0x0000000704800000, 0x0000000704800000| Untracked 
|   9|0x0000000704900000, 0x0000000704900000, 0x0000000704a00000|  0%| F|  |TAMS 0x0000000704900000, 0x0000000704900000| Untracked 
|  10|0x0000000704a00000, 0x0000000704a00000, 0x0000000704b00000|  0%| F|  |TAMS 0x0000000704a00000, 0x0000000704a00000| Untracked 
|  11|0x0000000704b00000, 0x0000000704b00000, 0x0000000704c00000|  0%| F|  |TAMS 0x0000000704b00000, 0x0000000704b00000| Untracked 
|  12|0x0000000704c00000, 0x0000000704c00000, 0x0000000704d00000|  0%| F|  |TAMS 0x0000000704c00000, 0x0000000704c00000| Untracked 
|  13|0x0000000704d00000, 0x0000000704d00000, 0x0000000704e00000|  0%| F|  |TAMS 0x0000000704d00000, 0x0000000704d00000| Untracked 
|  14|0x0000000704e00000, 0x0000000704e00000, 0x0000000704f00000|  0%| F|  |TAMS 0x0000000704e00000, 0x0000000704e00000| Untracked 
|  15|0x0000000704f00000, 0x0000000704f00000, 0x0000000705000000|  0%| F|  |TAMS 0x0000000704f00000, 0x0000000704f00000| Untracked 
|  16|0x0000000705000000, 0x0000000705000000, 0x0000000705100000|  0%| F|  |TAMS 0x0000000705000000, 0x0000000705000000| Untracked 
|  17|0x0000000705100000, 0x0000000705100000, 0x0000000705200000|  0%| F|  |TAMS 0x0000000705100000, 0x0000000705100000| Untracked 
|  18|0x0000000705200000, 0x0000000705200000, 0x0000000705300000|  0%| F|  |TAMS 0x0000000705200000, 0x0000000705200000| Untracked 
|  19|0x0000000705300000, 0x0000000705300000, 0x0000000705400000|  0%| F|  |TAMS 0x0000000705300000, 0x0000000705300000| Untracked 
|  20|0x0000000705400000, 0x0000000705400000, 0x0000000705500000|  0%| F|  |TAMS 0x0000000705400000, 0x0000000705400000| Untracked 
|  21|0x0000000705500000, 0x0000000705500000, 0x0000000705600000|  0%| F|  |TAMS 0x0000000705500000, 0x0000000705500000| Untracked 
|  22|0x0000000705600000, 0x0000000705600000, 0x0000000705700000|  0%| F|  |TAMS 0x0000000705600000, 0x0000000705600000| Untracked 
|  23|0x0000000705700000, 0x0000000705700000, 0x0000000705800000|  0%| F|  |TAMS 0x0000000705700000, 0x0000000705700000| Untracked 
|  24|0x0000000705800000, 0x0000000705800000, 0x0000000705900000|  0%| F|  |TAMS 0x0000000705800000, 0x0000000705800000| Untracked 
|  25|0x0000000705900000, 0x0000000705900000, 0x0000000705a00000|  0%| F|  |TAMS 0x0000000705900000, 0x0000000705900000| Untracked 
|  26|0x0000000705a00000, 0x0000000705a00000, 0x0000000705b00000|  0%| F|  |TAMS 0x0000000705a00000, 0x0000000705a00000| Untracked 
|  27|0x0000000705b00000, 0x0000000705b00000, 0x0000000705c00000|  0%| F|  |TAMS 0x0000000705b00000, 0x0000000705b00000| Untracked 
|  28|0x0000000705c00000, 0x0000000705c00000, 0x0000000705d00000|  0%| F|  |TAMS 0x0000000705c00000, 0x0000000705c00000| Untracked 
|  29|0x0000000705d00000, 0x0000000705d00000, 0x0000000705e00000|  0%| F|  |TAMS 0x0000000705d00000, 0x0000000705d00000| Untracked 
|  30|0x0000000705e00000, 0x0000000705e00000, 0x0000000705f00000|  0%| F|  |TAMS 0x0000000705e00000, 0x0000000705e00000| Untracked 
|  31|0x0000000705f00000, 0x0000000705f00000, 0x0000000706000000|  0%| F|  |TAMS 0x0000000705f00000, 0x0000000705f00000| Untracked 
|  32|0x0000000706000000, 0x0000000706000000, 0x0000000706100000|  0%| F|  |TAMS 0x0000000706000000, 0x0000000706000000| Untracked 
|  33|0x0000000706100000, 0x0000000706100000, 0x0000000706200000|  0%| F|  |TAMS 0x0000000706100000, 0x0000000706100000| Untracked 
|  34|0x0000000706200000, 0x0000000706200000, 0x0000000706300000|  0%| F|  |TAMS 0x0000000706200000, 0x0000000706200000| Untracked 
|  35|0x0000000706300000, 0x0000000706300000, 0x0000000706400000|  0%| F|  |TAMS 0x0000000706300000, 0x0000000706300000| Untracked 
|  36|0x0000000706400000, 0x0000000706400000, 0x0000000706500000|  0%| F|  |TAMS 0x0000000706400000, 0x0000000706400000| Untracked 
|  37|0x0000000706500000, 0x0000000706500000, 0x0000000706600000|  0%| F|  |TAMS 0x0000000706500000, 0x0000000706500000| Untracked 
|  38|0x0000000706600000, 0x0000000706600000, 0x0000000706700000|  0%| F|  |TAMS 0x0000000706600000, 0x0000000706600000| Untracked 
|  39|0x0000000706700000, 0x0000000706700000, 0x0000000706800000|  0%| F|  |TAMS 0x0000000706700000, 0x0000000706700000| Untracked 
|  40|0x0000000706800000, 0x0000000706800000, 0x0000000706900000|  0%| F|  |TAMS 0x0000000706800000, 0x0000000706800000| Untracked 
|  41|0x0000000706900000, 0x0000000706900000, 0x0000000706a00000|  0%| F|  |TAMS 0x0000000706900000, 0x0000000706900000| Untracked 
|  42|0x0000000706a00000, 0x0000000706a00000, 0x0000000706b00000|  0%| F|  |TAMS 0x0000000706a00000, 0x0000000706a00000| Untracked 
|  43|0x0000000706b00000, 0x0000000706b00000, 0x0000000706c00000|  0%| F|  |TAMS 0x0000000706b00000, 0x0000000706b00000| Untracked 
|  44|0x0000000706c00000, 0x0000000706c00000, 0x0000000706d00000|  0%| F|  |TAMS 0x0000000706c00000, 0x0000000706c00000| Untracked 
|  45|0x0000000706d00000, 0x0000000706d00000, 0x0000000706e00000|  0%| F|  |TAMS 0x0000000706d00000, 0x0000000706d00000| Untracked 
|  46|0x0000000706e00000, 0x0000000706e00000, 0x0000000706f00000|  0%| F|  |TAMS 0x0000000706e00000, 0x0000000706e00000| Untracked 
|  47|0x0000000706f00000, 0x0000000706f00000, 0x0000000707000000|  0%| F|  |TAMS 0x0000000706f00000, 0x0000000706f00000| Untracked 
|  48|0x0000000707000000, 0x0000000707000000, 0x0000000707100000|  0%| F|  |TAMS 0x0000000707000000, 0x0000000707000000| Untracked 
|  49|0x0000000707100000, 0x0000000707100000, 0x0000000707200000|  0%| F|  |TAMS 0x0000000707100000, 0x0000000707100000| Untracked 
|  50|0x0000000707200000, 0x0000000707200000, 0x0000000707300000|  0%| F|  |TAMS 0x0000000707200000, 0x0000000707200000| Untracked 
|  51|0x0000000707300000, 0x0000000707300000, 0x0000000707400000|  0%| F|  |TAMS 0x0000000707300000, 0x0000000707300000| Untracked 
|  52|0x0000000707400000, 0x0000000707400000, 0x0000000707500000|  0%| F|  |TAMS 0x0000000707400000, 0x0000000707400000| Untracked 
|  53|0x0000000707500000, 0x0000000707500000, 0x0000000707600000|  0%| F|  |TAMS 0x0000000707500000, 0x0000000707500000| Untracked 
|  54|0x0000000707600000, 0x0000000707600000, 0x0000000707700000|  0%| F|  |TAMS 0x0000000707600000, 0x0000000707600000| Untracked 
|  55|0x0000000707700000, 0x0000000707700000, 0x0000000707800000|  0%| F|  |TAMS 0x0000000707700000, 0x0000000707700000| Untracked 
|  56|0x0000000707800000, 0x0000000707800000, 0x0000000707900000|  0%| F|  |TAMS 0x0000000707800000, 0x0000000707800000| Untracked 
|  57|0x0000000707900000, 0x0000000707900000, 0x0000000707a00000|  0%| F|  |TAMS 0x0000000707900000, 0x0000000707900000| Untracked 
|  58|0x0000000707a00000, 0x0000000707a00000, 0x0000000707b00000|  0%| F|  |TAMS 0x0000000707a00000, 0x0000000707a00000| Untracked 
|  59|0x0000000707b00000, 0x0000000707b00000, 0x0000000707c00000|  0%| F|  |TAMS 0x0000000707b00000, 0x0000000707b00000| Untracked 
|  60|0x0000000707c00000, 0x0000000707c00000, 0x0000000707d00000|  0%| F|  |TAMS 0x0000000707c00000, 0x0000000707c00000| Untracked 
|  61|0x0000000707d00000, 0x0000000707d00000, 0x0000000707e00000|  0%| F|  |TAMS 0x0000000707d00000, 0x0000000707d00000| Untracked 
|  62|0x0000000707e00000, 0x0000000707e00000, 0x0000000707f00000|  0%| F|  |TAMS 0x0000000707e00000, 0x0000000707e00000| Untracked 
|  63|0x0000000707f00000, 0x0000000707f00000, 0x0000000708000000|  0%| F|  |TAMS 0x0000000707f00000, 0x0000000707f00000| Untracked 
|  64|0x0000000708000000, 0x0000000708000000, 0x0000000708100000|  0%| F|  |TAMS 0x0000000708000000, 0x0000000708000000| Untracked 
|  65|0x0000000708100000, 0x0000000708100000, 0x0000000708200000|  0%| F|  |TAMS 0x0000000708100000, 0x0000000708100000| Untracked 
|  66|0x0000000708200000, 0x0000000708200000, 0x0000000708300000|  0%| F|  |TAMS 0x0000000708200000, 0x0000000708200000| Untracked 
|  67|0x0000000708300000, 0x0000000708300000, 0x0000000708400000|  0%| F|  |TAMS 0x0000000708300000, 0x0000000708300000| Untracked 
|  68|0x0000000708400000, 0x0000000708400000, 0x0000000708500000|  0%| F|  |TAMS 0x0000000708400000, 0x0000000708400000| Untracked 
|  69|0x0000000708500000, 0x0000000708500000, 0x0000000708600000|  0%| F|  |TAMS 0x0000000708500000, 0x0000000708500000| Untracked 
|  70|0x0000000708600000, 0x0000000708600000, 0x0000000708700000|  0%| F|  |TAMS 0x0000000708600000, 0x0000000708600000| Untracked 
|  71|0x0000000708700000, 0x0000000708700000, 0x0000000708800000|  0%| F|  |TAMS 0x0000000708700000, 0x0000000708700000| Untracked 
|  72|0x0000000708800000, 0x0000000708800000, 0x0000000708900000|  0%| F|  |TAMS 0x0000000708800000, 0x0000000708800000| Untracked 
|  73|0x0000000708900000, 0x0000000708900000, 0x0000000708a00000|  0%| F|  |TAMS 0x0000000708900000, 0x0000000708900000| Untracked 
|  74|0x0000000708a00000, 0x0000000708a00000, 0x0000000708b00000|  0%| F|  |TAMS 0x0000000708a00000, 0x0000000708a00000| Untracked 
|  75|0x0000000708b00000, 0x0000000708b00000, 0x0000000708c00000|  0%| F|  |TAMS 0x0000000708b00000, 0x0000000708b00000| Untracked 
|  76|0x0000000708c00000, 0x0000000708c00000, 0x0000000708d00000|  0%| F|  |TAMS 0x0000000708c00000, 0x0000000708c00000| Untracked 
|  77|0x0000000708d00000, 0x0000000708d00000, 0x0000000708e00000|  0%| F|  |TAMS 0x0000000708d00000, 0x0000000708d00000| Untracked 
|  78|0x0000000708e00000, 0x0000000708e00000, 0x0000000708f00000|  0%| F|  |TAMS 0x0000000708e00000, 0x0000000708e00000| Untracked 
|  79|0x0000000708f00000, 0x0000000708f00000, 0x0000000709000000|  0%| F|  |TAMS 0x0000000708f00000, 0x0000000708f00000| Untracked 
|  80|0x0000000709000000, 0x0000000709000000, 0x0000000709100000|  0%| F|  |TAMS 0x0000000709000000, 0x0000000709000000| Untracked 
|  81|0x0000000709100000, 0x0000000709100000, 0x0000000709200000|  0%| F|  |TAMS 0x0000000709100000, 0x0000000709100000| Untracked 
|  82|0x0000000709200000, 0x0000000709200000, 0x0000000709300000|  0%| F|  |TAMS 0x0000000709200000, 0x0000000709200000| Untracked 
|  83|0x0000000709300000, 0x0000000709300000, 0x0000000709400000|  0%| F|  |TAMS 0x0000000709300000, 0x0000000709300000| Untracked 
|  84|0x0000000709400000, 0x0000000709400000, 0x0000000709500000|  0%| F|  |TAMS 0x0000000709400000, 0x0000000709400000| Untracked 
|  85|0x0000000709500000, 0x0000000709500000, 0x0000000709600000|  0%| F|  |TAMS 0x0000000709500000, 0x0000000709500000| Untracked 
|  86|0x0000000709600000, 0x0000000709600000, 0x0000000709700000|  0%| F|  |TAMS 0x0000000709600000, 0x0000000709600000| Untracked 
|  87|0x0000000709700000, 0x0000000709700000, 0x0000000709800000|  0%| F|  |TAMS 0x0000000709700000, 0x0000000709700000| Untracked 
|  88|0x0000000709800000, 0x0000000709800000, 0x0000000709900000|  0%| F|  |TAMS 0x0000000709800000, 0x0000000709800000| Untracked 
|  89|0x0000000709900000, 0x0000000709900000, 0x0000000709a00000|  0%| F|  |TAMS 0x0000000709900000, 0x0000000709900000| Untracked 
|  90|0x0000000709a00000, 0x0000000709a00000, 0x0000000709b00000|  0%| F|  |TAMS 0x0000000709a00000, 0x0000000709a00000| Untracked 
|  91|0x0000000709b00000, 0x0000000709b00000, 0x0000000709c00000|  0%| F|  |TAMS 0x0000000709b00000, 0x0000000709b00000| Untracked 
|  92|0x0000000709c00000, 0x0000000709c00000, 0x0000000709d00000|  0%| F|  |TAMS 0x0000000709c00000, 0x0000000709c00000| Untracked 
|  93|0x0000000709d00000, 0x0000000709d00000, 0x0000000709e00000|  0%| F|  |TAMS 0x0000000709d00000, 0x0000000709d00000| Untracked 
|  94|0x0000000709e00000, 0x0000000709e00000, 0x0000000709f00000|  0%| F|  |TAMS 0x0000000709e00000, 0x0000000709e00000| Untracked 
|  95|0x0000000709f00000, 0x0000000709f00000, 0x000000070a000000|  0%| F|  |TAMS 0x0000000709f00000, 0x0000000709f00000| Untracked 
|  96|0x000000070a000000, 0x000000070a000000, 0x000000070a100000|  0%| F|  |TAMS 0x000000070a000000, 0x000000070a000000| Untracked 
|  97|0x000000070a100000, 0x000000070a100000, 0x000000070a200000|  0%| F|  |TAMS 0x000000070a100000, 0x000000070a100000| Untracked 
|  98|0x000000070a200000, 0x000000070a200000, 0x000000070a300000|  0%| F|  |TAMS 0x000000070a200000, 0x000000070a200000| Untracked 
|  99|0x000000070a300000, 0x000000070a300000, 0x000000070a400000|  0%| F|  |TAMS 0x000000070a300000, 0x000000070a300000| Untracked 
| 100|0x000000070a400000, 0x000000070a400000, 0x000000070a500000|  0%| F|  |TAMS 0x000000070a400000, 0x000000070a400000| Untracked 
| 101|0x000000070a500000, 0x000000070a500000, 0x000000070a600000|  0%| F|  |TAMS 0x000000070a500000, 0x000000070a500000| Untracked 
| 102|0x000000070a600000, 0x000000070a600000, 0x000000070a700000|  0%| F|  |TAMS 0x000000070a600000, 0x000000070a600000| Untracked 
| 103|0x000000070a700000, 0x000000070a700000, 0x000000070a800000|  0%| F|  |TAMS 0x000000070a700000, 0x000000070a700000| Untracked 
| 104|0x000000070a800000, 0x000000070a800000, 0x000000070a900000|  0%| F|  |TAMS 0x000000070a800000, 0x000000070a800000| Untracked 
| 105|0x000000070a900000, 0x000000070a900000, 0x000000070aa00000|  0%| F|  |TAMS 0x000000070a900000, 0x000000070a900000| Untracked 
| 106|0x000000070aa00000, 0x000000070aa00000, 0x000000070ab00000|  0%| F|  |TAMS 0x000000070aa00000, 0x000000070aa00000| Untracked 
| 107|0x000000070ab00000, 0x000000070ab00000, 0x000000070ac00000|  0%| F|  |TAMS 0x000000070ab00000, 0x000000070ab00000| Untracked 
| 108|0x000000070ac00000, 0x000000070ac00000, 0x000000070ad00000|  0%| F|  |TAMS 0x000000070ac00000, 0x000000070ac00000| Untracked 
| 109|0x000000070ad00000, 0x000000070ad00000, 0x000000070ae00000|  0%| F|  |TAMS 0x000000070ad00000, 0x000000070ad00000| Untracked 
| 110|0x000000070ae00000, 0x000000070ae00000, 0x000000070af00000|  0%| F|  |TAMS 0x000000070ae00000, 0x000000070ae00000| Untracked 
| 111|0x000000070af00000, 0x000000070af00000, 0x000000070b000000|  0%| F|  |TAMS 0x000000070af00000, 0x000000070af00000| Untracked 
| 112|0x000000070b000000, 0x000000070b000000, 0x000000070b100000|  0%| F|  |TAMS 0x000000070b000000, 0x000000070b000000| Untracked 
| 113|0x000000070b100000, 0x000000070b100000, 0x000000070b200000|  0%| F|  |TAMS 0x000000070b100000, 0x000000070b100000| Untracked 
| 114|0x000000070b200000, 0x000000070b200000, 0x000000070b300000|  0%| F|  |TAMS 0x000000070b200000, 0x000000070b200000| Untracked 
| 115|0x000000070b300000, 0x000000070b300000, 0x000000070b400000|  0%| F|  |TAMS 0x000000070b300000, 0x000000070b300000| Untracked 
| 116|0x000000070b400000, 0x000000070b400000, 0x000000070b500000|  0%| F|  |TAMS 0x000000070b400000, 0x000000070b400000| Untracked 
| 117|0x000000070b500000, 0x000000070b500000, 0x000000070b600000|  0%| F|  |TAMS 0x000000070b500000, 0x000000070b500000| Untracked 
| 118|0x000000070b600000, 0x000000070b600000, 0x000000070b700000|  0%| F|  |TAMS 0x000000070b600000, 0x000000070b600000| Untracked 
| 119|0x000000070b700000, 0x000000070b700000, 0x000000070b800000|  0%| F|  |TAMS 0x000000070b700000, 0x000000070b700000| Untracked 
| 120|0x000000070b800000, 0x000000070b800000, 0x000000070b900000|  0%| F|  |TAMS 0x000000070b800000, 0x000000070b800000| Untracked 
| 121|0x000000070b900000, 0x000000070b900000, 0x000000070ba00000|  0%| F|  |TAMS 0x000000070b900000, 0x000000070b900000| Untracked 
| 122|0x000000070ba00000, 0x000000070ba00000, 0x000000070bb00000|  0%| F|  |TAMS 0x000000070ba00000, 0x000000070ba00000| Untracked 
| 123|0x000000070bb00000, 0x000000070bb00000, 0x000000070bc00000|  0%| F|  |TAMS 0x000000070bb00000, 0x000000070bb00000| Untracked 
| 124|0x000000070bc00000, 0x000000070bc00000, 0x000000070bd00000|  0%| F|  |TAMS 0x000000070bc00000, 0x000000070bc00000| Untracked 
| 125|0x000000070bd00000, 0x000000070bd00000, 0x000000070be00000|  0%| F|  |TAMS 0x000000070bd00000, 0x000000070bd00000| Untracked 
| 126|0x000000070be00000, 0x000000070be00000, 0x000000070bf00000|  0%| F|  |TAMS 0x000000070be00000, 0x000000070be00000| Untracked 
| 127|0x000000070bf00000, 0x000000070bf00000, 0x000000070c000000|  0%| F|  |TAMS 0x000000070bf00000, 0x000000070bf00000| Untracked 
| 128|0x000000070c000000, 0x000000070c000000, 0x000000070c100000|  0%| F|  |TAMS 0x000000070c000000, 0x000000070c000000| Untracked 
| 129|0x000000070c100000, 0x000000070c100000, 0x000000070c200000|  0%| F|  |TAMS 0x000000070c100000, 0x000000070c100000| Untracked 
| 130|0x000000070c200000, 0x000000070c200000, 0x000000070c300000|  0%| F|  |TAMS 0x000000070c200000, 0x000000070c200000| Untracked 
| 131|0x000000070c300000, 0x000000070c300000, 0x000000070c400000|  0%| F|  |TAMS 0x000000070c300000, 0x000000070c300000| Untracked 
| 132|0x000000070c400000, 0x000000070c400000, 0x000000070c500000|  0%| F|  |TAMS 0x000000070c400000, 0x000000070c400000| Untracked 
| 133|0x000000070c500000, 0x000000070c500000, 0x000000070c600000|  0%| F|  |TAMS 0x000000070c500000, 0x000000070c500000| Untracked 
| 134|0x000000070c600000, 0x000000070c600000, 0x000000070c700000|  0%| F|  |TAMS 0x000000070c600000, 0x000000070c600000| Untracked 
| 135|0x000000070c700000, 0x000000070c700000, 0x000000070c800000|  0%| F|  |TAMS 0x000000070c700000, 0x000000070c700000| Untracked 
| 136|0x000000070c800000, 0x000000070c800000, 0x000000070c900000|  0%| F|  |TAMS 0x000000070c800000, 0x000000070c800000| Untracked 
| 137|0x000000070c900000, 0x000000070c900000, 0x000000070ca00000|  0%| F|  |TAMS 0x000000070c900000, 0x000000070c900000| Untracked 
| 138|0x000000070ca00000, 0x000000070ca00000, 0x000000070cb00000|  0%| F|  |TAMS 0x000000070ca00000, 0x000000070ca00000| Untracked 
| 139|0x000000070cb00000, 0x000000070cb00000, 0x000000070cc00000|  0%| F|  |TAMS 0x000000070cb00000, 0x000000070cb00000| Untracked 
| 140|0x000000070cc00000, 0x000000070cc00000, 0x000000070cd00000|  0%| F|  |TAMS 0x000000070cc00000, 0x000000070cc00000| Untracked 
| 141|0x000000070cd00000, 0x000000070cd00000, 0x000000070ce00000|  0%| F|  |TAMS 0x000000070cd00000, 0x000000070cd00000| Untracked 
| 142|0x000000070ce00000, 0x000000070ce00000, 0x000000070cf00000|  0%| F|  |TAMS 0x000000070ce00000, 0x000000070ce00000| Untracked 
| 143|0x000000070cf00000, 0x000000070cf00000, 0x000000070d000000|  0%| F|  |TAMS 0x000000070cf00000, 0x000000070cf00000| Untracked 
| 144|0x000000070d000000, 0x000000070d000000, 0x000000070d100000|  0%| F|  |TAMS 0x000000070d000000, 0x000000070d000000| Untracked 
| 145|0x000000070d100000, 0x000000070d100000, 0x000000070d200000|  0%| F|  |TAMS 0x000000070d100000, 0x000000070d100000| Untracked 
| 146|0x000000070d200000, 0x000000070d200000, 0x000000070d300000|  0%| F|  |TAMS 0x000000070d200000, 0x000000070d200000| Untracked 
| 147|0x000000070d300000, 0x000000070d300000, 0x000000070d400000|  0%| F|  |TAMS 0x000000070d300000, 0x000000070d300000| Untracked 
| 148|0x000000070d400000, 0x000000070d400000, 0x000000070d500000|  0%| F|  |TAMS 0x000000070d400000, 0x000000070d400000| Untracked 
| 149|0x000000070d500000, 0x000000070d500000, 0x000000070d600000|  0%| F|  |TAMS 0x000000070d500000, 0x000000070d500000| Untracked 
| 150|0x000000070d600000, 0x000000070d600000, 0x000000070d700000|  0%| F|  |TAMS 0x000000070d600000, 0x000000070d600000| Untracked 
| 151|0x000000070d700000, 0x000000070d700000, 0x000000070d800000|  0%| F|  |TAMS 0x000000070d700000, 0x000000070d700000| Untracked 
| 152|0x000000070d800000, 0x000000070d800000, 0x000000070d900000|  0%| F|  |TAMS 0x000000070d800000, 0x000000070d800000| Untracked 
| 153|0x000000070d900000, 0x000000070d900000, 0x000000070da00000|  0%| F|  |TAMS 0x000000070d900000, 0x000000070d900000| Untracked 
| 154|0x000000070da00000, 0x000000070da00000, 0x000000070db00000|  0%| F|  |TAMS 0x000000070da00000, 0x000000070da00000| Untracked 
| 155|0x000000070db00000, 0x000000070db00000, 0x000000070dc00000|  0%| F|  |TAMS 0x000000070db00000, 0x000000070db00000| Untracked 
| 156|0x000000070dc00000, 0x000000070dc00000, 0x000000070dd00000|  0%| F|  |TAMS 0x000000070dc00000, 0x000000070dc00000| Untracked 
| 157|0x000000070dd00000, 0x000000070dd00000, 0x000000070de00000|  0%| F|  |TAMS 0x000000070dd00000, 0x000000070dd00000| Untracked 
| 158|0x000000070de00000, 0x000000070de00000, 0x000000070df00000|  0%| F|  |TAMS 0x000000070de00000, 0x000000070de00000| Untracked 
| 159|0x000000070df00000, 0x000000070df00000, 0x000000070e000000|  0%| F|  |TAMS 0x000000070df00000, 0x000000070df00000| Untracked 
| 160|0x000000070e000000, 0x000000070e000000, 0x000000070e100000|  0%| F|  |TAMS 0x000000070e000000, 0x000000070e000000| Untracked 
| 161|0x000000070e100000, 0x000000070e100000, 0x000000070e200000|  0%| F|  |TAMS 0x000000070e100000, 0x000000070e100000| Untracked 
| 162|0x000000070e200000, 0x000000070e200000, 0x000000070e300000|  0%| F|  |TAMS 0x000000070e200000, 0x000000070e200000| Untracked 
| 163|0x000000070e300000, 0x000000070e300000, 0x000000070e400000|  0%| F|  |TAMS 0x000000070e300000, 0x000000070e300000| Untracked 
| 164|0x000000070e400000, 0x000000070e400000, 0x000000070e500000|  0%| F|  |TAMS 0x000000070e400000, 0x000000070e400000| Untracked 
| 165|0x000000070e500000, 0x000000070e500000, 0x000000070e600000|  0%| F|  |TAMS 0x000000070e500000, 0x000000070e500000| Untracked 
| 166|0x000000070e600000, 0x000000070e600000, 0x000000070e700000|  0%| F|  |TAMS 0x000000070e600000, 0x000000070e600000| Untracked 
| 167|0x000000070e700000, 0x000000070e700000, 0x000000070e800000|  0%| F|  |TAMS 0x000000070e700000, 0x000000070e700000| Untracked 
| 168|0x000000070e800000, 0x000000070e800000, 0x000000070e900000|  0%| F|  |TAMS 0x000000070e800000, 0x000000070e800000| Untracked 
| 169|0x000000070e900000, 0x000000070e900000, 0x000000070ea00000|  0%| F|  |TAMS 0x000000070e900000, 0x000000070e900000| Untracked 
| 170|0x000000070ea00000, 0x000000070ea00000, 0x000000070eb00000|  0%| F|  |TAMS 0x000000070ea00000, 0x000000070ea00000| Untracked 
| 171|0x000000070eb00000, 0x000000070eb00000, 0x000000070ec00000|  0%| F|  |TAMS 0x000000070eb00000, 0x000000070eb00000| Untracked 
| 172|0x000000070ec00000, 0x000000070ec00000, 0x000000070ed00000|  0%| F|  |TAMS 0x000000070ec00000, 0x000000070ec00000| Untracked 
| 173|0x000000070ed00000, 0x000000070ed00000, 0x000000070ee00000|  0%| F|  |TAMS 0x000000070ed00000, 0x000000070ed00000| Untracked 
| 174|0x000000070ee00000, 0x000000070ee00000, 0x000000070ef00000|  0%| F|  |TAMS 0x000000070ee00000, 0x000000070ee00000| Untracked 
| 175|0x000000070ef00000, 0x000000070ef00000, 0x000000070f000000|  0%| F|  |TAMS 0x000000070ef00000, 0x000000070ef00000| Untracked 
| 176|0x000000070f000000, 0x000000070f000000, 0x000000070f100000|  0%| F|  |TAMS 0x000000070f000000, 0x000000070f000000| Untracked 
| 177|0x000000070f100000, 0x000000070f100000, 0x000000070f200000|  0%| F|  |TAMS 0x000000070f100000, 0x000000070f100000| Untracked 
| 178|0x000000070f200000, 0x000000070f200000, 0x000000070f300000|  0%| F|  |TAMS 0x000000070f200000, 0x000000070f200000| Untracked 
| 179|0x000000070f300000, 0x000000070f300000, 0x000000070f400000|  0%| F|  |TAMS 0x000000070f300000, 0x000000070f300000| Untracked 
| 180|0x000000070f400000, 0x000000070f400000, 0x000000070f500000|  0%| F|  |TAMS 0x000000070f400000, 0x000000070f400000| Untracked 
| 181|0x000000070f500000, 0x000000070f500000, 0x000000070f600000|  0%| F|  |TAMS 0x000000070f500000, 0x000000070f500000| Untracked 
| 182|0x000000070f600000, 0x000000070f600000, 0x000000070f700000|  0%| F|  |TAMS 0x000000070f600000, 0x000000070f600000| Untracked 
| 183|0x000000070f700000, 0x000000070f700000, 0x000000070f800000|  0%| F|  |TAMS 0x000000070f700000, 0x000000070f700000| Untracked 
| 184|0x000000070f800000, 0x000000070f800000, 0x000000070f900000|  0%| F|  |TAMS 0x000000070f800000, 0x000000070f800000| Untracked 
| 185|0x000000070f900000, 0x000000070f900000, 0x000000070fa00000|  0%| F|  |TAMS 0x000000070f900000, 0x000000070f900000| Untracked 
| 186|0x000000070fa00000, 0x000000070fa00000, 0x000000070fb00000|  0%| F|  |TAMS 0x000000070fa00000, 0x000000070fa00000| Untracked 
| 187|0x000000070fb00000, 0x000000070fb00000, 0x000000070fc00000|  0%| F|  |TAMS 0x000000070fb00000, 0x000000070fb00000| Untracked 
| 188|0x000000070fc00000, 0x000000070fc00000, 0x000000070fd00000|  0%| F|  |TAMS 0x000000070fc00000, 0x000000070fc00000| Untracked 
| 189|0x000000070fd00000, 0x000000070fd00000, 0x000000070fe00000|  0%| F|  |TAMS 0x000000070fd00000, 0x000000070fd00000| Untracked 
| 190|0x000000070fe00000, 0x000000070fe00000, 0x000000070ff00000|  0%| F|  |TAMS 0x000000070fe00000, 0x000000070fe00000| Untracked 
| 191|0x000000070ff00000, 0x000000070ff00000, 0x0000000710000000|  0%| F|  |TAMS 0x000000070ff00000, 0x000000070ff00000| Untracked 
| 192|0x0000000710000000, 0x0000000710000000, 0x0000000710100000|  0%| F|  |TAMS 0x0000000710000000, 0x0000000710000000| Untracked 
| 193|0x0000000710100000, 0x0000000710100000, 0x0000000710200000|  0%| F|  |TAMS 0x0000000710100000, 0x0000000710100000| Untracked 
| 194|0x0000000710200000, 0x0000000710200000, 0x0000000710300000|  0%| F|  |TAMS 0x0000000710200000, 0x0000000710200000| Untracked 
| 195|0x0000000710300000, 0x0000000710300000, 0x0000000710400000|  0%| F|  |TAMS 0x0000000710300000, 0x0000000710300000| Untracked 
| 196|0x0000000710400000, 0x0000000710400000, 0x0000000710500000|  0%| F|  |TAMS 0x0000000710400000, 0x0000000710400000| Untracked 
| 197|0x0000000710500000, 0x0000000710500000, 0x0000000710600000|  0%| F|  |TAMS 0x0000000710500000, 0x0000000710500000| Untracked 
| 198|0x0000000710600000, 0x0000000710600000, 0x0000000710700000|  0%| F|  |TAMS 0x0000000710600000, 0x0000000710600000| Untracked 
| 199|0x0000000710700000, 0x0000000710700000, 0x0000000710800000|  0%| F|  |TAMS 0x0000000710700000, 0x0000000710700000| Untracked 
| 200|0x0000000710800000, 0x0000000710800000, 0x0000000710900000|  0%| F|  |TAMS 0x0000000710800000, 0x0000000710800000| Untracked 
| 201|0x0000000710900000, 0x0000000710900000, 0x0000000710a00000|  0%| F|  |TAMS 0x0000000710900000, 0x0000000710900000| Untracked 
| 202|0x0000000710a00000, 0x0000000710a00000, 0x0000000710b00000|  0%| F|  |TAMS 0x0000000710a00000, 0x0000000710a00000| Untracked 
| 203|0x0000000710b00000, 0x0000000710b00000, 0x0000000710c00000|  0%| F|  |TAMS 0x0000000710b00000, 0x0000000710b00000| Untracked 
| 204|0x0000000710c00000, 0x0000000710c00000, 0x0000000710d00000|  0%| F|  |TAMS 0x0000000710c00000, 0x0000000710c00000| Untracked 
| 205|0x0000000710d00000, 0x0000000710d00000, 0x0000000710e00000|  0%| F|  |TAMS 0x0000000710d00000, 0x0000000710d00000| Untracked 
| 206|0x0000000710e00000, 0x0000000710e00000, 0x0000000710f00000|  0%| F|  |TAMS 0x0000000710e00000, 0x0000000710e00000| Untracked 
| 207|0x0000000710f00000, 0x0000000710f00000, 0x0000000711000000|  0%| F|  |TAMS 0x0000000710f00000, 0x0000000710f00000| Untracked 
| 208|0x0000000711000000, 0x0000000711000000, 0x0000000711100000|  0%| F|  |TAMS 0x0000000711000000, 0x0000000711000000| Untracked 
| 209|0x0000000711100000, 0x0000000711100000, 0x0000000711200000|  0%| F|  |TAMS 0x0000000711100000, 0x0000000711100000| Untracked 
| 210|0x0000000711200000, 0x0000000711200000, 0x0000000711300000|  0%| F|  |TAMS 0x0000000711200000, 0x0000000711200000| Untracked 
| 211|0x0000000711300000, 0x0000000711300000, 0x0000000711400000|  0%| F|  |TAMS 0x0000000711300000, 0x0000000711300000| Untracked 
| 212|0x0000000711400000, 0x0000000711400000, 0x0000000711500000|  0%| F|  |TAMS 0x0000000711400000, 0x0000000711400000| Untracked 
| 213|0x0000000711500000, 0x0000000711500000, 0x0000000711600000|  0%| F|  |TAMS 0x0000000711500000, 0x0000000711500000| Untracked 
| 214|0x0000000711600000, 0x0000000711600000, 0x0000000711700000|  0%| F|  |TAMS 0x0000000711600000, 0x0000000711600000| Untracked 
| 215|0x0000000711700000, 0x0000000711700000, 0x0000000711800000|  0%| F|  |TAMS 0x0000000711700000, 0x0000000711700000| Untracked 
| 216|0x0000000711800000, 0x0000000711800000, 0x0000000711900000|  0%| F|  |TAMS 0x0000000711800000, 0x0000000711800000| Untracked 
| 217|0x0000000711900000, 0x0000000711900000, 0x0000000711a00000|  0%| F|  |TAMS 0x0000000711900000, 0x0000000711900000| Untracked 
| 218|0x0000000711a00000, 0x0000000711a00000, 0x0000000711b00000|  0%| F|  |TAMS 0x0000000711a00000, 0x0000000711a00000| Untracked 
| 219|0x0000000711b00000, 0x0000000711b00000, 0x0000000711c00000|  0%| F|  |TAMS 0x0000000711b00000, 0x0000000711b00000| Untracked 
| 220|0x0000000711c00000, 0x0000000711c00000, 0x0000000711d00000|  0%| F|  |TAMS 0x0000000711c00000, 0x0000000711c00000| Untracked 
| 221|0x0000000711d00000, 0x0000000711d00000, 0x0000000711e00000|  0%| F|  |TAMS 0x0000000711d00000, 0x0000000711d00000| Untracked 
| 222|0x0000000711e00000, 0x0000000711e00000, 0x0000000711f00000|  0%| F|  |TAMS 0x0000000711e00000, 0x0000000711e00000| Untracked 
| 223|0x0000000711f00000, 0x0000000711f00000, 0x0000000712000000|  0%| F|  |TAMS 0x0000000711f00000, 0x0000000711f00000| Untracked 
| 224|0x0000000712000000, 0x0000000712000000, 0x0000000712100000|  0%| F|  |TAMS 0x0000000712000000, 0x0000000712000000| Untracked 
| 225|0x0000000712100000, 0x0000000712100000, 0x0000000712200000|  0%| F|  |TAMS 0x0000000712100000, 0x0000000712100000| Untracked 
| 226|0x0000000712200000, 0x0000000712200000, 0x0000000712300000|  0%| F|  |TAMS 0x0000000712200000, 0x0000000712200000| Untracked 
| 227|0x0000000712300000, 0x0000000712300000, 0x0000000712400000|  0%| F|  |TAMS 0x0000000712300000, 0x0000000712300000| Untracked 
| 228|0x0000000712400000, 0x0000000712400000, 0x0000000712500000|  0%| F|  |TAMS 0x0000000712400000, 0x0000000712400000| Untracked 
| 229|0x0000000712500000, 0x0000000712500000, 0x0000000712600000|  0%| F|  |TAMS 0x0000000712500000, 0x0000000712500000| Untracked 
| 230|0x0000000712600000, 0x0000000712600000, 0x0000000712700000|  0%| F|  |TAMS 0x0000000712600000, 0x0000000712600000| Untracked 
| 231|0x0000000712700000, 0x0000000712700000, 0x0000000712800000|  0%| F|  |TAMS 0x0000000712700000, 0x0000000712700000| Untracked 
| 232|0x0000000712800000, 0x0000000712800000, 0x0000000712900000|  0%| F|  |TAMS 0x0000000712800000, 0x0000000712800000| Untracked 
| 233|0x0000000712900000, 0x0000000712900000, 0x0000000712a00000|  0%| F|  |TAMS 0x0000000712900000, 0x0000000712900000| Untracked 
| 234|0x0000000712a00000, 0x0000000712a00000, 0x0000000712b00000|  0%| F|  |TAMS 0x0000000712a00000, 0x0000000712a00000| Untracked 
| 235|0x0000000712b00000, 0x0000000712b00000, 0x0000000712c00000|  0%| F|  |TAMS 0x0000000712b00000, 0x0000000712b00000| Untracked 
| 236|0x0000000712c00000, 0x0000000712c00000, 0x0000000712d00000|  0%| F|  |TAMS 0x0000000712c00000, 0x0000000712c00000| Untracked 
| 237|0x0000000712d00000, 0x0000000712d00000, 0x0000000712e00000|  0%| F|  |TAMS 0x0000000712d00000, 0x0000000712d00000| Untracked 
| 238|0x0000000712e00000, 0x0000000712e00000, 0x0000000712f00000|  0%| F|  |TAMS 0x0000000712e00000, 0x0000000712e00000| Untracked 
| 239|0x0000000712f00000, 0x0000000712f00000, 0x0000000713000000|  0%| F|  |TAMS 0x0000000712f00000, 0x0000000712f00000| Untracked 
| 240|0x0000000713000000, 0x0000000713000000, 0x0000000713100000|  0%| F|  |TAMS 0x0000000713000000, 0x0000000713000000| Untracked 
| 241|0x0000000713100000, 0x0000000713100000, 0x0000000713200000|  0%| F|  |TAMS 0x0000000713100000, 0x0000000713100000| Untracked 
| 242|0x0000000713200000, 0x0000000713200000, 0x0000000713300000|  0%| F|  |TAMS 0x0000000713200000, 0x0000000713200000| Untracked 
| 243|0x0000000713300000, 0x0000000713300000, 0x0000000713400000|  0%| F|  |TAMS 0x0000000713300000, 0x0000000713300000| Untracked 
| 244|0x0000000713400000, 0x0000000713400000, 0x0000000713500000|  0%| F|  |TAMS 0x0000000713400000, 0x0000000713400000| Untracked 
| 245|0x0000000713500000, 0x0000000713500000, 0x0000000713600000|  0%| F|  |TAMS 0x0000000713500000, 0x0000000713500000| Untracked 
| 246|0x0000000713600000, 0x0000000713600000, 0x0000000713700000|  0%| F|  |TAMS 0x0000000713600000, 0x0000000713600000| Untracked 
| 247|0x0000000713700000, 0x00000007137f6798, 0x0000000713800000| 96%| E|  |TAMS 0x0000000713700000, 0x0000000713700000| Complete 
| 248|0x0000000713800000, 0x0000000713900000, 0x0000000713900000|100%| E|CS|TAMS 0x0000000713800000, 0x0000000713800000| Complete 
| 249|0x0000000713900000, 0x0000000713a00000, 0x0000000713a00000|100%| E|CS|TAMS 0x0000000713900000, 0x0000000713900000| Complete 
| 250|0x0000000713a00000, 0x0000000713b00000, 0x0000000713b00000|100%| E|  |TAMS 0x0000000713a00000, 0x0000000713a00000| Complete 
| 251|0x0000000713b00000, 0x0000000713c00000, 0x0000000713c00000|100%| E|CS|TAMS 0x0000000713b00000, 0x0000000713b00000| Complete 

Card table byte_map: [0x0000022441de0000,0x00000224425c0000] _byte_map_base: 0x000002243e5c0000

Marking Bits (Prev, Next): (CMBitMap*) 0x0000022429e31e58, (CMBitMap*) 0x0000022429e31e98
 Prev Bits: [0x0000022442da0000, 0x0000022446ca0000)
 Next Bits: [0x0000022446ca0000, 0x000002244aba0000)

Polling page: 0x0000022427da0000

Metaspace:

Usage:
  Non-class:      4.19 MB capacity,     1.78 MB ( 43%) used,     2.40 MB ( 57%) free+waste,     2.75 KB ( <1%) overhead. 
      Class:    486.00 KB capacity,   207.58 KB ( 43%) used,   276.36 KB ( 57%) free+waste,     2.06 KB ( <1%) overhead. 
       Both:      4.66 MB capacity,     1.99 MB ( 43%) used,     2.67 MB ( 57%) free+waste,     4.81 KB ( <1%) overhead. 

Virtual space:
  Non-class space:        8.00 MB reserved,       4.25 MB ( 53%) committed 
      Class space:        1.00 GB reserved,     512.00 KB ( <1%) committed 
             Both:        1.01 GB reserved,       4.75 MB ( <1%) committed 

Chunk freelists:
   Non-Class:  0 bytes
       Class:  0 bytes
        Both:  0 bytes

MaxMetaspaceSize: 17179869184.00 GB
CompressedClassSpaceSize: 1.00 GB

CodeHeap 'non-profiled nmethods': size=120000Kb used=180Kb max_used=180Kb free=119819Kb
 bounds [0x0000022439da0000, 0x000002243a010000, 0x00000224412d0000]
CodeHeap 'profiled nmethods': size=120000Kb used=749Kb max_used=749Kb free=119250Kb
 bounds [0x0000022432870000, 0x0000022432ae0000, 0x0000022439da0000]
CodeHeap 'non-nmethods': size=5760Kb used=1163Kb max_used=1178Kb free=4596Kb
 bounds [0x00000224322d0000, 0x0000022432540000, 0x0000022432870000]
 total_blobs=1302 nmethods=491 adapters=308
 compilation: enabled
              stopped_count=0, restarted_count=0
 full_count=0

Compilation events (20 events):
Event: 1.551 Thread 0x000002244d735800  475       1       java.lang.invoke.LambdaForm$Name::index (5 bytes)
Event: 1.551 Thread 0x000002244d735800 nmethod 475 0x0000022439dcb410 code [0x0000022439dcb5a0, 0x0000022439dcb6d8]
Event: 1.552 Thread 0x000002244d735800  484       3       java.lang.invoke.MemberName::getReferenceKind (12 bytes)
Event: 1.553 Thread 0x000002244d735800 nmethod 484 0x0000022432921210 code [0x00000224329213a0, 0x0000022432921538]
Event: 1.553 Thread 0x000002244d735800  483       1       java.lang.invoke.LambdaForm$BasicType::basicTypeClass (5 bytes)
Event: 1.553 Thread 0x000002244d735800 nmethod 483 0x0000022439dcc390 code [0x0000022439dcc520, 0x0000022439dcc658]
Event: 1.553 Thread 0x000002244d735800  485       3       jdk.internal.org.objectweb.asm.Frame::execute (2305 bytes)
Event: 1.554 Thread 0x000002244d734000  490       4       java.nio.Buffer::hasRemaining (17 bytes)
Event: 1.554 Thread 0x000002244d734000 nmethod 490 0x0000022439dcc710 code [0x0000022439dcc8a0, 0x0000022439dcc938]
Event: 1.556 Thread 0x000002244d735800 nmethod 485 0x0000022432921610 code [0x0000022432922380, 0x0000022432928b20]
Event: 1.556 Thread 0x000002244d735800  487       3       java.nio.ByteBuffer::limit (8 bytes)
Event: 1.556 Thread 0x000002244d735800 nmethod 487 0x000002243292a790 code [0x000002243292a940, 0x000002243292ab10]
Event: 1.556 Thread 0x000002244d735800  488       3       java.nio.MappedByteBuffer::position (8 bytes)
Event: 1.556 Thread 0x000002244d735800 nmethod 488 0x000002243292ab90 code [0x000002243292ad40, 0x000002243292af70]
Event: 1.556 Thread 0x000002244d735800  489       3       java.nio.MappedByteBuffer::limit (8 bytes)
Event: 1.556 Thread 0x000002244d735800 nmethod 489 0x000002243292b090 code [0x000002243292b240, 0x000002243292b470]
Event: 1.556 Thread 0x000002244d735800  491       1       jdk.internal.jimage.ImageHeader::getTableLength (5 bytes)
Event: 1.556 Thread 0x000002244d735800 nmethod 491 0x0000022439dcca10 code [0x0000022439dccba0, 0x0000022439dcccd8]
Event: 1.556 Thread 0x000002244d735800  486       1       java.security.ProtectionDomain::getCodeSource (5 bytes)
Event: 1.556 Thread 0x000002244d735800 nmethod 486 0x0000022439dccd90 code [0x0000022439dccf20, 0x0000022439dcd058]

GC Heap History (0 events):
No events

Deoptimization events (20 events):
Event: 0.783 Thread 0x0000022429dc9000 DEOPT PACKING pc=0x0000022439da4f28 sp=0x000000dc790fb820
Event: 0.783 Thread 0x0000022429dc9000 DEOPT UNPACKING pc=0x00000224322d852f sp=0x000000dc790fb7b8 mode 2
Event: 1.248 Thread 0x0000022429dc9000 DEOPT PACKING pc=0x0000022432894fdf sp=0x000000dc790fed70
Event: 1.249 Thread 0x0000022429dc9000 DEOPT UNPACKING pc=0x000002243231845e sp=0x000000dc790fe1e8 mode 0
Event: 1.249 Thread 0x0000022429dc9000 DEOPT PACKING pc=0x0000022432894fdf sp=0x000000dc790fed70
Event: 1.249 Thread 0x0000022429dc9000 DEOPT UNPACKING pc=0x000002243231845e sp=0x000000dc790fe1e8 mode 0
Event: 1.249 Thread 0x0000022429dc9000 DEOPT PACKING pc=0x0000022432894fdf sp=0x000000dc790fed70
Event: 1.249 Thread 0x0000022429dc9000 DEOPT UNPACKING pc=0x000002243231845e sp=0x000000dc790fe1e8 mode 0
Event: 1.251 Thread 0x0000022429dc9000 DEOPT PACKING pc=0x0000022432894fdf sp=0x000000dc790fed70
Event: 1.251 Thread 0x0000022429dc9000 DEOPT UNPACKING pc=0x000002243231845e sp=0x000000dc790fe1e8 mode 0
Event: 1.251 Thread 0x0000022429dc9000 DEOPT PACKING pc=0x0000022432894fdf sp=0x000000dc790fed70
Event: 1.251 Thread 0x0000022429dc9000 DEOPT UNPACKING pc=0x000002243231845e sp=0x000000dc790fe1e8 mode 0
Event: 1.251 Thread 0x0000022429dc9000 DEOPT PACKING pc=0x0000022432894fdf sp=0x000000dc790fed70
Event: 1.251 Thread 0x0000022429dc9000 DEOPT UNPACKING pc=0x000002243231845e sp=0x000000dc790fe1e8 mode 0
Event: 1.253 Thread 0x0000022429dc9000 DEOPT PACKING pc=0x0000022432894fdf sp=0x000000dc790fed70
Event: 1.253 Thread 0x0000022429dc9000 DEOPT UNPACKING pc=0x000002243231845e sp=0x000000dc790fe1e8 mode 0
Event: 1.253 Thread 0x0000022429dc9000 DEOPT PACKING pc=0x0000022432894fdf sp=0x000000dc790fed70
Event: 1.253 Thread 0x0000022429dc9000 DEOPT UNPACKING pc=0x000002243231845e sp=0x000000dc790fe1e8 mode 0
Event: 1.253 Thread 0x0000022429dc9000 DEOPT PACKING pc=0x0000022432894fdf sp=0x000000dc790fed70
Event: 1.253 Thread 0x0000022429dc9000 DEOPT UNPACKING pc=0x000002243231845e sp=0x000000dc790fe1e8 mode 0

Classes unloaded (0 events):
No events

Classes redefined (0 events):
No events

Internal exceptions (4 events):
Event: 0.786 Thread 0x0000022429dc9000 Exception <a 'java/lang/NoSuchMethodError'{0x0000000713848db8}: 'java.lang.Object java.lang.invoke.DirectMethodHandle$Holder.invokeStaticInit(java.lang.Object, int, int, int, int)'> (0x0000000713848db8) 
thrown [t:/workspace/open/src/hotspot/share/interpreter/linkResolver.cpp, line 767]
Event: 0.787 Thread 0x0000022429dc9000 Exception <a 'sun/nio/fs/WindowsException'{0x000000071384e960}> (0x000000071384e960) 
thrown [t:/workspace/open/src/hotspot/share/prims/jni.cpp, line 598]
Event: 0.789 Thread 0x0000022429dc9000 Exception <a 'java/lang/NoSuchMethodError'{0x0000000713850d68}: 'int java.lang.invoke.DirectMethodHandle$Holder.invokeSpecialIFC(java.lang.Object, java.lang.Object, int)'> (0x0000000713850d68) 
thrown [t:/workspace/open/src/hotspot/share/interpreter/linkResolver.cpp, line 767]
Event: 1.236 Thread 0x0000022429dc9000 Exception <a 'java/lang/NoSuchMethodError'{0x00000007137575c8}: 'java.lang.Object java.lang.invoke.DirectMethodHandle$Holder.invokeStaticInit(java.lang.Object, java.lang.Object, int, int, int, int)'> (0x00000007137575c8) 
thrown [t:/workspace/open/src/hotspot/share/interpreter/linkResolver.cpp, line 767]

Events (20 events):
Event: 1.540 loading class com/ocrown/FileStorer
Event: 1.540 loading class com/ocrown/FileStorer done
Event: 1.541 loading class com/ocrown/DataBase
Event: 1.541 loading class com/ocrown/DataBase done
Event: 1.544 loading class java/lang/SecurityException
Event: 1.544 Thread 0x000002244e31c000 Thread exited: 0x000002244e31c000
Event: 1.544 loading class java/lang/SecurityException done
Event: 1.548 loading class java/lang/invoke/BoundMethodHandle$Species_LL
Event: 1.548 loading class java/lang/invoke/BoundMethodHandle$Species_LL done
Event: 1.548 loading class java/lang/invoke/BoundMethodHandle$Species_LLL
Event: 1.548 loading class java/lang/invoke/BoundMethodHandle$Species_LLL done
Event: 1.551 loading class java/lang/invoke/BoundMethodHandle$Species_LJ
Event: 1.551 loading class java/lang/invoke/BoundMethodHandle$Species_LJ done
Event: 1.551 loading class java/lang/invoke/BoundMethodHandle$Species_LLLL
Event: 1.551 loading class java/lang/invoke/BoundMethodHandle$Species_LLLL done
Event: 1.552 loading class java/lang/invoke/BoundMethodHandle$Species_LLLLL
Event: 1.552 loading class java/lang/invoke/BoundMethodHandle$Species_LLLLL done
Event: 1.554 loading class sun/net/www/protocol/jar/JarURLConnection
Event: 1.555 loading class java/net/JarURLConnection
Event: 1.555 loading class java/net/URLConnection


Dynamic libraries:
0x00007ff7945e0000 - 0x00007ff7945ef000 	D:\Program Files (x86)\java\jdk-13.0.2\bin\java.exe
0x00007fff687b0000 - 0x00007fff689a6000 	C:\WINDOWS\SYSTEM32\ntdll.dll
0x00007fff669b0000 - 0x00007fff66a6d000 	C:\WINDOWS\System32\KERNEL32.DLL
0x00007fff660c0000 - 0x00007fff66389000 	C:\WINDOWS\System32\KERNELBASE.dll
0x00007fff65f70000 - 0x00007fff66070000 	C:\WINDOWS\System32\ucrtbase.dll
0x00007fff14b60000 - 0x00007fff14b78000 	D:\Program Files (x86)\java\jdk-13.0.2\bin\jli.dll
0x00007fff67170000 - 0x00007fff6721c000 	C:\WINDOWS\System32\ADVAPI32.dll
0x00007fff67cb0000 - 0x00007fff67d4e000 	C:\WINDOWS\System32\msvcrt.dll
0x00007fff66f90000 - 0x00007fff6702c000 	C:\WINDOWS\System32\sechost.dll
0x00007fff679d0000 - 0x00007fff67afb000 	C:\WINDOWS\System32\RPCRT4.dll
0x00007fff66810000 - 0x00007fff669b0000 	C:\WINDOWS\System32\USER32.dll
0x00007fff66390000 - 0x00007fff663b2000 	C:\WINDOWS\System32\win32u.dll
0x00007fff68550000 - 0x00007fff6857a000 	C:\WINDOWS\System32\GDI32.dll
0x00007fff4eb60000 - 0x00007fff4edfb000 	C:\WINDOWS\WinSxS\amd64_microsoft.windows.common-controls_6595b64144ccf1df_6.0.19041.746_none_ca02b4b61b8320a4\COMCTL32.dll
0x00007fff663c0000 - 0x00007fff664cb000 	C:\WINDOWS\System32\gdi32full.dll
0x00007fff66580000 - 0x00007fff6661d000 	C:\WINDOWS\System32\msvcp_win.dll
0x00007fff14b80000 - 0x00007fff14b95000 	D:\Program Files (x86)\java\jdk-13.0.2\bin\VCRUNTIME140.dll
0x00007fff5a560000 - 0x00007fff5a56a000 	C:\WINDOWS\SYSTEM32\VERSION.dll
0x00007fff68520000 - 0x00007fff68550000 	C:\WINDOWS\System32\IMM32.DLL
0x00007fff14ac0000 - 0x00007fff14b5b000 	D:\Program Files (x86)\java\jdk-13.0.2\bin\msvcp140.dll
0x00007fff13f60000 - 0x00007fff14abd000 	D:\Program Files (x86)\java\jdk-13.0.2\bin\server\jvm.dll
0x00007fff68280000 - 0x00007fff68288000 	C:\WINDOWS\System32\PSAPI.DLL
0x00007fff4f330000 - 0x00007fff4f357000 	C:\WINDOWS\SYSTEM32\WINMM.dll
0x00007fff3abf0000 - 0x00007fff3abf9000 	C:\WINDOWS\SYSTEM32\WSOCK32.dll
0x00007fff67100000 - 0x00007fff6716b000 	C:\WINDOWS\System32\WS2_32.dll
0x00007fff64780000 - 0x00007fff64792000 	C:\WINDOWS\SYSTEM32\kernel.appcore.dll
0x00007fff21f30000 - 0x00007fff21f40000 	D:\Program Files (x86)\java\jdk-13.0.2\bin\verify.dll
0x00007fff63c60000 - 0x00007fff63e44000 	C:\WINDOWS\SYSTEM32\DBGHELP.DLL
0x00007fff48890000 - 0x00007fff488bc000 	C:\WINDOWS\SYSTEM32\dbgcore.DLL
0x00007fff65ef0000 - 0x00007fff65f70000 	C:\WINDOWS\System32\bcryptPrimitives.dll
0x00007fff130a0000 - 0x00007fff130c6000 	D:\Program Files (x86)\java\jdk-13.0.2\bin\java.dll
0x00007fff13080000 - 0x00007fff13097000 	D:\Program Files (x86)\java\jdk-13.0.2\bin\zip.dll
0x00007fff1ea20000 - 0x00007fff1ea2a000 	D:\Program Files (x86)\java\jdk-13.0.2\bin\jimage.dll
0x00007fff67220000 - 0x00007fff67962000 	C:\WINDOWS\System32\SHELL32.dll
0x00007fff63fe0000 - 0x00007fff64770000 	C:\WINDOWS\SYSTEM32\windows.storage.dll
0x00007fff67df0000 - 0x00007fff68146000 	C:\WINDOWS\System32\combase.dll
0x00007fff65880000 - 0x00007fff658ac000 	C:\WINDOWS\SYSTEM32\Wldp.dll
0x00007fff686c0000 - 0x00007fff6876e000 	C:\WINDOWS\System32\SHCORE.dll
0x00007fff68330000 - 0x00007fff68385000 	C:\WINDOWS\System32\shlwapi.dll
0x00007fff65e20000 - 0x00007fff65e46000 	C:\WINDOWS\SYSTEM32\profapi.dll
0x00007fff12ce0000 - 0x00007fff12d83000 	D:\work\2021_2_5\finance\WeWorkFinanceSdk.dll
0x00007ffef54e0000 - 0x00007ffef561c000 	D:\work\2021_2_5\finance\libcurl-x64.dll
0x00007fff666b0000 - 0x00007fff66806000 	C:\WINDOWS\System32\CRYPT32.dll
0x00007ffee3120000 - 0x00007ffee33d9000 	D:\work\2021_2_5\finance\libcrypto-1_1-x64.dll
0x00007fff68150000 - 0x00007fff68158000 	C:\WINDOWS\System32\Normaliz.dll
0x00007fff68390000 - 0x00007fff683e6000 	C:\WINDOWS\System32\WLDAP32.dll
0x00007fff2d720000 - 0x00007fff2d7ae000 	D:\work\2021_2_5\finance\libssl-1_1-x64.dll
0x00007fff488f0000 - 0x00007fff488fc000 	C:\WINDOWS\SYSTEM32\VCRUNTIME140_1.dll
0x00007fff4a6b0000 - 0x00007fff4a6bc000 	C:\WINDOWS\SYSTEM32\secur32.dll
0x00007fff65dd0000 - 0x00007fff65e0c000 	C:\WINDOWS\SYSTEM32\SSPICLI.DLL
0x00007fff65330000 - 0x00007fff6536b000 	C:\WINDOWS\SYSTEM32\iphlpapi.dll
0x00007fff65670000 - 0x00007fff656da000 	C:\WINDOWS\system32\mswsock.dll
0x00007fff65370000 - 0x00007fff6543b000 	C:\WINDOWS\SYSTEM32\DNSAPI.dll
0x00007fff68320000 - 0x00007fff68328000 	C:\WINDOWS\System32\NSI.dll
0x00007fff5a530000 - 0x00007fff5a53a000 	C:\Windows\System32\rasadhlp.dll
0x00007fff585e0000 - 0x00007fff5865f000 	C:\WINDOWS\System32\fwpuclnt.dll
0x00007fff66680000 - 0x00007fff666a7000 	C:\WINDOWS\System32\bcrypt.dll
0x00007fff658c0000 - 0x00007fff658d8000 	C:\WINDOWS\SYSTEM32\CRYPTSP.dll
0x00007fff64fc0000 - 0x00007fff64ff4000 	C:\WINDOWS\system32\rsaenh.dll
0x00007fff657f0000 - 0x00007fff657fc000 	C:\WINDOWS\SYSTEM32\CRYPTBASE.dll
0x00007fff12a50000 - 0x00007fff12a69000 	D:\Program Files (x86)\java\jdk-13.0.2\bin\net.dll
0x00007fff5d300000 - 0x00007fff5d400000 	C:\WINDOWS\SYSTEM32\WINHTTP.dll
0x00007fff12a10000 - 0x00007fff12a23000 	D:\Program Files (x86)\java\jdk-13.0.2\bin\nio.dll
0x00007fff39fe0000 - 0x00007fff39fee000 	D:\Program Files (x86)\java\jdk-13.0.2\bin\sunmscapi.dll
0x00007fff659c0000 - 0x00007fff659e7000 	C:\WINDOWS\SYSTEM32\ncrypt.dll
0x00007fff65980000 - 0x00007fff659bb000 	C:\WINDOWS\SYSTEM32\NTASN1.dll
0x00007fff39fb0000 - 0x00007fff39fd5000 	D:\Program Files (x86)\java\jdk-13.0.2\bin\sunec.dll
0x00007fff65da0000 - 0x00007fff65dce000 	C:\WINDOWS\SYSTEM32\USERENV.dll
0x00007fff5b510000 - 0x00007fff5b527000 	C:\WINDOWS\SYSTEM32\dhcpcsvc6.DLL
0x00007fff5b4f0000 - 0x00007fff5b50d000 	C:\WINDOWS\SYSTEM32\dhcpcsvc.DLL

dbghelp: loaded successfully - version: 4.0.5 - missing functions: none
symbol engine: initialized successfully - sym options: 0x614 - pdb path: .;D:\Program Files (x86)\java\jdk-13.0.2\bin;C:\WINDOWS\SYSTEM32;C:\WINDOWS\WinSxS\amd64_microsoft.windows.common-controls_6595b64144ccf1df_6.0.19041.746_none_ca02b4b61b8320a4;D:\Program Files (x86)\java\jdk-13.0.2\bin\server;D:\work\2021_2_5\finance

VM Arguments:
jvm_args: -Dfile.encoding=UTF-8 
java_command: com.ocrown.Main
java_class_path (initial): D:\work\2021_2_5\finance\target\classes;C:\Users\a8700\.m2\repository\org\springframework\boot\spring-boot-starter\2.4.2\spring-boot-starter-2.4.2.jar;C:\Users\a8700\.m2\repository\org\springframework\boot\spring-boot\2.4.2\spring-boot-2.4.2.jar;C:\Users\a8700\.m2\repository\org\springframework\spring-context\5.3.3\spring-context-5.3.3.jar;C:\Users\a8700\.m2\repository\org\springframework\spring-aop\5.3.3\spring-aop-5.3.3.jar;C:\Users\a8700\.m2\repository\org\springframework\spring-beans\5.3.3\spring-beans-5.3.3.jar;C:\Users\a8700\.m2\repository\org\springframework\spring-expression\5.3.3\spring-expression-5.3.3.jar;C:\Users\a8700\.m2\repository\org\springframework\boot\spring-boot-autoconfigure\2.4.2\spring-boot-autoconfigure-2.4.2.jar;C:\Users\a8700\.m2\repository\org\springframework\boot\spring-boot-starter-logging\2.4.2\spring-boot-starter-logging-2.4.2.jar;C:\Users\a8700\.m2\repository\ch\qos\logback\logback-classic\1.2.3\logback-classic-1.2.3.jar;C:\Users\a8700\.m2\repository\ch\qos\logback\logback-core\1.2.3\logback-core-1.2.3.jar;C:\Users\a8700\.m2\repository\org\apache\logging\log4j\log4j-to-slf4j\2.13.3\log4j-to-slf4j-2.13.3.jar;C:\Users\a8700\.m2\repository\org\apache\logging\log4j\log4j-api\2.13.3\log4j-api-2.13.3.jar;C:\Users\a8700\.m2\repository\org\slf4j\jul-to-slf4j\1.7.30\jul-to-slf4j-1.7.30.jar;C:\Users\a8700\.m2\repository\jakarta\annotation\jakarta.annotation-api\1.3.5\jakarta.annotation-api-1.3.5.jar;C:\Users\a8700\.m2\repository\org\springframework\spring-core\5.3.3\spring-core-5.3.3.jar;C:\Users\a8700\.m2\repository\org\springframework\spring-jcl\5.3.3\spring-jcl-5.3.3.jar;C:\Users\a8700\.m2\repository\org\yaml\snakeyaml\1.27\snakeyaml-1.27.jar;C:\Users\a8700\.m2\repository\org\slf4j\slf4j-api\1.7.30\slf4j-api-1.7.30.jar;C:\Users\a8700\.m2\repository\net\iharder\base64\2.3.9\base64-2.3.9.jar;C:\Users\a8700\.m2\repository\mysql\mysql-connector-java\8.0.23\mysql-connector-java-8.0.23.jar
Launcher Type: SUN_STANDARD

[Global flags]
     intx CICompilerCount                          = 4                                         {product} {ergonomic}
     uint ConcGCThreads                            = 2                                         {product} {ergonomic}
     uint G1ConcRefinementThreads                  = 8                                         {product} {ergonomic}
   size_t G1HeapRegionSize                         = 1048576                                   {product} {ergonomic}
    uintx GCDrainStackTargetSize                   = 64                                        {product} {ergonomic}
   size_t InitialHeapSize                          = 264241152                                 {product} {ergonomic}
   size_t MarkStackSize                            = 4194304                                   {product} {ergonomic}
   size_t MaxHeapSize                              = 4227858432                                {product} {ergonomic}
   size_t MaxNewSize                               = 2536505344                                {product} {ergonomic}
   size_t MinHeapDeltaBytes                        = 1048576                                   {product} {ergonomic}
   size_t MinHeapSize                              = 8388608                                   {product} {ergonomic}
    uintx NonNMethodCodeHeapSize                   = 5839372                                {pd product} {ergonomic}
    uintx NonProfiledCodeHeapSize                  = 122909434                              {pd product} {ergonomic}
    uintx ProfiledCodeHeapSize                     = 122909434                              {pd product} {ergonomic}
    uintx ReservedCodeCacheSize                    = 251658240                              {pd product} {ergonomic}
     bool SegmentedCodeCache                       = true                                      {product} {ergonomic}
   size_t SoftMaxHeapSize                          = 4227858432                             {manageable} {ergonomic}
     bool UseCompressedClassPointers               = true                                 {lp64_product} {ergonomic}
     bool UseCompressedOops                        = true                                 {lp64_product} {ergonomic}
     bool UseG1GC                                  = true                                      {product} {ergonomic}
     bool UseLargePagesIndividualAllocation        = false                                  {pd product} {ergonomic}

Logging:
Log output configuration:
 #0: stdout all=warning uptime,level,tags
 #1: stderr all=off uptime,level,tags

Environment Variables:
JAVA_HOME=D:\Program Files (x86)\java\jdk-13.0.2
CLASSPATH=.;D:\Program Files (x86)\java\jdk-13.0.2\lib;D:\Program Files (x86)\java\jdk-13.0.2\lib\tools.jar;D:\Program Files\nodejs
PATH=C:\Windows\system32;C:\Windows;C:\Windows\System32\Wbem;C:\Windows\System32\WindowsPowerShell\v1.0\;C:\Windows\System32\OpenSSH\;C:\Program Files (x86)\NVIDIA Corporation\PhysX\Common;C:\Program Files\NVIDIA Corporation\NVIDIA NvDLISR;D:\Program Files (x86)\java\jdk-13.0.2\bin;D:\Program Files (x86)\java\jdk-13.0.2\jre\bin;D:\Program_Files\minGw\bin;D:\Program Files (x86)\apache-maven-3.6.3\bin;D:\Program Files\nodejs\;C:\Program Files\dotnet\;D:\Program_Files\gatling-charts-highcharts-bundle-3.3.1\bin;C:\WINDOWS\system32;C:\WINDOWS;C:\WINDOWS\System32\Wbem;C:\WINDOWS\System32\WindowsPowerShell\v1.0\;C:\WINDOWS\System32\OpenSSH\;D:\Program Files (x86)\Git\cmd;C:\Program Files\MySQL\MySQL Shell 8.0\bin\;C:\Users\a8700\AppData\Local\Microsoft\WindowsApps;D:\Program Files (x86)\Microsoft VS Code\bin;C:\Program Files\Bandizip\;D:\Program Files (x86)\apache-maven-3.6.3\bin;C:\Users\a8700\AppData\Roaming\npm;D:\Program Files\Docker Toolbox;
USERNAME=a8700
OS=Windows_NT
PROCESSOR_IDENTIFIER=Intel64 Family 6 Model 126 Stepping 5, GenuineIntel



---------------  S Y S T E M  ---------------

OS: Windows 10 , 64 bit Build 19041 (10.0.19041.789)
HyperV virtualization detected

CPU:total 8 (initial active 8) (4 cores per cpu, 2 threads per core) family 6 model 126 stepping 5, cmov, cx8, fxsr, mmx, sse, sse2, sse3, ssse3, sse4.1, sse4.2, popcnt, avx, avx2, aes, clmul, erms, 3dnowpref, lzcnt, ht, tsc, tscinvbit, bmi1, bmi2, adx, evex, sha, fma

Memory: 4k page, system-wide physical 16127M (8667M free)
TotalPageFile size 18559M (AvailPageFile size 7369M)
current process WorkingSet (physical memory assigned to process): 48M, peak: 48M
current process commit charge ("private bytes"): 348M, peak: 349M

vm_info: Java HotSpot(TM) 64-Bit Server VM (13.0.2+8) for windows-amd64 JRE (13.0.2+8), built on Dec 11 2019 09:20:33 by "mach5one" with unknown MS VC++:1916

END.
