#
# A fatal error has been detected by the Java Runtime Environment:
#
#  EXCEPTION_ACCESS_VIOLATION (0xc0000005) at pc=0x00007ffb5c1809c7, pid=4536, tid=13664
#
# JRE version: Java(TM) SE Runtime Environment (13.0.2+8) (build 13.0.2+8)
# Java VM: Java HotSpot(TM) 64-Bit Server VM (13.0.2+8, mixed mode, sharing, tiered, compressed oops, g1 gc, windows-amd64)
# Problematic frame:
# V  [jvm.dll+0x6f09c7]
#
# No core dump will be written. Minidumps are not enabled by default on client versions of Windows
#
# If you would like to submit a bug report, please visit:
#   http://bugreport.java.com/bugreport/crash.jsp
#

---------------  S U M M A R Y ------------

Command Line: -Dfile.encoding=UTF-8 com.ocrown.Main

Host: Intel(R) Core(TM) i7-1065G7 CPU @ 1.30GHz, 8 cores, 15G,  Windows 10 , 64 bit Build 19041 (10.0.19041.782)
Time: Tue Feb  2 16:40:57 2021 中国标准时间 elapsed time: 2 seconds (0d 0h 0m 2s)

---------------  T H R E A D  ---------------

Current thread (0x000002a94a085000):  JavaThread "main" [_thread_in_vm, id=13664, stack(0x000000e87c600000,0x000000e87c700000)]

Stack: [0x000000e87c600000,0x000000e87c700000],  sp=0x000000e87c6fd220,  free space=1012k
Native frames: (J=compiled Java code, j=interpreted, Vv=VM code, C=native code)
V  [jvm.dll+0x6f09c7]
V  [jvm.dll+0x6f27ec]
V  [jvm.dll+0x1ca3ba]
V  [jvm.dll+0x1c8c5a]
V  [jvm.dll+0x1ce315]
V  [jvm.dll+0x1c35eb]
V  [jvm.dll+0x50a6d2]
V  [jvm.dll+0x6fcd19]
V  [jvm.dll+0x3ef520]
V  [jvm.dll+0x3f46d6]
C  [java.dll+0x1970]

Java frames: (J=compiled Java code, j=interpreted, Vv=VM code)
j  java.lang.ClassLoader.defineClass1(Ljava/lang/ClassLoader;Ljava/lang/String;[BIILjava/security/ProtectionDomain;Ljava/lang/String;)Ljava/lang/Class;+0 java.base@13.0.2
j  java.lang.ClassLoader.defineClass(Ljava/lang/String;[BIILjava/security/ProtectionDomain;)Ljava/lang/Class;+27 java.base@13.0.2
j  java.security.SecureClassLoader.defineClass(Ljava/lang/String;[BIILjava/security/CodeSource;)Ljava/lang/Class;+12 java.base@13.0.2
j  jdk.internal.loader.BuiltinClassLoader.defineClass(Ljava/lang/String;Ljdk/internal/loader/Resource;)Ljava/lang/Class;+117 java.base@13.0.2
j  jdk.internal.loader.BuiltinClassLoader.findClassOnClassPathOrNull(Ljava/lang/String;)Ljava/lang/Class;+37 java.base@13.0.2
j  jdk.internal.loader.BuiltinClassLoader.loadClassOrNull(Ljava/lang/String;Z)Ljava/lang/Class;+111 java.base@13.0.2
j  jdk.internal.loader.BuiltinClassLoader.loadClass(Ljava/lang/String;Z)Ljava/lang/Class;+3 java.base@13.0.2
j  jdk.internal.loader.ClassLoaders$AppClassLoader.loadClass(Ljava/lang/String;Z)Ljava/lang/Class;+36 java.base@13.0.2
j  java.lang.ClassLoader.loadClass(Ljava/lang/String;)Ljava/lang/Class;+3 java.base@13.0.2
v  ~StubRoutines::call_stub
j  com.ocrown.Main.main([Ljava/lang/String;)V+245
v  ~StubRoutines::call_stub

siginfo: EXCEPTION_ACCESS_VIOLATION (0xc0000005), reading address 0x000002a900000029


Register to memory mapping:

RIP=0x00007ffb5c1809c7 jvm.dll
RAX=0x000002a96ebfca60 points into unknown readable memory: 00 00 00 00 00 00 00 00
RBX=0x000002a96ebfcac0 points into unknown readable memory: d0 61 d7 6e a9 02 00 00
RCX=0x000000000000585c is an unknown value
RDX=0x000000000635d85c is an unknown value
RSP=0x000000e87c6fd220 is pointing into the stack for thread: 0x000002a94a085000
RBP=0x000000e87c6fd2b0 is pointing into the stack for thread: 0x000002a94a085000
RSI=0x0000000000000001 is an unknown value
RDI=0x000002a94a085000 is a thread
R8 =0x0 is NULL
R9 =0x000002a900000029 is an unknown value
R10=0x0000000000000008 is an unknown value
R11=0x000000e87c6fd2d8 is pointing into the stack for thread: 0x000002a94a085000
R12=0x0 is NULL
R13=0x0000000000000001 is an unknown value
R14=0x000002a96e0c1a90 points into unknown readable memory: 00 00 00 00 00 00 00 00
R15=0x000002a94a085000 is a thread


Registers:
RAX=0x000002a96ebfca60, RBX=0x000002a96ebfcac0, RCX=0x000000000000585c, RDX=0x000000000635d85c
RSP=0x000000e87c6fd220, RBP=0x000000e87c6fd2b0, RSI=0x0000000000000001, RDI=0x000002a94a085000
R8 =0x0000000000000000, R9 =0x000002a900000029, R10=0x0000000000000008, R11=0x000000e87c6fd2d8
R12=0x0000000000000000, R13=0x0000000000000001, R14=0x000002a96e0c1a90, R15=0x000002a94a085000
RIP=0x00007ffb5c1809c7, EFLAGS=0x0000000000010202

Top of Stack: (sp=0x000000e87c6fd220)
0x000000e87c6fd220:   000002a96e63d340 0000000000000004
0x000000e87c6fd230:   0000000000000010 000002a96f44d6c0
0x000000e87c6fd240:   000000e87c6fd7b0 0000000000000005
0x000000e87c6fd250:   000002a96e63d340 0000000000000005
0x000000e87c6fd260:   000002a94a085000 000002a96f44d6d3
0x000000e87c6fd270:   000000e87c6fd3e0 00007ffb5c1827ec
0x000000e87c6fd280:   000000000635d85c 0000000000000005
0x000000e87c6fd290:   0000000000000005 000000e87c6fd2e0
0x000000e87c6fd2a0:   000000e87c6fd2e8 00007ffb5c182727
0x000000e87c6fd2b0:   0000000000000005 000000000635d85c
0x000000e87c6fd2c0:   000000e800000005 000002a96f44d6d3
0x000000e87c6fd2d0:   000002a94a085000 00007ffb5bc5a3ba
0x000000e87c6fd2e0:   0000000000000000 000002a96f44d600
0x000000e87c6fd2f0:   000002a96f44d6d3 000002a94a085000
0x000000e87c6fd300:   466242426e250150 6c6533496e3c8558
0x000000e87c6fd310:   325172466e22d020 304e77396e3c7a18 

Instructions: (pc=0x00007ffb5c1809c7)
0x00007ffb5c1808c7:   48 8b 7c 24 48 48 8b 74 24 50 4c 3b ff 0f 82 76
0x00007ffb5c1808d7:   fd ff ff 4c 8b b4 24 b8 08 00 00 49 89 9d 00 01
0x00007ffb5c1808e7:   00 00 48 8b 8c 24 60 08 00 00 48 33 cc e8 67 f9
0x00007ffb5c1808f7:   0a 00 48 81 c4 70 08 00 00 41 5f 41 5d 41 5c 5f
0x00007ffb5c180907:   5e 5d 5b c3 cc cc cc cc cc 48 89 5c 24 10 4c 89
0x00007ffb5c180917:   4c 24 20 55 56 57 41 54 41 55 41 56 41 57 48 83
0x00007ffb5c180927:   ec 20 4c 8b a2 00 01 00 00 4d 8b e9 49 8b e8 4c
0x00007ffb5c180937:   8b fa 4c 8b f1 49 8b c4 41 f6 c4 01 75 0b 48 8b
0x00007ffb5c180947:   05 d4 98 38 00 48 83 c8 01 48 89 82 00 01 00 00
0x00007ffb5c180957:   e8 f4 61 f2 ff 49 8b 46 48 45 33 c0 48 85 c0 74
0x00007ffb5c180967:   0c 4d 89 46 48 e8 df 61 f2 ff 45 33 c0 49 8b 46
0x00007ffb5c180977:   08 40 32 ff 48 8b 55 08 48 8b 48 18 48 8b 00 48
0x00007ffb5c180987:   23 ca 48 8d 1c c8 48 8b 04 c8 d0 e8 a8 01 74 12
0x00007ffb5c180997:   49 8b 46 10 48 8b 48 18 48 8b 00 48 23 ca 48 8d
0x00007ffb5c1809a7:   1c c8 48 8b 1b 49 8b f0 48 83 e3 fc 74 7b 41 bd
0x00007ffb5c1809b7:   01 00 00 00 0f 1f 44 00 00 4c 8b 4b 08 48 ff c6
0x00007ffb5c1809c7:   41 8b 01 c1 e8 10 3b 45 10 75 36 85 c0 74 24 4c
0x00007ffb5c1809d7:   8b 45 18 49 8b c9 49 03 c0 49 2b c8 0f b6 54 01
0x00007ffb5c1809e7:   05 48 ff c8 38 10 75 19 48 8b d0 49 2b d0 48 85
0x00007ffb5c1809f7:   d2 7f e9 49 8b c9 e8 0e f8 ff ff 84 c0 75 22 eb
0x00007ffb5c180a07:   0a 41 8b 01 0f b7 c0 85 c0 75 0e 40 84 ff 40 0f
0x00007ffb5c180a17:   b6 c7 41 0f 44 c5 0f b6 f8 48 8b 1b 48 85 db 75
0x00007ffb5c180a27:   98 4c 8b 6c 24 78 45 33 c0 48 8b 94 24 80 00 00
0x00007ffb5c180a37:   00 48 8d 4b 08 48 85 db 48 89 74 24 60 49 0f 44
0x00007ffb5c180a47:   c8 48 85 d2 74 09 49 3b 76 28 0f 97 c0 88 02 48
0x00007ffb5c180a57:   85 c9 74 0b 48 8b 01 49 89 45 00 b0 01 eb 02 32
0x00007ffb5c180a67:   c0 48 8b 5c 24 68 4d 89 a7 00 01 00 00 48 83 c4
0x00007ffb5c180a77:   20 41 5f 41 5e 41 5d 41 5c 5f 5e 5d c3 cc cc cc
0x00007ffb5c180a87:   cc cc cc cc cc cc cc cc cc 4c 89 44 24 18 48 89
0x00007ffb5c180a97:   54 24 10 48 89 4c 24 08 53 55 56 57 41 54 41 55
0x00007ffb5c180aa7:   41 56 41 57 48 83 ec 48 49 8b 68 08 4c 8b f9 33
0x00007ffb5c180ab7:   c9 48 c7 44 24 30 00 00 00 00 48 89 8c 24 a8 00 


Stack slot to memory mapping:
stack at sp + 0 slots: 0x000002a96e63d340 is pointing into metadata
stack at sp + 1 slots: 0x0000000000000004 is an unknown value
stack at sp + 2 slots: 0x0000000000000010 is an unknown value
stack at sp + 3 slots: 0x000002a96f44d6c0 points into unknown readable memory: 6a 61 76 61 2f 6c 61 6e
stack at sp + 4 slots: 0x000000e87c6fd7b0 is pointing into the stack for thread: 0x000002a94a085000
stack at sp + 5 slots: 0x0000000000000005 is an unknown value
stack at sp + 6 slots: 0x000002a96e63d340 is pointing into metadata
stack at sp + 7 slots: 0x0000000000000005 is an unknown value


---------------  P R O C E S S  ---------------

Threads class SMR info:
_java_thread_list=0x000002a96f4113e0, length=10, elements={
0x000002a94a085000, 0x000002a96e1e9000, 0x000002a96e1ec000, 0x000002a96e210800,
0x000002a96e212000, 0x000002a96e213000, 0x000002a96e215000, 0x000002a96eaaa000,
0x000002a96ebd6000, 0x000002a96ebeb800
}

Java Threads: ( => current thread )
=>0x000002a94a085000 JavaThread "main" [_thread_in_vm, id=13664, stack(0x000000e87c600000,0x000000e87c700000)]
  0x000002a96e1e9000 JavaThread "Reference Handler" daemon [_thread_blocked, id=20772, stack(0x000000e87cd00000,0x000000e87ce00000)]
  0x000002a96e1ec000 JavaThread "Finalizer" daemon [_thread_blocked, id=11296, stack(0x000000e87ce00000,0x000000e87cf00000)]
  0x000002a96e210800 JavaThread "Signal Dispatcher" daemon [_thread_blocked, id=12820, stack(0x000000e87cf00000,0x000000e87d000000)]
  0x000002a96e212000 JavaThread "Attach Listener" daemon [_thread_blocked, id=5296, stack(0x000000e87d000000,0x000000e87d100000)]
  0x000002a96e213000 JavaThread "C2 CompilerThread0" daemon [_thread_blocked, id=20548, stack(0x000000e87d100000,0x000000e87d200000)]
  0x000002a96e215000 JavaThread "C1 CompilerThread0" daemon [_thread_blocked, id=14392, stack(0x000000e87d200000,0x000000e87d300000)]
  0x000002a96eaaa000 JavaThread "Sweeper thread" daemon [_thread_blocked, id=18936, stack(0x000000e87d300000,0x000000e87d400000)]
  0x000002a96ebd6000 JavaThread "Service Thread" daemon [_thread_blocked, id=21036, stack(0x000000e87d400000,0x000000e87d500000)]
  0x000002a96ebeb800 JavaThread "Common-Cleaner" daemon [_thread_blocked, id=8424, stack(0x000000e87d600000,0x000000e87d700000)]

Other Threads:
  0x000002a96e1e7000 VMThread "VM Thread" [stack: 0x000000e87cc00000,0x000000e87cd00000] [id=13916]
  0x000002a96ebe2800 WatcherThread [stack: 0x000000e87d500000,0x000000e87d600000] [id=12932]
  0x000002a94a0ee800 GCTaskThread "GC Thread#0" [stack: 0x000000e87c700000,0x000000e87c800000] [id=21136]
  0x000002a94a10f800 ConcurrentGCThread "G1 Main Marker" [stack: 0x000000e87c800000,0x000000e87c900000] [id=452]
  0x000002a94a111000 ConcurrentGCThread "G1 Conc#0" [stack: 0x000000e87c900000,0x000000e87ca00000] [id=11904]
  0x000002a96e0df800 ConcurrentGCThread "G1 Refine#0" [stack: 0x000000e87ca00000,0x000000e87cb00000] [id=21300]
  0x000002a96e0e1800 ConcurrentGCThread "G1 Young RemSet Sampling" [stack: 0x000000e87cb00000,0x000000e87cc00000] [id=4368]

Threads with active compile tasks:

VM state:not at safepoint (normal execution)

VM Mutex/Monitor currently owned by a thread: None

Heap address: 0x0000000704000000, size: 4032 MB, Compressed Oops mode: Zero based, Oop shift amount: 3
Narrow klass base: 0x0000000800000000, Narrow klass shift: 3
Compressed class space size: 1073741824 Address: 0x0000000800b40000

Heap:
 garbage-first heap   total 258048K, used 5120K [0x0000000704000000, 0x0000000800000000)
  region size 1024K, 6 young (6144K), 0 survivors (0K)
 Metaspace       used 2123K, capacity 4832K, committed 4864K, reserved 1056768K
  class space    used 216K, capacity 480K, committed 512K, reserved 1048576K
Heap Regions: E=young(eden), S=young(survivor), O=old, HS=humongous(starts), HC=humongous(continues), CS=collection set, F=free, A=archive, TAMS=top-at-mark-start (previous, next)
|   0|0x0000000704000000, 0x0000000704000000, 0x0000000704100000|  0%| F|  |TAMS 0x0000000704000000, 0x0000000704000000| Untracked 
|   1|0x0000000704100000, 0x0000000704100000, 0x0000000704200000|  0%| F|  |TAMS 0x0000000704100000, 0x0000000704100000| Untracked 
|   2|0x0000000704200000, 0x0000000704200000, 0x0000000704300000|  0%| F|  |TAMS 0x0000000704200000, 0x0000000704200000| Untracked 
|   3|0x0000000704300000, 0x0000000704300000, 0x0000000704400000|  0%| F|  |TAMS 0x0000000704300000, 0x0000000704300000| Untracked 
|   4|0x0000000704400000, 0x0000000704400000, 0x0000000704500000|  0%| F|  |TAMS 0x0000000704400000, 0x0000000704400000| Untracked 
|   5|0x0000000704500000, 0x0000000704500000, 0x0000000704600000|  0%| F|  |TAMS 0x0000000704500000, 0x0000000704500000| Untracked 
|   6|0x0000000704600000, 0x0000000704600000, 0x0000000704700000|  0%| F|  |TAMS 0x0000000704600000, 0x0000000704600000| Untracked 
|   7|0x0000000704700000, 0x0000000704700000, 0x0000000704800000|  0%| F|  |TAMS 0x0000000704700000, 0x0000000704700000| Untracked 
|   8|0x0000000704800000, 0x0000000704800000, 0x0000000704900000|  0%| F|  |TAMS 0x0000000704800000, 0x0000000704800000| Untracked 
|   9|0x0000000704900000, 0x0000000704900000, 0x0000000704a00000|  0%| F|  |TAMS 0x0000000704900000, 0x0000000704900000| Untracked 
|  10|0x0000000704a00000, 0x0000000704a00000, 0x0000000704b00000|  0%| F|  |TAMS 0x0000000704a00000, 0x0000000704a00000| Untracked 
|  11|0x0000000704b00000, 0x0000000704b00000, 0x0000000704c00000|  0%| F|  |TAMS 0x0000000704b00000, 0x0000000704b00000| Untracked 
|  12|0x0000000704c00000, 0x0000000704c00000, 0x0000000704d00000|  0%| F|  |TAMS 0x0000000704c00000, 0x0000000704c00000| Untracked 
|  13|0x0000000704d00000, 0x0000000704d00000, 0x0000000704e00000|  0%| F|  |TAMS 0x0000000704d00000, 0x0000000704d00000| Untracked 
|  14|0x0000000704e00000, 0x0000000704e00000, 0x0000000704f00000|  0%| F|  |TAMS 0x0000000704e00000, 0x0000000704e00000| Untracked 
|  15|0x0000000704f00000, 0x0000000704f00000, 0x0000000705000000|  0%| F|  |TAMS 0x0000000704f00000, 0x0000000704f00000| Untracked 
|  16|0x0000000705000000, 0x0000000705000000, 0x0000000705100000|  0%| F|  |TAMS 0x0000000705000000, 0x0000000705000000| Untracked 
|  17|0x0000000705100000, 0x0000000705100000, 0x0000000705200000|  0%| F|  |TAMS 0x0000000705100000, 0x0000000705100000| Untracked 
|  18|0x0000000705200000, 0x0000000705200000, 0x0000000705300000|  0%| F|  |TAMS 0x0000000705200000, 0x0000000705200000| Untracked 
|  19|0x0000000705300000, 0x0000000705300000, 0x0000000705400000|  0%| F|  |TAMS 0x0000000705300000, 0x0000000705300000| Untracked 
|  20|0x0000000705400000, 0x0000000705400000, 0x0000000705500000|  0%| F|  |TAMS 0x0000000705400000, 0x0000000705400000| Untracked 
|  21|0x0000000705500000, 0x0000000705500000, 0x0000000705600000|  0%| F|  |TAMS 0x0000000705500000, 0x0000000705500000| Untracked 
|  22|0x0000000705600000, 0x0000000705600000, 0x0000000705700000|  0%| F|  |TAMS 0x0000000705600000, 0x0000000705600000| Untracked 
|  23|0x0000000705700000, 0x0000000705700000, 0x0000000705800000|  0%| F|  |TAMS 0x0000000705700000, 0x0000000705700000| Untracked 
|  24|0x0000000705800000, 0x0000000705800000, 0x0000000705900000|  0%| F|  |TAMS 0x0000000705800000, 0x0000000705800000| Untracked 
|  25|0x0000000705900000, 0x0000000705900000, 0x0000000705a00000|  0%| F|  |TAMS 0x0000000705900000, 0x0000000705900000| Untracked 
|  26|0x0000000705a00000, 0x0000000705a00000, 0x0000000705b00000|  0%| F|  |TAMS 0x0000000705a00000, 0x0000000705a00000| Untracked 
|  27|0x0000000705b00000, 0x0000000705b00000, 0x0000000705c00000|  0%| F|  |TAMS 0x0000000705b00000, 0x0000000705b00000| Untracked 
|  28|0x0000000705c00000, 0x0000000705c00000, 0x0000000705d00000|  0%| F|  |TAMS 0x0000000705c00000, 0x0000000705c00000| Untracked 
|  29|0x0000000705d00000, 0x0000000705d00000, 0x0000000705e00000|  0%| F|  |TAMS 0x0000000705d00000, 0x0000000705d00000| Untracked 
|  30|0x0000000705e00000, 0x0000000705e00000, 0x0000000705f00000|  0%| F|  |TAMS 0x0000000705e00000, 0x0000000705e00000| Untracked 
|  31|0x0000000705f00000, 0x0000000705f00000, 0x0000000706000000|  0%| F|  |TAMS 0x0000000705f00000, 0x0000000705f00000| Untracked 
|  32|0x0000000706000000, 0x0000000706000000, 0x0000000706100000|  0%| F|  |TAMS 0x0000000706000000, 0x0000000706000000| Untracked 
|  33|0x0000000706100000, 0x0000000706100000, 0x0000000706200000|  0%| F|  |TAMS 0x0000000706100000, 0x0000000706100000| Untracked 
|  34|0x0000000706200000, 0x0000000706200000, 0x0000000706300000|  0%| F|  |TAMS 0x0000000706200000, 0x0000000706200000| Untracked 
|  35|0x0000000706300000, 0x0000000706300000, 0x0000000706400000|  0%| F|  |TAMS 0x0000000706300000, 0x0000000706300000| Untracked 
|  36|0x0000000706400000, 0x0000000706400000, 0x0000000706500000|  0%| F|  |TAMS 0x0000000706400000, 0x0000000706400000| Untracked 
|  37|0x0000000706500000, 0x0000000706500000, 0x0000000706600000|  0%| F|  |TAMS 0x0000000706500000, 0x0000000706500000| Untracked 
|  38|0x0000000706600000, 0x0000000706600000, 0x0000000706700000|  0%| F|  |TAMS 0x0000000706600000, 0x0000000706600000| Untracked 
|  39|0x0000000706700000, 0x0000000706700000, 0x0000000706800000|  0%| F|  |TAMS 0x0000000706700000, 0x0000000706700000| Untracked 
|  40|0x0000000706800000, 0x0000000706800000, 0x0000000706900000|  0%| F|  |TAMS 0x0000000706800000, 0x0000000706800000| Untracked 
|  41|0x0000000706900000, 0x0000000706900000, 0x0000000706a00000|  0%| F|  |TAMS 0x0000000706900000, 0x0000000706900000| Untracked 
|  42|0x0000000706a00000, 0x0000000706a00000, 0x0000000706b00000|  0%| F|  |TAMS 0x0000000706a00000, 0x0000000706a00000| Untracked 
|  43|0x0000000706b00000, 0x0000000706b00000, 0x0000000706c00000|  0%| F|  |TAMS 0x0000000706b00000, 0x0000000706b00000| Untracked 
|  44|0x0000000706c00000, 0x0000000706c00000, 0x0000000706d00000|  0%| F|  |TAMS 0x0000000706c00000, 0x0000000706c00000| Untracked 
|  45|0x0000000706d00000, 0x0000000706d00000, 0x0000000706e00000|  0%| F|  |TAMS 0x0000000706d00000, 0x0000000706d00000| Untracked 
|  46|0x0000000706e00000, 0x0000000706e00000, 0x0000000706f00000|  0%| F|  |TAMS 0x0000000706e00000, 0x0000000706e00000| Untracked 
|  47|0x0000000706f00000, 0x0000000706f00000, 0x0000000707000000|  0%| F|  |TAMS 0x0000000706f00000, 0x0000000706f00000| Untracked 
|  48|0x0000000707000000, 0x0000000707000000, 0x0000000707100000|  0%| F|  |TAMS 0x0000000707000000, 0x0000000707000000| Untracked 
|  49|0x0000000707100000, 0x0000000707100000, 0x0000000707200000|  0%| F|  |TAMS 0x0000000707100000, 0x0000000707100000| Untracked 
|  50|0x0000000707200000, 0x0000000707200000, 0x0000000707300000|  0%| F|  |TAMS 0x0000000707200000, 0x0000000707200000| Untracked 
|  51|0x0000000707300000, 0x0000000707300000, 0x0000000707400000|  0%| F|  |TAMS 0x0000000707300000, 0x0000000707300000| Untracked 
|  52|0x0000000707400000, 0x0000000707400000, 0x0000000707500000|  0%| F|  |TAMS 0x0000000707400000, 0x0000000707400000| Untracked 
|  53|0x0000000707500000, 0x0000000707500000, 0x0000000707600000|  0%| F|  |TAMS 0x0000000707500000, 0x0000000707500000| Untracked 
|  54|0x0000000707600000, 0x0000000707600000, 0x0000000707700000|  0%| F|  |TAMS 0x0000000707600000, 0x0000000707600000| Untracked 
|  55|0x0000000707700000, 0x0000000707700000, 0x0000000707800000|  0%| F|  |TAMS 0x0000000707700000, 0x0000000707700000| Untracked 
|  56|0x0000000707800000, 0x0000000707800000, 0x0000000707900000|  0%| F|  |TAMS 0x0000000707800000, 0x0000000707800000| Untracked 
|  57|0x0000000707900000, 0x0000000707900000, 0x0000000707a00000|  0%| F|  |TAMS 0x0000000707900000, 0x0000000707900000| Untracked 
|  58|0x0000000707a00000, 0x0000000707a00000, 0x0000000707b00000|  0%| F|  |TAMS 0x0000000707a00000, 0x0000000707a00000| Untracked 
|  59|0x0000000707b00000, 0x0000000707b00000, 0x0000000707c00000|  0%| F|  |TAMS 0x0000000707b00000, 0x0000000707b00000| Untracked 
|  60|0x0000000707c00000, 0x0000000707c00000, 0x0000000707d00000|  0%| F|  |TAMS 0x0000000707c00000, 0x0000000707c00000| Untracked 
|  61|0x0000000707d00000, 0x0000000707d00000, 0x0000000707e00000|  0%| F|  |TAMS 0x0000000707d00000, 0x0000000707d00000| Untracked 
|  62|0x0000000707e00000, 0x0000000707e00000, 0x0000000707f00000|  0%| F|  |TAMS 0x0000000707e00000, 0x0000000707e00000| Untracked 
|  63|0x0000000707f00000, 0x0000000707f00000, 0x0000000708000000|  0%| F|  |TAMS 0x0000000707f00000, 0x0000000707f00000| Untracked 
|  64|0x0000000708000000, 0x0000000708000000, 0x0000000708100000|  0%| F|  |TAMS 0x0000000708000000, 0x0000000708000000| Untracked 
|  65|0x0000000708100000, 0x0000000708100000, 0x0000000708200000|  0%| F|  |TAMS 0x0000000708100000, 0x0000000708100000| Untracked 
|  66|0x0000000708200000, 0x0000000708200000, 0x0000000708300000|  0%| F|  |TAMS 0x0000000708200000, 0x0000000708200000| Untracked 
|  67|0x0000000708300000, 0x0000000708300000, 0x0000000708400000|  0%| F|  |TAMS 0x0000000708300000, 0x0000000708300000| Untracked 
|  68|0x0000000708400000, 0x0000000708400000, 0x0000000708500000|  0%| F|  |TAMS 0x0000000708400000, 0x0000000708400000| Untracked 
|  69|0x0000000708500000, 0x0000000708500000, 0x0000000708600000|  0%| F|  |TAMS 0x0000000708500000, 0x0000000708500000| Untracked 
|  70|0x0000000708600000, 0x0000000708600000, 0x0000000708700000|  0%| F|  |TAMS 0x0000000708600000, 0x0000000708600000| Untracked 
|  71|0x0000000708700000, 0x0000000708700000, 0x0000000708800000|  0%| F|  |TAMS 0x0000000708700000, 0x0000000708700000| Untracked 
|  72|0x0000000708800000, 0x0000000708800000, 0x0000000708900000|  0%| F|  |TAMS 0x0000000708800000, 0x0000000708800000| Untracked 
|  73|0x0000000708900000, 0x0000000708900000, 0x0000000708a00000|  0%| F|  |TAMS 0x0000000708900000, 0x0000000708900000| Untracked 
|  74|0x0000000708a00000, 0x0000000708a00000, 0x0000000708b00000|  0%| F|  |TAMS 0x0000000708a00000, 0x0000000708a00000| Untracked 
|  75|0x0000000708b00000, 0x0000000708b00000, 0x0000000708c00000|  0%| F|  |TAMS 0x0000000708b00000, 0x0000000708b00000| Untracked 
|  76|0x0000000708c00000, 0x0000000708c00000, 0x0000000708d00000|  0%| F|  |TAMS 0x0000000708c00000, 0x0000000708c00000| Untracked 
|  77|0x0000000708d00000, 0x0000000708d00000, 0x0000000708e00000|  0%| F|  |TAMS 0x0000000708d00000, 0x0000000708d00000| Untracked 
|  78|0x0000000708e00000, 0x0000000708e00000, 0x0000000708f00000|  0%| F|  |TAMS 0x0000000708e00000, 0x0000000708e00000| Untracked 
|  79|0x0000000708f00000, 0x0000000708f00000, 0x0000000709000000|  0%| F|  |TAMS 0x0000000708f00000, 0x0000000708f00000| Untracked 
|  80|0x0000000709000000, 0x0000000709000000, 0x0000000709100000|  0%| F|  |TAMS 0x0000000709000000, 0x0000000709000000| Untracked 
|  81|0x0000000709100000, 0x0000000709100000, 0x0000000709200000|  0%| F|  |TAMS 0x0000000709100000, 0x0000000709100000| Untracked 
|  82|0x0000000709200000, 0x0000000709200000, 0x0000000709300000|  0%| F|  |TAMS 0x0000000709200000, 0x0000000709200000| Untracked 
|  83|0x0000000709300000, 0x0000000709300000, 0x0000000709400000|  0%| F|  |TAMS 0x0000000709300000, 0x0000000709300000| Untracked 
|  84|0x0000000709400000, 0x0000000709400000, 0x0000000709500000|  0%| F|  |TAMS 0x0000000709400000, 0x0000000709400000| Untracked 
|  85|0x0000000709500000, 0x0000000709500000, 0x0000000709600000|  0%| F|  |TAMS 0x0000000709500000, 0x0000000709500000| Untracked 
|  86|0x0000000709600000, 0x0000000709600000, 0x0000000709700000|  0%| F|  |TAMS 0x0000000709600000, 0x0000000709600000| Untracked 
|  87|0x0000000709700000, 0x0000000709700000, 0x0000000709800000|  0%| F|  |TAMS 0x0000000709700000, 0x0000000709700000| Untracked 
|  88|0x0000000709800000, 0x0000000709800000, 0x0000000709900000|  0%| F|  |TAMS 0x0000000709800000, 0x0000000709800000| Untracked 
|  89|0x0000000709900000, 0x0000000709900000, 0x0000000709a00000|  0%| F|  |TAMS 0x0000000709900000, 0x0000000709900000| Untracked 
|  90|0x0000000709a00000, 0x0000000709a00000, 0x0000000709b00000|  0%| F|  |TAMS 0x0000000709a00000, 0x0000000709a00000| Untracked 
|  91|0x0000000709b00000, 0x0000000709b00000, 0x0000000709c00000|  0%| F|  |TAMS 0x0000000709b00000, 0x0000000709b00000| Untracked 
|  92|0x0000000709c00000, 0x0000000709c00000, 0x0000000709d00000|  0%| F|  |TAMS 0x0000000709c00000, 0x0000000709c00000| Untracked 
|  93|0x0000000709d00000, 0x0000000709d00000, 0x0000000709e00000|  0%| F|  |TAMS 0x0000000709d00000, 0x0000000709d00000| Untracked 
|  94|0x0000000709e00000, 0x0000000709e00000, 0x0000000709f00000|  0%| F|  |TAMS 0x0000000709e00000, 0x0000000709e00000| Untracked 
|  95|0x0000000709f00000, 0x0000000709f00000, 0x000000070a000000|  0%| F|  |TAMS 0x0000000709f00000, 0x0000000709f00000| Untracked 
|  96|0x000000070a000000, 0x000000070a000000, 0x000000070a100000|  0%| F|  |TAMS 0x000000070a000000, 0x000000070a000000| Untracked 
|  97|0x000000070a100000, 0x000000070a100000, 0x000000070a200000|  0%| F|  |TAMS 0x000000070a100000, 0x000000070a100000| Untracked 
|  98|0x000000070a200000, 0x000000070a200000, 0x000000070a300000|  0%| F|  |TAMS 0x000000070a200000, 0x000000070a200000| Untracked 
|  99|0x000000070a300000, 0x000000070a300000, 0x000000070a400000|  0%| F|  |TAMS 0x000000070a300000, 0x000000070a300000| Untracked 
| 100|0x000000070a400000, 0x000000070a400000, 0x000000070a500000|  0%| F|  |TAMS 0x000000070a400000, 0x000000070a400000| Untracked 
| 101|0x000000070a500000, 0x000000070a500000, 0x000000070a600000|  0%| F|  |TAMS 0x000000070a500000, 0x000000070a500000| Untracked 
| 102|0x000000070a600000, 0x000000070a600000, 0x000000070a700000|  0%| F|  |TAMS 0x000000070a600000, 0x000000070a600000| Untracked 
| 103|0x000000070a700000, 0x000000070a700000, 0x000000070a800000|  0%| F|  |TAMS 0x000000070a700000, 0x000000070a700000| Untracked 
| 104|0x000000070a800000, 0x000000070a800000, 0x000000070a900000|  0%| F|  |TAMS 0x000000070a800000, 0x000000070a800000| Untracked 
| 105|0x000000070a900000, 0x000000070a900000, 0x000000070aa00000|  0%| F|  |TAMS 0x000000070a900000, 0x000000070a900000| Untracked 
| 106|0x000000070aa00000, 0x000000070aa00000, 0x000000070ab00000|  0%| F|  |TAMS 0x000000070aa00000, 0x000000070aa00000| Untracked 
| 107|0x000000070ab00000, 0x000000070ab00000, 0x000000070ac00000|  0%| F|  |TAMS 0x000000070ab00000, 0x000000070ab00000| Untracked 
| 108|0x000000070ac00000, 0x000000070ac00000, 0x000000070ad00000|  0%| F|  |TAMS 0x000000070ac00000, 0x000000070ac00000| Untracked 
| 109|0x000000070ad00000, 0x000000070ad00000, 0x000000070ae00000|  0%| F|  |TAMS 0x000000070ad00000, 0x000000070ad00000| Untracked 
| 110|0x000000070ae00000, 0x000000070ae00000, 0x000000070af00000|  0%| F|  |TAMS 0x000000070ae00000, 0x000000070ae00000| Untracked 
| 111|0x000000070af00000, 0x000000070af00000, 0x000000070b000000|  0%| F|  |TAMS 0x000000070af00000, 0x000000070af00000| Untracked 
| 112|0x000000070b000000, 0x000000070b000000, 0x000000070b100000|  0%| F|  |TAMS 0x000000070b000000, 0x000000070b000000| Untracked 
| 113|0x000000070b100000, 0x000000070b100000, 0x000000070b200000|  0%| F|  |TAMS 0x000000070b100000, 0x000000070b100000| Untracked 
| 114|0x000000070b200000, 0x000000070b200000, 0x000000070b300000|  0%| F|  |TAMS 0x000000070b200000, 0x000000070b200000| Untracked 
| 115|0x000000070b300000, 0x000000070b300000, 0x000000070b400000|  0%| F|  |TAMS 0x000000070b300000, 0x000000070b300000| Untracked 
| 116|0x000000070b400000, 0x000000070b400000, 0x000000070b500000|  0%| F|  |TAMS 0x000000070b400000, 0x000000070b400000| Untracked 
| 117|0x000000070b500000, 0x000000070b500000, 0x000000070b600000|  0%| F|  |TAMS 0x000000070b500000, 0x000000070b500000| Untracked 
| 118|0x000000070b600000, 0x000000070b600000, 0x000000070b700000|  0%| F|  |TAMS 0x000000070b600000, 0x000000070b600000| Untracked 
| 119|0x000000070b700000, 0x000000070b700000, 0x000000070b800000|  0%| F|  |TAMS 0x000000070b700000, 0x000000070b700000| Untracked 
| 120|0x000000070b800000, 0x000000070b800000, 0x000000070b900000|  0%| F|  |TAMS 0x000000070b800000, 0x000000070b800000| Untracked 
| 121|0x000000070b900000, 0x000000070b900000, 0x000000070ba00000|  0%| F|  |TAMS 0x000000070b900000, 0x000000070b900000| Untracked 
| 122|0x000000070ba00000, 0x000000070ba00000, 0x000000070bb00000|  0%| F|  |TAMS 0x000000070ba00000, 0x000000070ba00000| Untracked 
| 123|0x000000070bb00000, 0x000000070bb00000, 0x000000070bc00000|  0%| F|  |TAMS 0x000000070bb00000, 0x000000070bb00000| Untracked 
| 124|0x000000070bc00000, 0x000000070bc00000, 0x000000070bd00000|  0%| F|  |TAMS 0x000000070bc00000, 0x000000070bc00000| Untracked 
| 125|0x000000070bd00000, 0x000000070bd00000, 0x000000070be00000|  0%| F|  |TAMS 0x000000070bd00000, 0x000000070bd00000| Untracked 
| 126|0x000000070be00000, 0x000000070be00000, 0x000000070bf00000|  0%| F|  |TAMS 0x000000070be00000, 0x000000070be00000| Untracked 
| 127|0x000000070bf00000, 0x000000070bf00000, 0x000000070c000000|  0%| F|  |TAMS 0x000000070bf00000, 0x000000070bf00000| Untracked 
| 128|0x000000070c000000, 0x000000070c000000, 0x000000070c100000|  0%| F|  |TAMS 0x000000070c000000, 0x000000070c000000| Untracked 
| 129|0x000000070c100000, 0x000000070c100000, 0x000000070c200000|  0%| F|  |TAMS 0x000000070c100000, 0x000000070c100000| Untracked 
| 130|0x000000070c200000, 0x000000070c200000, 0x000000070c300000|  0%| F|  |TAMS 0x000000070c200000, 0x000000070c200000| Untracked 
| 131|0x000000070c300000, 0x000000070c300000, 0x000000070c400000|  0%| F|  |TAMS 0x000000070c300000, 0x000000070c300000| Untracked 
| 132|0x000000070c400000, 0x000000070c400000, 0x000000070c500000|  0%| F|  |TAMS 0x000000070c400000, 0x000000070c400000| Untracked 
| 133|0x000000070c500000, 0x000000070c500000, 0x000000070c600000|  0%| F|  |TAMS 0x000000070c500000, 0x000000070c500000| Untracked 
| 134|0x000000070c600000, 0x000000070c600000, 0x000000070c700000|  0%| F|  |TAMS 0x000000070c600000, 0x000000070c600000| Untracked 
| 135|0x000000070c700000, 0x000000070c700000, 0x000000070c800000|  0%| F|  |TAMS 0x000000070c700000, 0x000000070c700000| Untracked 
| 136|0x000000070c800000, 0x000000070c800000, 0x000000070c900000|  0%| F|  |TAMS 0x000000070c800000, 0x000000070c800000| Untracked 
| 137|0x000000070c900000, 0x000000070c900000, 0x000000070ca00000|  0%| F|  |TAMS 0x000000070c900000, 0x000000070c900000| Untracked 
| 138|0x000000070ca00000, 0x000000070ca00000, 0x000000070cb00000|  0%| F|  |TAMS 0x000000070ca00000, 0x000000070ca00000| Untracked 
| 139|0x000000070cb00000, 0x000000070cb00000, 0x000000070cc00000|  0%| F|  |TAMS 0x000000070cb00000, 0x000000070cb00000| Untracked 
| 140|0x000000070cc00000, 0x000000070cc00000, 0x000000070cd00000|  0%| F|  |TAMS 0x000000070cc00000, 0x000000070cc00000| Untracked 
| 141|0x000000070cd00000, 0x000000070cd00000, 0x000000070ce00000|  0%| F|  |TAMS 0x000000070cd00000, 0x000000070cd00000| Untracked 
| 142|0x000000070ce00000, 0x000000070ce00000, 0x000000070cf00000|  0%| F|  |TAMS 0x000000070ce00000, 0x000000070ce00000| Untracked 
| 143|0x000000070cf00000, 0x000000070cf00000, 0x000000070d000000|  0%| F|  |TAMS 0x000000070cf00000, 0x000000070cf00000| Untracked 
| 144|0x000000070d000000, 0x000000070d000000, 0x000000070d100000|  0%| F|  |TAMS 0x000000070d000000, 0x000000070d000000| Untracked 
| 145|0x000000070d100000, 0x000000070d100000, 0x000000070d200000|  0%| F|  |TAMS 0x000000070d100000, 0x000000070d100000| Untracked 
| 146|0x000000070d200000, 0x000000070d200000, 0x000000070d300000|  0%| F|  |TAMS 0x000000070d200000, 0x000000070d200000| Untracked 
| 147|0x000000070d300000, 0x000000070d300000, 0x000000070d400000|  0%| F|  |TAMS 0x000000070d300000, 0x000000070d300000| Untracked 
| 148|0x000000070d400000, 0x000000070d400000, 0x000000070d500000|  0%| F|  |TAMS 0x000000070d400000, 0x000000070d400000| Untracked 
| 149|0x000000070d500000, 0x000000070d500000, 0x000000070d600000|  0%| F|  |TAMS 0x000000070d500000, 0x000000070d500000| Untracked 
| 150|0x000000070d600000, 0x000000070d600000, 0x000000070d700000|  0%| F|  |TAMS 0x000000070d600000, 0x000000070d600000| Untracked 
| 151|0x000000070d700000, 0x000000070d700000, 0x000000070d800000|  0%| F|  |TAMS 0x000000070d700000, 0x000000070d700000| Untracked 
| 152|0x000000070d800000, 0x000000070d800000, 0x000000070d900000|  0%| F|  |TAMS 0x000000070d800000, 0x000000070d800000| Untracked 
| 153|0x000000070d900000, 0x000000070d900000, 0x000000070da00000|  0%| F|  |TAMS 0x000000070d900000, 0x000000070d900000| Untracked 
| 154|0x000000070da00000, 0x000000070da00000, 0x000000070db00000|  0%| F|  |TAMS 0x000000070da00000, 0x000000070da00000| Untracked 
| 155|0x000000070db00000, 0x000000070db00000, 0x000000070dc00000|  0%| F|  |TAMS 0x000000070db00000, 0x000000070db00000| Untracked 
| 156|0x000000070dc00000, 0x000000070dc00000, 0x000000070dd00000|  0%| F|  |TAMS 0x000000070dc00000, 0x000000070dc00000| Untracked 
| 157|0x000000070dd00000, 0x000000070dd00000, 0x000000070de00000|  0%| F|  |TAMS 0x000000070dd00000, 0x000000070dd00000| Untracked 
| 158|0x000000070de00000, 0x000000070de00000, 0x000000070df00000|  0%| F|  |TAMS 0x000000070de00000, 0x000000070de00000| Untracked 
| 159|0x000000070df00000, 0x000000070df00000, 0x000000070e000000|  0%| F|  |TAMS 0x000000070df00000, 0x000000070df00000| Untracked 
| 160|0x000000070e000000, 0x000000070e000000, 0x000000070e100000|  0%| F|  |TAMS 0x000000070e000000, 0x000000070e000000| Untracked 
| 161|0x000000070e100000, 0x000000070e100000, 0x000000070e200000|  0%| F|  |TAMS 0x000000070e100000, 0x000000070e100000| Untracked 
| 162|0x000000070e200000, 0x000000070e200000, 0x000000070e300000|  0%| F|  |TAMS 0x000000070e200000, 0x000000070e200000| Untracked 
| 163|0x000000070e300000, 0x000000070e300000, 0x000000070e400000|  0%| F|  |TAMS 0x000000070e300000, 0x000000070e300000| Untracked 
| 164|0x000000070e400000, 0x000000070e400000, 0x000000070e500000|  0%| F|  |TAMS 0x000000070e400000, 0x000000070e400000| Untracked 
| 165|0x000000070e500000, 0x000000070e500000, 0x000000070e600000|  0%| F|  |TAMS 0x000000070e500000, 0x000000070e500000| Untracked 
| 166|0x000000070e600000, 0x000000070e600000, 0x000000070e700000|  0%| F|  |TAMS 0x000000070e600000, 0x000000070e600000| Untracked 
| 167|0x000000070e700000, 0x000000070e700000, 0x000000070e800000|  0%| F|  |TAMS 0x000000070e700000, 0x000000070e700000| Untracked 
| 168|0x000000070e800000, 0x000000070e800000, 0x000000070e900000|  0%| F|  |TAMS 0x000000070e800000, 0x000000070e800000| Untracked 
| 169|0x000000070e900000, 0x000000070e900000, 0x000000070ea00000|  0%| F|  |TAMS 0x000000070e900000, 0x000000070e900000| Untracked 
| 170|0x000000070ea00000, 0x000000070ea00000, 0x000000070eb00000|  0%| F|  |TAMS 0x000000070ea00000, 0x000000070ea00000| Untracked 
| 171|0x000000070eb00000, 0x000000070eb00000, 0x000000070ec00000|  0%| F|  |TAMS 0x000000070eb00000, 0x000000070eb00000| Untracked 
| 172|0x000000070ec00000, 0x000000070ec00000, 0x000000070ed00000|  0%| F|  |TAMS 0x000000070ec00000, 0x000000070ec00000| Untracked 
| 173|0x000000070ed00000, 0x000000070ed00000, 0x000000070ee00000|  0%| F|  |TAMS 0x000000070ed00000, 0x000000070ed00000| Untracked 
| 174|0x000000070ee00000, 0x000000070ee00000, 0x000000070ef00000|  0%| F|  |TAMS 0x000000070ee00000, 0x000000070ee00000| Untracked 
| 175|0x000000070ef00000, 0x000000070ef00000, 0x000000070f000000|  0%| F|  |TAMS 0x000000070ef00000, 0x000000070ef00000| Untracked 
| 176|0x000000070f000000, 0x000000070f000000, 0x000000070f100000|  0%| F|  |TAMS 0x000000070f000000, 0x000000070f000000| Untracked 
| 177|0x000000070f100000, 0x000000070f100000, 0x000000070f200000|  0%| F|  |TAMS 0x000000070f100000, 0x000000070f100000| Untracked 
| 178|0x000000070f200000, 0x000000070f200000, 0x000000070f300000|  0%| F|  |TAMS 0x000000070f200000, 0x000000070f200000| Untracked 
| 179|0x000000070f300000, 0x000000070f300000, 0x000000070f400000|  0%| F|  |TAMS 0x000000070f300000, 0x000000070f300000| Untracked 
| 180|0x000000070f400000, 0x000000070f400000, 0x000000070f500000|  0%| F|  |TAMS 0x000000070f400000, 0x000000070f400000| Untracked 
| 181|0x000000070f500000, 0x000000070f500000, 0x000000070f600000|  0%| F|  |TAMS 0x000000070f500000, 0x000000070f500000| Untracked 
| 182|0x000000070f600000, 0x000000070f600000, 0x000000070f700000|  0%| F|  |TAMS 0x000000070f600000, 0x000000070f600000| Untracked 
| 183|0x000000070f700000, 0x000000070f700000, 0x000000070f800000|  0%| F|  |TAMS 0x000000070f700000, 0x000000070f700000| Untracked 
| 184|0x000000070f800000, 0x000000070f800000, 0x000000070f900000|  0%| F|  |TAMS 0x000000070f800000, 0x000000070f800000| Untracked 
| 185|0x000000070f900000, 0x000000070f900000, 0x000000070fa00000|  0%| F|  |TAMS 0x000000070f900000, 0x000000070f900000| Untracked 
| 186|0x000000070fa00000, 0x000000070fa00000, 0x000000070fb00000|  0%| F|  |TAMS 0x000000070fa00000, 0x000000070fa00000| Untracked 
| 187|0x000000070fb00000, 0x000000070fb00000, 0x000000070fc00000|  0%| F|  |TAMS 0x000000070fb00000, 0x000000070fb00000| Untracked 
| 188|0x000000070fc00000, 0x000000070fc00000, 0x000000070fd00000|  0%| F|  |TAMS 0x000000070fc00000, 0x000000070fc00000| Untracked 
| 189|0x000000070fd00000, 0x000000070fd00000, 0x000000070fe00000|  0%| F|  |TAMS 0x000000070fd00000, 0x000000070fd00000| Untracked 
| 190|0x000000070fe00000, 0x000000070fe00000, 0x000000070ff00000|  0%| F|  |TAMS 0x000000070fe00000, 0x000000070fe00000| Untracked 
| 191|0x000000070ff00000, 0x000000070ff00000, 0x0000000710000000|  0%| F|  |TAMS 0x000000070ff00000, 0x000000070ff00000| Untracked 
| 192|0x0000000710000000, 0x0000000710000000, 0x0000000710100000|  0%| F|  |TAMS 0x0000000710000000, 0x0000000710000000| Untracked 
| 193|0x0000000710100000, 0x0000000710100000, 0x0000000710200000|  0%| F|  |TAMS 0x0000000710100000, 0x0000000710100000| Untracked 
| 194|0x0000000710200000, 0x0000000710200000, 0x0000000710300000|  0%| F|  |TAMS 0x0000000710200000, 0x0000000710200000| Untracked 
| 195|0x0000000710300000, 0x0000000710300000, 0x0000000710400000|  0%| F|  |TAMS 0x0000000710300000, 0x0000000710300000| Untracked 
| 196|0x0000000710400000, 0x0000000710400000, 0x0000000710500000|  0%| F|  |TAMS 0x0000000710400000, 0x0000000710400000| Untracked 
| 197|0x0000000710500000, 0x0000000710500000, 0x0000000710600000|  0%| F|  |TAMS 0x0000000710500000, 0x0000000710500000| Untracked 
| 198|0x0000000710600000, 0x0000000710600000, 0x0000000710700000|  0%| F|  |TAMS 0x0000000710600000, 0x0000000710600000| Untracked 
| 199|0x0000000710700000, 0x0000000710700000, 0x0000000710800000|  0%| F|  |TAMS 0x0000000710700000, 0x0000000710700000| Untracked 
| 200|0x0000000710800000, 0x0000000710800000, 0x0000000710900000|  0%| F|  |TAMS 0x0000000710800000, 0x0000000710800000| Untracked 
| 201|0x0000000710900000, 0x0000000710900000, 0x0000000710a00000|  0%| F|  |TAMS 0x0000000710900000, 0x0000000710900000| Untracked 
| 202|0x0000000710a00000, 0x0000000710a00000, 0x0000000710b00000|  0%| F|  |TAMS 0x0000000710a00000, 0x0000000710a00000| Untracked 
| 203|0x0000000710b00000, 0x0000000710b00000, 0x0000000710c00000|  0%| F|  |TAMS 0x0000000710b00000, 0x0000000710b00000| Untracked 
| 204|0x0000000710c00000, 0x0000000710c00000, 0x0000000710d00000|  0%| F|  |TAMS 0x0000000710c00000, 0x0000000710c00000| Untracked 
| 205|0x0000000710d00000, 0x0000000710d00000, 0x0000000710e00000|  0%| F|  |TAMS 0x0000000710d00000, 0x0000000710d00000| Untracked 
| 206|0x0000000710e00000, 0x0000000710e00000, 0x0000000710f00000|  0%| F|  |TAMS 0x0000000710e00000, 0x0000000710e00000| Untracked 
| 207|0x0000000710f00000, 0x0000000710f00000, 0x0000000711000000|  0%| F|  |TAMS 0x0000000710f00000, 0x0000000710f00000| Untracked 
| 208|0x0000000711000000, 0x0000000711000000, 0x0000000711100000|  0%| F|  |TAMS 0x0000000711000000, 0x0000000711000000| Untracked 
| 209|0x0000000711100000, 0x0000000711100000, 0x0000000711200000|  0%| F|  |TAMS 0x0000000711100000, 0x0000000711100000| Untracked 
| 210|0x0000000711200000, 0x0000000711200000, 0x0000000711300000|  0%| F|  |TAMS 0x0000000711200000, 0x0000000711200000| Untracked 
| 211|0x0000000711300000, 0x0000000711300000, 0x0000000711400000|  0%| F|  |TAMS 0x0000000711300000, 0x0000000711300000| Untracked 
| 212|0x0000000711400000, 0x0000000711400000, 0x0000000711500000|  0%| F|  |TAMS 0x0000000711400000, 0x0000000711400000| Untracked 
| 213|0x0000000711500000, 0x0000000711500000, 0x0000000711600000|  0%| F|  |TAMS 0x0000000711500000, 0x0000000711500000| Untracked 
| 214|0x0000000711600000, 0x0000000711600000, 0x0000000711700000|  0%| F|  |TAMS 0x0000000711600000, 0x0000000711600000| Untracked 
| 215|0x0000000711700000, 0x0000000711700000, 0x0000000711800000|  0%| F|  |TAMS 0x0000000711700000, 0x0000000711700000| Untracked 
| 216|0x0000000711800000, 0x0000000711800000, 0x0000000711900000|  0%| F|  |TAMS 0x0000000711800000, 0x0000000711800000| Untracked 
| 217|0x0000000711900000, 0x0000000711900000, 0x0000000711a00000|  0%| F|  |TAMS 0x0000000711900000, 0x0000000711900000| Untracked 
| 218|0x0000000711a00000, 0x0000000711a00000, 0x0000000711b00000|  0%| F|  |TAMS 0x0000000711a00000, 0x0000000711a00000| Untracked 
| 219|0x0000000711b00000, 0x0000000711b00000, 0x0000000711c00000|  0%| F|  |TAMS 0x0000000711b00000, 0x0000000711b00000| Untracked 
| 220|0x0000000711c00000, 0x0000000711c00000, 0x0000000711d00000|  0%| F|  |TAMS 0x0000000711c00000, 0x0000000711c00000| Untracked 
| 221|0x0000000711d00000, 0x0000000711d00000, 0x0000000711e00000|  0%| F|  |TAMS 0x0000000711d00000, 0x0000000711d00000| Untracked 
| 222|0x0000000711e00000, 0x0000000711e00000, 0x0000000711f00000|  0%| F|  |TAMS 0x0000000711e00000, 0x0000000711e00000| Untracked 
| 223|0x0000000711f00000, 0x0000000711f00000, 0x0000000712000000|  0%| F|  |TAMS 0x0000000711f00000, 0x0000000711f00000| Untracked 
| 224|0x0000000712000000, 0x0000000712000000, 0x0000000712100000|  0%| F|  |TAMS 0x0000000712000000, 0x0000000712000000| Untracked 
| 225|0x0000000712100000, 0x0000000712100000, 0x0000000712200000|  0%| F|  |TAMS 0x0000000712100000, 0x0000000712100000| Untracked 
| 226|0x0000000712200000, 0x0000000712200000, 0x0000000712300000|  0%| F|  |TAMS 0x0000000712200000, 0x0000000712200000| Untracked 
| 227|0x0000000712300000, 0x0000000712300000, 0x0000000712400000|  0%| F|  |TAMS 0x0000000712300000, 0x0000000712300000| Untracked 
| 228|0x0000000712400000, 0x0000000712400000, 0x0000000712500000|  0%| F|  |TAMS 0x0000000712400000, 0x0000000712400000| Untracked 
| 229|0x0000000712500000, 0x0000000712500000, 0x0000000712600000|  0%| F|  |TAMS 0x0000000712500000, 0x0000000712500000| Untracked 
| 230|0x0000000712600000, 0x0000000712600000, 0x0000000712700000|  0%| F|  |TAMS 0x0000000712600000, 0x0000000712600000| Untracked 
| 231|0x0000000712700000, 0x0000000712700000, 0x0000000712800000|  0%| F|  |TAMS 0x0000000712700000, 0x0000000712700000| Untracked 
| 232|0x0000000712800000, 0x0000000712800000, 0x0000000712900000|  0%| F|  |TAMS 0x0000000712800000, 0x0000000712800000| Untracked 
| 233|0x0000000712900000, 0x0000000712900000, 0x0000000712a00000|  0%| F|  |TAMS 0x0000000712900000, 0x0000000712900000| Untracked 
| 234|0x0000000712a00000, 0x0000000712a00000, 0x0000000712b00000|  0%| F|  |TAMS 0x0000000712a00000, 0x0000000712a00000| Untracked 
| 235|0x0000000712b00000, 0x0000000712b00000, 0x0000000712c00000|  0%| F|  |TAMS 0x0000000712b00000, 0x0000000712b00000| Untracked 
| 236|0x0000000712c00000, 0x0000000712c00000, 0x0000000712d00000|  0%| F|  |TAMS 0x0000000712c00000, 0x0000000712c00000| Untracked 
| 237|0x0000000712d00000, 0x0000000712d00000, 0x0000000712e00000|  0%| F|  |TAMS 0x0000000712d00000, 0x0000000712d00000| Untracked 
| 238|0x0000000712e00000, 0x0000000712e00000, 0x0000000712f00000|  0%| F|  |TAMS 0x0000000712e00000, 0x0000000712e00000| Untracked 
| 239|0x0000000712f00000, 0x0000000712f00000, 0x0000000713000000|  0%| F|  |TAMS 0x0000000712f00000, 0x0000000712f00000| Untracked 
| 240|0x0000000713000000, 0x0000000713000000, 0x0000000713100000|  0%| F|  |TAMS 0x0000000713000000, 0x0000000713000000| Untracked 
| 241|0x0000000713100000, 0x0000000713100000, 0x0000000713200000|  0%| F|  |TAMS 0x0000000713100000, 0x0000000713100000| Untracked 
| 242|0x0000000713200000, 0x0000000713200000, 0x0000000713300000|  0%| F|  |TAMS 0x0000000713200000, 0x0000000713200000| Untracked 
| 243|0x0000000713300000, 0x0000000713300000, 0x0000000713400000|  0%| F|  |TAMS 0x0000000713300000, 0x0000000713300000| Untracked 
| 244|0x0000000713400000, 0x0000000713400000, 0x0000000713500000|  0%| F|  |TAMS 0x0000000713400000, 0x0000000713400000| Untracked 
| 245|0x0000000713500000, 0x0000000713500000, 0x0000000713600000|  0%| F|  |TAMS 0x0000000713500000, 0x0000000713500000| Untracked 
| 246|0x0000000713600000, 0x000000071367b720, 0x0000000713700000| 48%| E|  |TAMS 0x0000000713600000, 0x0000000713600000| Complete 
| 247|0x0000000713700000, 0x0000000713800000, 0x0000000713800000|100%| E|CS|TAMS 0x0000000713700000, 0x0000000713700000| Complete 
| 248|0x0000000713800000, 0x0000000713900000, 0x0000000713900000|100%| E|CS|TAMS 0x0000000713800000, 0x0000000713800000| Complete 
| 249|0x0000000713900000, 0x0000000713a00000, 0x0000000713a00000|100%| E|CS|TAMS 0x0000000713900000, 0x0000000713900000| Complete 
| 250|0x0000000713a00000, 0x0000000713b00000, 0x0000000713b00000|100%| E|CS|TAMS 0x0000000713a00000, 0x0000000713a00000| Complete 
| 251|0x0000000713b00000, 0x0000000713c00000, 0x0000000713c00000|100%| E|CS|TAMS 0x0000000713b00000, 0x0000000713b00000| Complete 

Card table byte_map: [0x000002a9628d0000,0x000002a9630b0000] _byte_map_base: 0x000002a95f0b0000

Marking Bits (Prev, Next): (CMBitMap*) 0x000002a94a0ef0a8, (CMBitMap*) 0x000002a94a0ef0e8
 Prev Bits: [0x000002a963890000, 0x000002a967790000)
 Next Bits: [0x000002a967790000, 0x000002a96b690000)

Polling page: 0x000002a94a160000

Metaspace:

Usage:
  Non-class:      4.25 MB capacity,     1.86 MB ( 44%) used,     2.39 MB ( 56%) free+waste,     2.38 KB ( <1%) overhead. 
      Class:    480.00 KB capacity,   216.28 KB ( 45%) used,   262.03 KB ( 55%) free+waste,     1.69 KB ( <1%) overhead. 
       Both:      4.72 MB capacity,     2.07 MB ( 44%) used,     2.64 MB ( 56%) free+waste,     4.06 KB ( <1%) overhead. 

Virtual space:
  Non-class space:        8.00 MB reserved,       4.25 MB ( 53%) committed 
      Class space:        1.00 GB reserved,     512.00 KB ( <1%) committed 
             Both:        1.01 GB reserved,       4.75 MB ( <1%) committed 

Chunk freelists:
   Non-Class:  0 bytes
       Class:  0 bytes
        Both:  0 bytes

MaxMetaspaceSize: 17179869184.00 GB
CompressedClassSpaceSize: 1.00 GB

CodeHeap 'non-profiled nmethods': size=120000Kb used=186Kb max_used=186Kb free=119814Kb
 bounds [0x000002a95a080000, 0x000002a95a2f0000, 0x000002a9615b0000]
CodeHeap 'profiled nmethods': size=120000Kb used=773Kb max_used=773Kb free=119226Kb
 bounds [0x000002a952b50000, 0x000002a952dc0000, 0x000002a95a080000]
CodeHeap 'non-nmethods': size=5760Kb used=1162Kb max_used=1184Kb free=4598Kb
 bounds [0x000002a9525b0000, 0x000002a952820000, 0x000002a952b50000]
 total_blobs=1319 nmethods=488 adapters=306
 compilation: enabled
              stopped_count=0, restarted_count=0
 full_count=0

Compilation events (20 events):
Event: 1.803 Thread 0x000002a96e215000  480       3       java.lang.ThreadLocal$ThreadLocalMap::getEntry (42 bytes)
Event: 1.804 Thread 0x000002a96e215000 nmethod 480 0x000002a952c0d210 code [0x000002a952c0d3c0, 0x000002a952c0d710]
Event: 1.805 Thread 0x000002a96f390000 nmethod 454 0x000002a95a0aa690 code [0x000002a95a0aa860, 0x000002a95a0aba18]
Event: 1.806 Thread 0x000002a96e213000  481       4       net.iharder.Base64::decode4to3 (344 bytes)
Event: 1.806 Thread 0x000002a96e215000  482       3       sun.security.util.DerInputStream::getDefiniteLength (21 bytes)
Event: 1.807 Thread 0x000002a96e215000 nmethod 482 0x000002a952c0d890 code [0x000002a952c0da60, 0x000002a952c0de10]
Event: 1.807 Thread 0x000002a96e215000  483       3       sun.security.util.DerInputStream::getLength (9 bytes)
Event: 1.807 Thread 0x000002a96e215000 nmethod 483 0x000002a952c0df90 code [0x000002a952c0e140, 0x000002a952c0e380]
Event: 1.809 Thread 0x000002a96e215000  484       3       java.util.concurrent.ConcurrentHashMap::sumCount (60 bytes)
Event: 1.809 Thread 0x000002a96e215000 nmethod 484 0x000002a952c0e490 code [0x000002a952c0e640, 0x000002a952c0e918]
Event: 1.809 Thread 0x000002a96e215000  485       3       java.math.BigInteger::compareTo (71 bytes)
Event: 1.810 Thread 0x000002a96e215000 nmethod 485 0x000002a952c0ea10 code [0x000002a952c0ebe0, 0x000002a952c0ef20]
Event: 1.814 Thread 0x000002a96e213000 nmethod 481 0x000002a95a0ac490 code [0x000002a95a0ac640, 0x000002a95a0accb8]
Event: 1.821 Thread 0x000002a96ed96800 nmethod 478 0x000002a95a0ad190 code [0x000002a95a0ad340, 0x000002a95a0ae0d8]
Event: 2.161 Thread 0x000002a96e215000  486       3       java.nio.Buffer::<init> (99 bytes)
Event: 2.162 Thread 0x000002a96e215000 nmethod 486 0x000002a952c0f010 code [0x000002a952c0f2e0, 0x000002a952c10100]
Event: 2.226 Thread 0x000002a96e215000  487       3       java.util.Vector::elementData (7 bytes)
Event: 2.226 Thread 0x000002a96e215000 nmethod 487 0x000002a952c10590 code [0x000002a952c10740, 0x000002a952c108f8]
Event: 2.256 Thread 0x000002a96e215000  488       3       jdk.internal.misc.Unsafe::allocateUninitializedArray0 (90 bytes)
Event: 2.256 Thread 0x000002a96e215000 nmethod 488 0x000002a952c10a10 code [0x000002a952c10c00, 0x000002a952c11558]

GC Heap History (0 events):
No events

Deoptimization events (20 events):
Event: 1.773 Thread 0x000002a94a085000 DEOPT PACKING pc=0x000002a95a0a64fc sp=0x000000e87c6fece0
Event: 1.773 Thread 0x000002a94a085000 DEOPT UNPACKING pc=0x000002a9525b852f sp=0x000000e87c6feca8 mode 2
Event: 1.773 Thread 0x000002a94a085000 Uncommon trap: trap_request=0xffffffbe fr.pc=0x000002a95a0a64fc relative=0x0000000000000a3c
Event: 1.773 Thread 0x000002a94a085000 Uncommon trap: reason=profile_predicate action=maybe_recompile pc=0x000002a95a0a64fc method=java.math.BigInteger.montReduce([I[III)[I @ 56 c2
Event: 1.773 Thread 0x000002a94a085000 DEOPT PACKING pc=0x000002a95a0a64fc sp=0x000000e87c6fece0
Event: 1.773 Thread 0x000002a94a085000 DEOPT UNPACKING pc=0x000002a9525b852f sp=0x000000e87c6feca8 mode 2
Event: 1.773 Thread 0x000002a94a085000 Uncommon trap: trap_request=0xffffffbe fr.pc=0x000002a95a0a64fc relative=0x0000000000000a3c
Event: 1.773 Thread 0x000002a94a085000 Uncommon trap: reason=profile_predicate action=maybe_recompile pc=0x000002a95a0a64fc method=java.math.BigInteger.montReduce([I[III)[I @ 56 c2
Event: 1.773 Thread 0x000002a94a085000 DEOPT PACKING pc=0x000002a95a0a64fc sp=0x000000e87c6fece0
Event: 1.773 Thread 0x000002a94a085000 DEOPT UNPACKING pc=0x000002a9525b852f sp=0x000000e87c6feca8 mode 2
Event: 1.774 Thread 0x000002a94a085000 DEOPT PACKING pc=0x000002a952b8ba5f sp=0x000000e87c6ff1f0
Event: 1.774 Thread 0x000002a94a085000 DEOPT UNPACKING pc=0x000002a9525f845e sp=0x000000e87c6fe668 mode 0
Event: 1.795 Thread 0x000002a94a085000 Uncommon trap: trap_request=0xffffffbe fr.pc=0x000002a95a0aa064 relative=0x0000000000000924
Event: 1.795 Thread 0x000002a94a085000 Uncommon trap: reason=profile_predicate action=maybe_recompile pc=0x000002a95a0aa064 method=java.math.BigInteger.montReduce([I[III)[I @ 9 c2
Event: 1.795 Thread 0x000002a94a085000 DEOPT PACKING pc=0x000002a95a0aa064 sp=0x000000e87c6fecf0
Event: 1.795 Thread 0x000002a94a085000 DEOPT UNPACKING pc=0x000002a9525b852f sp=0x000000e87c6fecb0 mode 2
Event: 1.795 Thread 0x000002a94a085000 Uncommon trap: trap_request=0xffffffbe fr.pc=0x000002a95a0aa064 relative=0x0000000000000924
Event: 1.795 Thread 0x000002a94a085000 Uncommon trap: reason=profile_predicate action=maybe_recompile pc=0x000002a95a0aa064 method=java.math.BigInteger.montReduce([I[III)[I @ 9 c2
Event: 1.795 Thread 0x000002a94a085000 DEOPT PACKING pc=0x000002a95a0aa064 sp=0x000000e87c6fecf0
Event: 1.795 Thread 0x000002a94a085000 DEOPT UNPACKING pc=0x000002a9525b852f sp=0x000000e87c6fecb0 mode 2

Classes unloaded (0 events):
No events

Classes redefined (0 events):
No events

Internal exceptions (4 events):
Event: 1.144 Thread 0x000002a94a085000 Exception <a 'java/lang/NoSuchMethodError'{0x0000000713875da0}: 'java.lang.Object java.lang.invoke.DirectMethodHandle$Holder.invokeStaticInit(java.lang.Object, int, int, int, int)'> (0x0000000713875da0) 
thrown [t:/workspace/open/src/hotspot/share/interpreter/linkResolver.cpp, line 767]
Event: 1.145 Thread 0x000002a94a085000 Exception <a 'sun/nio/fs/WindowsException'{0x000000071387bbd8}> (0x000000071387bbd8) 
thrown [t:/workspace/open/src/hotspot/share/prims/jni.cpp, line 598]
Event: 1.147 Thread 0x000002a94a085000 Exception <a 'java/lang/NoSuchMethodError'{0x000000071387dfe0}: 'int java.lang.invoke.DirectMethodHandle$Holder.invokeSpecialIFC(java.lang.Object, java.lang.Object, int)'> (0x000000071387dfe0) 
thrown [t:/workspace/open/src/hotspot/share/interpreter/linkResolver.cpp, line 767]
Event: 1.717 Thread 0x000002a94a085000 Exception <a 'java/lang/NoSuchMethodError'{0x0000000713763c90}: 'java.lang.Object java.lang.invoke.DirectMethodHandle$Holder.invokeStaticInit(java.lang.Object, java.lang.Object, int, int, int, int)'> (0x0000000713763c90) 
thrown [t:/workspace/open/src/hotspot/share/interpreter/linkResolver.cpp, line 767]

Events (20 events):
Event: 1.783 loading class jdk/internal/reflect/ClassFileAssembler
Event: 1.783 loading class jdk/internal/reflect/ClassFileAssembler done
Event: 1.783 loading class jdk/internal/reflect/UTF8
Event: 1.783 loading class jdk/internal/reflect/UTF8 done
Event: 1.784 loading class jdk/internal/reflect/Label
Event: 1.784 loading class jdk/internal/reflect/Label done
Event: 1.784 loading class jdk/internal/reflect/Label$PatchInfo
Event: 1.784 loading class jdk/internal/reflect/Label$PatchInfo done
Event: 1.784 loading class jdk/internal/reflect/MethodAccessorGenerator$1
Event: 1.784 loading class jdk/internal/reflect/MethodAccessorGenerator$1 done
Event: 1.785 loading class jdk/internal/reflect/ClassDefiner
Event: 1.785 loading class jdk/internal/reflect/ClassDefiner done
Event: 1.785 loading class jdk/internal/reflect/ClassDefiner$1
Event: 1.785 loading class jdk/internal/reflect/ClassDefiner$1 done
Event: 1.785 loading class jdk/internal/reflect/BootstrapConstructorAccessorImpl
Event: 1.785 loading class jdk/internal/reflect/BootstrapConstructorAccessorImpl done
Event: 2.162 Thread 0x000002a96f390000 Thread exited: 0x000002a96f390000
Event: 2.162 Thread 0x000002a96ed96800 Thread exited: 0x000002a96ed96800
Event: 2.256 loading class com/ocrown/chatmsg/ChatMsg
Event: 2.256 loading class com/ocrown/chatmsg/ChatMsg done


Dynamic libraries:
0x00007ff6e9940000 - 0x00007ff6e994f000 	D:\Program Files (x86)\java\jdk-13.0.2\bin\java.exe
0x00007ffbca590000 - 0x00007ffbca786000 	C:\WINDOWS\SYSTEM32\ntdll.dll
0x00007ffbc9fb0000 - 0x00007ffbca06d000 	C:\WINDOWS\System32\KERNEL32.DLL
0x00007ffbc7d50000 - 0x00007ffbc8019000 	C:\WINDOWS\System32\KERNELBASE.dll
0x00007ffbc8250000 - 0x00007ffbc8350000 	C:\WINDOWS\System32\ucrtbase.dll
0x00007ffbb6e40000 - 0x00007ffbb6e58000 	D:\Program Files (x86)\java\jdk-13.0.2\bin\jli.dll
0x00007ffbb40b0000 - 0x00007ffbb40c5000 	D:\Program Files (x86)\java\jdk-13.0.2\bin\VCRUNTIME140.dll
0x00007ffbc8cd0000 - 0x00007ffbc8d7c000 	C:\WINDOWS\System32\ADVAPI32.dll
0x00007ffbc8c30000 - 0x00007ffbc8cce000 	C:\WINDOWS\System32\msvcrt.dll
0x00007ffbca4b0000 - 0x00007ffbca54c000 	C:\WINDOWS\System32\sechost.dll
0x00007ffbc93d0000 - 0x00007ffbc94fb000 	C:\WINDOWS\System32\RPCRT4.dll
0x00007ffbc9210000 - 0x00007ffbc93b0000 	C:\WINDOWS\System32\USER32.dll
0x00007ffbc8400000 - 0x00007ffbc8422000 	C:\WINDOWS\System32\win32u.dll
0x00007ffbca480000 - 0x00007ffbca4aa000 	C:\WINDOWS\System32\GDI32.dll
0x00007ffbc8140000 - 0x00007ffbc824b000 	C:\WINDOWS\System32\gdi32full.dll
0x00007ffbc80a0000 - 0x00007ffbc813d000 	C:\WINDOWS\System32\msvcp_win.dll
0x00007ffbb0610000 - 0x00007ffbb08ab000 	C:\WINDOWS\WinSxS\amd64_microsoft.windows.common-controls_6595b64144ccf1df_6.0.19041.746_none_ca02b4b61b8320a4\COMCTL32.dll
0x00007ffbbb790000 - 0x00007ffbbb79a000 	C:\WINDOWS\SYSTEM32\VERSION.dll
0x00007ffbca450000 - 0x00007ffbca480000 	C:\WINDOWS\System32\IMM32.DLL
0x00007ffb96770000 - 0x00007ffb9680b000 	D:\Program Files (x86)\java\jdk-13.0.2\bin\msvcp140.dll
0x00007ffb5ba90000 - 0x00007ffb5c5ed000 	D:\Program Files (x86)\java\jdk-13.0.2\bin\server\jvm.dll
0x00007ffbc86a0000 - 0x00007ffbc86a8000 	C:\WINDOWS\System32\PSAPI.DLL
0x00007ffbb4c50000 - 0x00007ffbb4c59000 	C:\WINDOWS\SYSTEM32\WSOCK32.dll
0x00007ffbaf990000 - 0x00007ffbaf9b7000 	C:\WINDOWS\SYSTEM32\WINMM.dll
0x00007ffbc95e0000 - 0x00007ffbc964b000 	C:\WINDOWS\System32\WS2_32.dll
0x00007ffbc6560000 - 0x00007ffbc6572000 	C:\WINDOWS\SYSTEM32\kernel.appcore.dll
0x00007ffbb3a80000 - 0x00007ffbb3a90000 	D:\Program Files (x86)\java\jdk-13.0.2\bin\verify.dll
0x00007ffbc5a60000 - 0x00007ffbc5c44000 	C:\WINDOWS\SYSTEM32\DBGHELP.DLL
0x00007ffba71a0000 - 0x00007ffba71cc000 	C:\WINDOWS\SYSTEM32\dbgcore.DLL
0x00007ffbc7cd0000 - 0x00007ffbc7d50000 	C:\WINDOWS\System32\bcryptPrimitives.dll
0x00007ffbafc00000 - 0x00007ffbafc26000 	D:\Program Files (x86)\java\jdk-13.0.2\bin\java.dll
0x00007ffbb2c20000 - 0x00007ffbb2c37000 	D:\Program Files (x86)\java\jdk-13.0.2\bin\zip.dll
0x00007ffbb3a70000 - 0x00007ffbb3a7a000 	D:\Program Files (x86)\java\jdk-13.0.2\bin\jimage.dll
0x00007ffbc9860000 - 0x00007ffbc9fa2000 	C:\WINDOWS\System32\SHELL32.dll
0x00007ffbc5dc0000 - 0x00007ffbc6550000 	C:\WINDOWS\SYSTEM32\windows.storage.dll
0x00007ffbca0f0000 - 0x00007ffbca446000 	C:\WINDOWS\System32\combase.dll
0x00007ffbc7660000 - 0x00007ffbc768c000 	C:\WINDOWS\SYSTEM32\Wldp.dll
0x00007ffbc8b80000 - 0x00007ffbc8c2e000 	C:\WINDOWS\System32\SHCORE.dll
0x00007ffbc9650000 - 0x00007ffbc96a5000 	C:\WINDOWS\System32\shlwapi.dll
0x00007ffbc7c00000 - 0x00007ffbc7c26000 	C:\WINDOWS\SYSTEM32\profapi.dll
0x00007ffb8b490000 - 0x00007ffb8b533000 	D:\work\2021_1_27\finance\WeWorkFinanceSdk.dll
0x00007ffb57b00000 - 0x00007ffb57c3c000 	D:\work\2021_1_27\finance\libcurl-x64.dll
0x00007ffb474d0000 - 0x00007ffb47789000 	D:\work\2021_1_27\finance\libcrypto-1_1-x64.dll
0x00007ffbc8430000 - 0x00007ffbc8586000 	C:\WINDOWS\System32\CRYPT32.dll
0x00007ffbc93b0000 - 0x00007ffbc93b8000 	C:\WINDOWS\System32\Normaliz.dll
0x00007ffbc9520000 - 0x00007ffbc9576000 	C:\WINDOWS\System32\WLDAP32.dll
0x00007ffb8ac40000 - 0x00007ffb8acce000 	D:\work\2021_1_27\finance\libssl-1_1-x64.dll
0x00007ffba71d0000 - 0x00007ffba71dc000 	C:\WINDOWS\SYSTEM32\VCRUNTIME140_1.dll
0x00007ffba76d0000 - 0x00007ffba76dc000 	C:\WINDOWS\SYSTEM32\secur32.dll
0x00007ffbc7b80000 - 0x00007ffbc7bbc000 	C:\WINDOWS\SYSTEM32\SSPICLI.DLL
0x00007ffbc70f0000 - 0x00007ffbc712b000 	C:\WINDOWS\SYSTEM32\iphlpapi.dll
0x00007ffbc7450000 - 0x00007ffbc74ba000 	C:\WINDOWS\system32\mswsock.dll
0x00007ffbc7150000 - 0x00007ffbc721b000 	C:\WINDOWS\SYSTEM32\DNSAPI.dll
0x00007ffbc93c0000 - 0x00007ffbc93c8000 	C:\WINDOWS\System32\NSI.dll
0x00007ffbba130000 - 0x00007ffbba13a000 	C:\Windows\System32\rasadhlp.dll
0x00007ffbb96a0000 - 0x00007ffbb971f000 	C:\WINDOWS\System32\fwpuclnt.dll
0x00007ffbc8020000 - 0x00007ffbc8047000 	C:\WINDOWS\System32\bcrypt.dll
0x00007ffbc76a0000 - 0x00007ffbc76b8000 	C:\WINDOWS\SYSTEM32\CRYPTSP.dll
0x00007ffbc6da0000 - 0x00007ffbc6dd4000 	C:\WINDOWS\system32\rsaenh.dll
0x00007ffbc75d0000 - 0x00007ffbc75dc000 	C:\WINDOWS\SYSTEM32\CRYPTBASE.dll
0x00007ffbb0b60000 - 0x00007ffbb0b79000 	D:\Program Files (x86)\java\jdk-13.0.2\bin\net.dll
0x00007ffbbf170000 - 0x00007ffbbf270000 	C:\WINDOWS\SYSTEM32\WINHTTP.dll
0x00007ffbaf2e0000 - 0x00007ffbaf2f3000 	D:\Program Files (x86)\java\jdk-13.0.2\bin\nio.dll
0x00007ffbba140000 - 0x00007ffbba14e000 	D:\Program Files (x86)\java\jdk-13.0.2\bin\sunmscapi.dll
0x00007ffbc77a0000 - 0x00007ffbc77c7000 	C:\WINDOWS\SYSTEM32\ncrypt.dll
0x00007ffbc7760000 - 0x00007ffbc779b000 	C:\WINDOWS\SYSTEM32\NTASN1.dll
0x00007ffba1180000 - 0x00007ffba11a5000 	D:\Program Files (x86)\java\jdk-13.0.2\bin\sunec.dll
0x00007ffbc7bc0000 - 0x00007ffbc7bee000 	C:\WINDOWS\SYSTEM32\USERENV.dll
0x00007ffbbc650000 - 0x00007ffbbc667000 	C:\WINDOWS\SYSTEM32\dhcpcsvc6.DLL
0x00007ffbbc2e0000 - 0x00007ffbbc2fd000 	C:\WINDOWS\SYSTEM32\dhcpcsvc.DLL

dbghelp: loaded successfully - version: 4.0.5 - missing functions: none
symbol engine: initialized successfully - sym options: 0x614 - pdb path: .;D:\Program Files (x86)\java\jdk-13.0.2\bin;C:\WINDOWS\SYSTEM32;C:\WINDOWS\WinSxS\amd64_microsoft.windows.common-controls_6595b64144ccf1df_6.0.19041.746_none_ca02b4b61b8320a4;D:\Program Files (x86)\java\jdk-13.0.2\bin\server;D:\work\2021_1_27\finance

VM Arguments:
jvm_args: -Dfile.encoding=UTF-8 
java_command: com.ocrown.Main
java_class_path (initial): D:\work\2021_1_27\finance\target\classes;C:\Users\a8700\.m2\repository\org\springframework\boot\spring-boot-starter\2.4.2\spring-boot-starter-2.4.2.jar;C:\Users\a8700\.m2\repository\org\springframework\boot\spring-boot\2.4.2\spring-boot-2.4.2.jar;C:\Users\a8700\.m2\repository\org\springframework\spring-context\5.3.3\spring-context-5.3.3.jar;C:\Users\a8700\.m2\repository\org\springframework\spring-aop\5.3.3\spring-aop-5.3.3.jar;C:\Users\a8700\.m2\repository\org\springframework\spring-beans\5.3.3\spring-beans-5.3.3.jar;C:\Users\a8700\.m2\repository\org\springframework\spring-expression\5.3.3\spring-expression-5.3.3.jar;C:\Users\a8700\.m2\repository\org\springframework\boot\spring-boot-autoconfigure\2.4.2\spring-boot-autoconfigure-2.4.2.jar;C:\Users\a8700\.m2\repository\org\springframework\boot\spring-boot-starter-logging\2.4.2\spring-boot-starter-logging-2.4.2.jar;C:\Users\a8700\.m2\repository\ch\qos\logback\logback-classic\1.2.3\logback-classic-1.2.3.jar;C:\Users\a8700\.m2\repository\ch\qos\logback\logback-core\1.2.3\logback-core-1.2.3.jar;C:\Users\a8700\.m2\repository\org\apache\logging\log4j\log4j-to-slf4j\2.13.3\log4j-to-slf4j-2.13.3.jar;C:\Users\a8700\.m2\repository\org\apache\logging\log4j\log4j-api\2.13.3\log4j-api-2.13.3.jar;C:\Users\a8700\.m2\repository\org\slf4j\jul-to-slf4j\1.7.30\jul-to-slf4j-1.7.30.jar;C:\Users\a8700\.m2\repository\jakarta\annotation\jakarta.annotation-api\1.3.5\jakarta.annotation-api-1.3.5.jar;C:\Users\a8700\.m2\repository\org\springframework\spring-core\5.3.3\spring-core-5.3.3.jar;C:\Users\a8700\.m2\repository\org\springframework\spring-jcl\5.3.3\spring-jcl-5.3.3.jar;C:\Users\a8700\.m2\repository\org\yaml\snakeyaml\1.27\snakeyaml-1.27.jar;C:\Users\a8700\.m2\repository\org\slf4j\slf4j-api\1.7.30\slf4j-api-1.7.30.jar;C:\Users\a8700\.m2\repository\net\iharder\base64\2.3.9\base64-2.3.9.jar;C:\Users\a8700\.m2\repository\mysql\mysql-connector-java\8.0.23\mysql-connector-java-8.0.23.jar
Launcher Type: SUN_STANDARD

[Global flags]
     intx CICompilerCount                          = 4                                         {product} {ergonomic}
     uint ConcGCThreads                            = 2                                         {product} {ergonomic}
     uint G1ConcRefinementThreads                  = 8                                         {product} {ergonomic}
   size_t G1HeapRegionSize                         = 1048576                                   {product} {ergonomic}
    uintx GCDrainStackTargetSize                   = 64                                        {product} {ergonomic}
   size_t InitialHeapSize                          = 264241152                                 {product} {ergonomic}
   size_t MarkStackSize                            = 4194304                                   {product} {ergonomic}
   size_t MaxHeapSize                              = 4227858432                                {product} {ergonomic}
   size_t MaxNewSize                               = 2536505344                                {product} {ergonomic}
   size_t MinHeapDeltaBytes                        = 1048576                                   {product} {ergonomic}
   size_t MinHeapSize                              = 8388608                                   {product} {ergonomic}
    uintx NonNMethodCodeHeapSize                   = 5839372                                {pd product} {ergonomic}
    uintx NonProfiledCodeHeapSize                  = 122909434                              {pd product} {ergonomic}
    uintx ProfiledCodeHeapSize                     = 122909434                              {pd product} {ergonomic}
    uintx ReservedCodeCacheSize                    = 251658240                              {pd product} {ergonomic}
     bool SegmentedCodeCache                       = true                                      {product} {ergonomic}
   size_t SoftMaxHeapSize                          = 4227858432                             {manageable} {ergonomic}
     bool UseCompressedClassPointers               = true                                 {lp64_product} {ergonomic}
     bool UseCompressedOops                        = true                                 {lp64_product} {ergonomic}
     bool UseG1GC                                  = true                                      {product} {ergonomic}
     bool UseLargePagesIndividualAllocation        = false                                  {pd product} {ergonomic}

Logging:
Log output configuration:
 #0: stdout all=warning uptime,level,tags
 #1: stderr all=off uptime,level,tags

Environment Variables:
JAVA_HOME=D:\Program Files (x86)\java\jdk-13.0.2
CLASSPATH=.;D:\Program Files (x86)\java\jdk-13.0.2\lib;D:\Program Files (x86)\java\jdk-13.0.2\lib\tools.jar;D:\Program Files\nodejs
PATH=C:\Windows\system32;C:\Windows;C:\Windows\System32\Wbem;C:\Windows\System32\WindowsPowerShell\v1.0\;C:\Windows\System32\OpenSSH\;C:\Program Files (x86)\NVIDIA Corporation\PhysX\Common;C:\Program Files\NVIDIA Corporation\NVIDIA NvDLISR;D:\Program Files (x86)\java\jdk-13.0.2\bin;D:\Program Files (x86)\java\jdk-13.0.2\jre\bin;D:\Program_Files\minGw\bin;D:\Program Files (x86)\apache-maven-3.6.3\bin;D:\Program Files\nodejs\;C:\Program Files\dotnet\;D:\Program_Files\gatling-charts-highcharts-bundle-3.3.1\bin;C:\WINDOWS\system32;C:\WINDOWS;C:\WINDOWS\System32\Wbem;C:\WINDOWS\System32\WindowsPowerShell\v1.0\;C:\WINDOWS\System32\OpenSSH\;D:\Program Files (x86)\Git\cmd;C:\Program Files\MySQL\MySQL Shell 8.0\bin\;C:\Users\a8700\AppData\Local\Microsoft\WindowsApps;D:\Program Files (x86)\Microsoft VS Code\bin;C:\Program Files\Bandizip\;D:\Program Files (x86)\apache-maven-3.6.3\bin;C:\Users\a8700\AppData\Roaming\npm;D:\Program Files\Docker Toolbox;
USERNAME=a8700
OS=Windows_NT
PROCESSOR_IDENTIFIER=Intel64 Family 6 Model 126 Stepping 5, GenuineIntel



---------------  S Y S T E M  ---------------

OS: Windows 10 , 64 bit Build 19041 (10.0.19041.782)
HyperV virtualization detected

CPU:total 8 (initial active 8) (4 cores per cpu, 2 threads per core) family 6 model 126 stepping 5, cmov, cx8, fxsr, mmx, sse, sse2, sse3, ssse3, sse4.1, sse4.2, popcnt, avx, avx2, aes, clmul, erms, 3dnowpref, lzcnt, ht, tsc, tscinvbit, bmi1, bmi2, adx, evex, sha, fma

Memory: 4k page, system-wide physical 16127M (8863M free)
TotalPageFile size 18559M (AvailPageFile size 7984M)
current process WorkingSet (physical memory assigned to process): 50M, peak: 51M
current process commit charge ("private bytes"): 349M, peak: 351M

vm_info: Java HotSpot(TM) 64-Bit Server VM (13.0.2+8) for windows-amd64 JRE (13.0.2+8), built on Dec 11 2019 09:20:33 by "mach5one" with unknown MS VC++:1916

END.
